L 01/02/2025 - 18:53:24: SourceMod log file session started (file "C:\Users\RobotComp.ru\Desktop\server\tf2\tf\addons\sourcemod\logs\L20250102.log") (Version "1.12.0.7176")
L 01/02/2025 - 18:53:24: [playercommands.smx] "Hamayumi aka:ALGA<2><[U:1:1104371193]><>" slapped "Hamayumi aka:ALGA<2><[U:1:1104371193]><>" (damage "0")
L 01/02/2025 - 18:53:24: [playercommands.smx] "Hamayumi aka:ALGA<2><[U:1:1104371193]><>" slapped "Hamayumi aka:ALGA<2><[U:1:1104371193]><>" (damage "0")
L 01/02/2025 - 18:53:25: [playercommands.smx] "Hamayumi aka:ALGA<2><[U:1:1104371193]><>" slapped "Hamayumi aka:ALGA<2><[U:1:1104371193]><>" (damage "0")
L 01/02/2025 - 18:53:25: [playercommands.smx] "Hamayumi aka:ALGA<2><[U:1:1104371193]><>" slapped "Hamayumi aka:ALGA<2><[U:1:1104371193]><>" (damage "0")
L 01/02/2025 - 18:53:25: [playercommands.smx] "Hamayumi aka:ALGA<2><[U:1:1104371193]><>" slapped "Hamayumi aka:ALGA<2><[U:1:1104371193]><>" (damage "0")
L 01/02/2025 - 18:53:25: [playercommands.smx] "Hamayumi aka:ALGA<2><[U:1:1104371193]><>" slapped "Hamayumi aka:ALGA<2><[U:1:1104371193]><>" (damage "0")
L 01/02/2025 - 18:53:26: [playercommands.smx] "Hamayumi aka:ALGA<2><[U:1:1104371193]><>" slapped "Hamayumi aka:ALGA<2><[U:1:1104371193]><>" (damage "0")
L 01/02/2025 - 18:53:26: [playercommands.smx] "Hamayumi aka:ALGA<2><[U:1:1104371193]><>" slapped "Hamayumi aka:ALGA<2><[U:1:1104371193]><>" (damage "0")
L 01/02/2025 - 18:53:27: [playercommands.smx] "Hamayumi aka:ALGA<2><[U:1:1104371193]><>" slapped "Hamayumi aka:ALGA<2><[U:1:1104371193]><>" (damage "0")
L 01/02/2025 - 18:53:27: [playercommands.smx] "Hamayumi aka:ALGA<2><[U:1:1104371193]><>" slapped "Hamayumi aka:ALGA<2><[U:1:1104371193]><>" (damage "0")
L 01/02/2025 - 18:53:27: [playercommands.smx] "Hamayumi aka:ALGA<2><[U:1:1104371193]><>" slapped "Hamayumi aka:ALGA<2><[U:1:1104371193]><>" (damage "0")
L 01/02/2025 - 18:53:27: [playercommands.smx] "Hamayumi aka:ALGA<2><[U:1:1104371193]><>" slapped "Hamayumi aka:ALGA<2><[U:1:1104371193]><>" (damage "0")
L 01/02/2025 - 18:53:28: [playercommands.smx] "Hamayumi aka:ALGA<2><[U:1:1104371193]><>" slapped "Hamayumi aka:ALGA<2><[U:1:1104371193]><>" (damage "0")
L 01/02/2025 - 18:53:28: [playercommands.smx] "Hamayumi aka:ALGA<2><[U:1:1104371193]><>" slapped "Hamayumi aka:ALGA<2><[U:1:1104371193]><>" (damage "0")
L 01/02/2025 - 18:53:29: [playercommands.smx] "Hamayumi aka:ALGA<2><[U:1:1104371193]><>" slapped "Hamayumi aka:ALGA<2><[U:1:1104371193]><>" (damage "0")
L 01/02/2025 - 18:53:29: [playercommands.smx] "Hamayumi aka:ALGA<2><[U:1:1104371193]><>" slapped "Hamayumi aka:ALGA<2><[U:1:1104371193]><>" (damage "0")
L 01/02/2025 - 18:53:29: [playercommands.smx] "Hamayumi aka:ALGA<2><[U:1:1104371193]><>" slapped "Hamayumi aka:ALGA<2><[U:1:1104371193]><>" (damage "0")
L 01/02/2025 - 18:53:29: [playercommands.smx] "Hamayumi aka:ALGA<2><[U:1:1104371193]><>" slapped "Hamayumi aka:ALGA<2><[U:1:1104371193]><>" (damage "0")
L 01/02/2025 - 18:53:29: [playercommands.smx] "Hamayumi aka:ALGA<2><[U:1:1104371193]><>" slapped "Hamayumi aka:ALGA<2><[U:1:1104371193]><>" (damage "0")
L 01/02/2025 - 18:53:30: [playercommands.smx] "Hamayumi aka:ALGA<2><[U:1:1104371193]><>" slapped "Hamayumi aka:ALGA<2><[U:1:1104371193]><>" (damage "0")
L 01/02/2025 - 18:53:30: [playercommands.smx] "Hamayumi aka:ALGA<2><[U:1:1104371193]><>" slapped "Hamayumi aka:ALGA<2><[U:1:1104371193]><>" (damage "0")
L 01/02/2025 - 18:53:30: [playercommands.smx] "Hamayumi aka:ALGA<2><[U:1:1104371193]><>" slapped "Hamayumi aka:ALGA<2><[U:1:1104371193]><>" (damage "0")
L 01/02/2025 - 18:53:30: [playercommands.smx] "Hamayumi aka:ALGA<2><[U:1:1104371193]><>" slapped "Hamayumi aka:ALGA<2><[U:1:1104371193]><>" (damage "0")
L 01/02/2025 - 18:53:31: [playercommands.smx] "Hamayumi aka:ALGA<2><[U:1:1104371193]><>" slapped "Hamayumi aka:ALGA<2><[U:1:1104371193]><>" (damage "0")
L 01/02/2025 - 18:53:31: [playercommands.smx] "Hamayumi aka:ALGA<2><[U:1:1104371193]><>" slapped "Hamayumi aka:ALGA<2><[U:1:1104371193]><>" (damage "0")
L 01/02/2025 - 18:53:31: [playercommands.smx] "Hamayumi aka:ALGA<2><[U:1:1104371193]><>" slapped "Hamayumi aka:ALGA<2><[U:1:1104371193]><>" (damage "0")
L 01/02/2025 - 18:53:31: [playercommands.smx] "Hamayumi aka:ALGA<2><[U:1:1104371193]><>" slapped "Hamayumi aka:ALGA<2><[U:1:1104371193]><>" (damage "0")
L 01/02/2025 - 18:53:32: [playercommands.smx] "Hamayumi aka:ALGA<2><[U:1:1104371193]><>" slapped "Hamayumi aka:ALGA<2><[U:1:1104371193]><>" (damage "0")
L 01/02/2025 - 18:53:32: [playercommands.smx] "Hamayumi aka:ALGA<2><[U:1:1104371193]><>" slapped "Hamayumi aka:ALGA<2><[U:1:1104371193]><>" (damage "0")
L 01/02/2025 - 18:53:33: [playercommands.smx] "Hamayumi aka:ALGA<2><[U:1:1104371193]><>" slapped "Hamayumi aka:ALGA<2><[U:1:1104371193]><>" (damage "0")
L 01/02/2025 - 18:53:33: [playercommands.smx] "Hamayumi aka:ALGA<2><[U:1:1104371193]><>" slapped "Hamayumi aka:ALGA<2><[U:1:1104371193]><>" (damage "0")
L 01/02/2025 - 18:53:34: [playercommands.smx] "Hamayumi aka:ALGA<2><[U:1:1104371193]><>" slapped "Hamayumi aka:ALGA<2><[U:1:1104371193]><>" (damage "0")
L 01/02/2025 - 18:53:34: [playercommands.smx] "Hamayumi aka:ALGA<2><[U:1:1104371193]><>" slapped "Hamayumi aka:ALGA<2><[U:1:1104371193]><>" (damage "0")
L 01/02/2025 - 18:53:34: [playercommands.smx] "Hamayumi aka:ALGA<2><[U:1:1104371193]><>" slapped "Hamayumi aka:ALGA<2><[U:1:1104371193]><>" (damage "0")
L 01/02/2025 - 18:53:35: [playercommands.smx] "Hamayumi aka:ALGA<2><[U:1:1104371193]><>" slapped "Hamayumi aka:ALGA<2><[U:1:1104371193]><>" (damage "0")
L 01/02/2025 - 18:53:35: [playercommands.smx] "Hamayumi aka:ALGA<2><[U:1:1104371193]><>" slapped "Hamayumi aka:ALGA<2><[U:1:1104371193]><>" (damage "0")
L 01/02/2025 - 18:53:35: [playercommands.smx] "Hamayumi aka:ALGA<2><[U:1:1104371193]><>" slapped "Hamayumi aka:ALGA<2><[U:1:1104371193]><>" (damage "0")
L 01/02/2025 - 18:53:36: [playercommands.smx] "Hamayumi aka:ALGA<2><[U:1:1104371193]><>" slapped "Hamayumi aka:ALGA<2><[U:1:1104371193]><>" (damage "0")
L 01/02/2025 - 18:53:36: [playercommands.smx] "Hamayumi aka:ALGA<2><[U:1:1104371193]><>" slapped "Hamayumi aka:ALGA<2><[U:1:1104371193]><>" (damage "0")
L 01/02/2025 - 18:53:37: [playercommands.smx] "Hamayumi aka:ALGA<2><[U:1:1104371193]><>" slapped "Hamayumi aka:ALGA<2><[U:1:1104371193]><>" (damage "0")
L 01/02/2025 - 18:53:37: [playercommands.smx] "Hamayumi aka:ALGA<2><[U:1:1104371193]><>" slapped "Hamayumi aka:ALGA<2><[U:1:1104371193]><>" (damage "0")
L 01/02/2025 - 18:53:37: [playercommands.smx] "Hamayumi aka:ALGA<2><[U:1:1104371193]><>" slapped "Hamayumi aka:ALGA<2><[U:1:1104371193]><>" (damage "0")
L 01/02/2025 - 18:53:37: [playercommands.smx] "Hamayumi aka:ALGA<2><[U:1:1104371193]><>" slapped "Hamayumi aka:ALGA<2><[U:1:1104371193]><>" (damage "0")
L 01/02/2025 - 18:53:38: [playercommands.smx] "Hamayumi aka:ALGA<2><[U:1:1104371193]><>" slapped "Hamayumi aka:ALGA<2><[U:1:1104371193]><>" (damage "0")
L 01/02/2025 - 18:53:38: [playercommands.smx] "Hamayumi aka:ALGA<2><[U:1:1104371193]><>" slapped "Hamayumi aka:ALGA<2><[U:1:1104371193]><>" (damage "0")
L 01/02/2025 - 18:53:38: [playercommands.smx] "Hamayumi aka:ALGA<2><[U:1:1104371193]><>" slapped "Hamayumi aka:ALGA<2><[U:1:1104371193]><>" (damage "0")
L 01/02/2025 - 18:53:38: [playercommands.smx] "Hamayumi aka:ALGA<2><[U:1:1104371193]><>" slapped "Hamayumi aka:ALGA<2><[U:1:1104371193]><>" (damage "0")
L 01/02/2025 - 18:53:39: [playercommands.smx] "Hamayumi aka:ALGA<2><[U:1:1104371193]><>" slapped "Hamayumi aka:ALGA<2><[U:1:1104371193]><>" (damage "0")
L 01/02/2025 - 18:53:39: [playercommands.smx] "Hamayumi aka:ALGA<2><[U:1:1104371193]><>" slapped "Hamayumi aka:ALGA<2><[U:1:1104371193]><>" (damage "0")
L 01/02/2025 - 18:53:39: [playercommands.smx] "Hamayumi aka:ALGA<2><[U:1:1104371193]><>" slapped "Hamayumi aka:ALGA<2><[U:1:1104371193]><>" (damage "0")
L 01/02/2025 - 18:53:39: [playercommands.smx] "Hamayumi aka:ALGA<2><[U:1:1104371193]><>" slapped "Hamayumi aka:ALGA<2><[U:1:1104371193]><>" (damage "0")
L 01/02/2025 - 18:53:39: [playercommands.smx] "Hamayumi aka:ALGA<2><[U:1:1104371193]><>" slapped "Hamayumi aka:ALGA<2><[U:1:1104371193]><>" (damage "0")
L 01/02/2025 - 18:53:40: [playercommands.smx] "Hamayumi aka:ALGA<2><[U:1:1104371193]><>" slapped "Hamayumi aka:ALGA<2><[U:1:1104371193]><>" (damage "0")
L 01/02/2025 - 18:53:40: [playercommands.smx] "Hamayumi aka:ALGA<2><[U:1:1104371193]><>" slapped "Hamayumi aka:ALGA<2><[U:1:1104371193]><>" (damage "0")
L 01/02/2025 - 18:53:40: [playercommands.smx] "Hamayumi aka:ALGA<2><[U:1:1104371193]><>" slapped "Hamayumi aka:ALGA<2><[U:1:1104371193]><>" (damage "0")
L 01/02/2025 - 18:53:40: [playercommands.smx] "Hamayumi aka:ALGA<2><[U:1:1104371193]><>" slapped "Hamayumi aka:ALGA<2><[U:1:1104371193]><>" (damage "0")
L 01/02/2025 - 18:53:40: [playercommands.smx] "Hamayumi aka:ALGA<2><[U:1:1104371193]><>" slapped "Hamayumi aka:ALGA<2><[U:1:1104371193]><>" (damage "0")
L 01/02/2025 - 18:53:41: [playercommands.smx] "Hamayumi aka:ALGA<2><[U:1:1104371193]><>" slapped "Hamayumi aka:ALGA<2><[U:1:1104371193]><>" (damage "0")
L 01/02/2025 - 18:53:41: [playercommands.smx] "Hamayumi aka:ALGA<2><[U:1:1104371193]><>" slapped "Hamayumi aka:ALGA<2><[U:1:1104371193]><>" (damage "0")
L 01/02/2025 - 18:53:41: [playercommands.smx] "Hamayumi aka:ALGA<2><[U:1:1104371193]><>" slapped "Hamayumi aka:ALGA<2><[U:1:1104371193]><>" (damage "0")
L 01/02/2025 - 18:53:42: [playercommands.smx] "Hamayumi aka:ALGA<2><[U:1:1104371193]><>" slapped "Hamayumi aka:ALGA<2><[U:1:1104371193]><>" (damage "0")
L 01/02/2025 - 18:53:42: [playercommands.smx] "Hamayumi aka:ALGA<2><[U:1:1104371193]><>" slapped "Hamayumi aka:ALGA<2><[U:1:1104371193]><>" (damage "0")
L 01/02/2025 - 18:53:42: [playercommands.smx] "Hamayumi aka:ALGA<2><[U:1:1104371193]><>" slapped "Hamayumi aka:ALGA<2><[U:1:1104371193]><>" (damage "0")
L 01/02/2025 - 18:53:42: [playercommands.smx] "Hamayumi aka:ALGA<2><[U:1:1104371193]><>" slapped "Hamayumi aka:ALGA<2><[U:1:1104371193]><>" (damage "0")
L 01/02/2025 - 18:53:43: [playercommands.smx] "Hamayumi aka:ALGA<2><[U:1:1104371193]><>" slapped "Hamayumi aka:ALGA<2><[U:1:1104371193]><>" (damage "0")
L 01/02/2025 - 18:53:43: [playercommands.smx] "Hamayumi aka:ALGA<2><[U:1:1104371193]><>" slapped "Hamayumi aka:ALGA<2><[U:1:1104371193]><>" (damage "0")
L 01/02/2025 - 18:53:43: [playercommands.smx] "Hamayumi aka:ALGA<2><[U:1:1104371193]><>" slapped "Hamayumi aka:ALGA<2><[U:1:1104371193]><>" (damage "0")
L 01/02/2025 - 18:53:43: [playercommands.smx] "Hamayumi aka:ALGA<2><[U:1:1104371193]><>" slapped "Hamayumi aka:ALGA<2><[U:1:1104371193]><>" (damage "0")
L 01/02/2025 - 18:53:43: [playercommands.smx] "Hamayumi aka:ALGA<2><[U:1:1104371193]><>" slapped "Hamayumi aka:ALGA<2><[U:1:1104371193]><>" (damage "0")
L 01/02/2025 - 18:53:43: [playercommands.smx] "Hamayumi aka:ALGA<2><[U:1:1104371193]><>" slapped "Hamayumi aka:ALGA<2><[U:1:1104371193]><>" (damage "0")
L 01/02/2025 - 18:53:44: [playercommands.smx] "Hamayumi aka:ALGA<2><[U:1:1104371193]><>" slapped "Hamayumi aka:ALGA<2><[U:1:1104371193]><>" (damage "0")
L 01/02/2025 - 18:53:44: [playercommands.smx] "Hamayumi aka:ALGA<2><[U:1:1104371193]><>" slapped "Hamayumi aka:ALGA<2><[U:1:1104371193]><>" (damage "0")
L 01/02/2025 - 18:53:44: [playercommands.smx] "Hamayumi aka:ALGA<2><[U:1:1104371193]><>" slapped "Hamayumi aka:ALGA<2><[U:1:1104371193]><>" (damage "0")
L 01/02/2025 - 18:53:44: [playercommands.smx] "Hamayumi aka:ALGA<2><[U:1:1104371193]><>" slapped "Hamayumi aka:ALGA<2><[U:1:1104371193]><>" (damage "0")
L 01/02/2025 - 18:53:44: [playercommands.smx] "Hamayumi aka:ALGA<2><[U:1:1104371193]><>" slapped "Hamayumi aka:ALGA<2><[U:1:1104371193]><>" (damage "0")
L 01/02/2025 - 18:53:44: [playercommands.smx] "Hamayumi aka:ALGA<2><[U:1:1104371193]><>" slapped "Hamayumi aka:ALGA<2><[U:1:1104371193]><>" (damage "0")
L 01/02/2025 - 18:53:45: [playercommands.smx] "Hamayumi aka:ALGA<2><[U:1:1104371193]><>" slapped "Hamayumi aka:ALGA<2><[U:1:1104371193]><>" (damage "0")
L 01/02/2025 - 18:53:45: [playercommands.smx] "Hamayumi aka:ALGA<2><[U:1:1104371193]><>" slapped "Hamayumi aka:ALGA<2><[U:1:1104371193]><>" (damage "0")
L 01/02/2025 - 18:53:45: [playercommands.smx] "Hamayumi aka:ALGA<2><[U:1:1104371193]><>" slapped "Hamayumi aka:ALGA<2><[U:1:1104371193]><>" (damage "0")
L 01/02/2025 - 18:53:45: [playercommands.smx] "Hamayumi aka:ALGA<2><[U:1:1104371193]><>" slapped "Hamayumi aka:ALGA<2><[U:1:1104371193]><>" (damage "0")
L 01/02/2025 - 18:53:45: [playercommands.smx] "Hamayumi aka:ALGA<2><[U:1:1104371193]><>" slapped "Hamayumi aka:ALGA<2><[U:1:1104371193]><>" (damage "0")
L 01/02/2025 - 18:53:45: [playercommands.smx] "Hamayumi aka:ALGA<2><[U:1:1104371193]><>" slapped "Hamayumi aka:ALGA<2><[U:1:1104371193]><>" (damage "0")
L 01/02/2025 - 18:53:45: [playercommands.smx] "Hamayumi aka:ALGA<2><[U:1:1104371193]><>" slapped "Hamayumi aka:ALGA<2><[U:1:1104371193]><>" (damage "0")
L 01/02/2025 - 18:53:46: [playercommands.smx] "Hamayumi aka:ALGA<2><[U:1:1104371193]><>" slapped "Hamayumi aka:ALGA<2><[U:1:1104371193]><>" (damage "0")
L 01/02/2025 - 18:53:46: [playercommands.smx] "Hamayumi aka:ALGA<2><[U:1:1104371193]><>" slapped "Hamayumi aka:ALGA<2><[U:1:1104371193]><>" (damage "0")
L 01/02/2025 - 18:53:46: [playercommands.smx] "Hamayumi aka:ALGA<2><[U:1:1104371193]><>" slapped "Hamayumi aka:ALGA<2><[U:1:1104371193]><>" (damage "0")
L 01/02/2025 - 18:53:46: [playercommands.smx] "Hamayumi aka:ALGA<2><[U:1:1104371193]><>" slapped "Hamayumi aka:ALGA<2><[U:1:1104371193]><>" (damage "0")
L 01/02/2025 - 18:53:46: [playercommands.smx] "Hamayumi aka:ALGA<2><[U:1:1104371193]><>" slapped "Hamayumi aka:ALGA<2><[U:1:1104371193]><>" (damage "0")
L 01/02/2025 - 18:53:46: [playercommands.smx] "Hamayumi aka:ALGA<2><[U:1:1104371193]><>" slapped "Hamayumi aka:ALGA<2><[U:1:1104371193]><>" (damage "0")
L 01/02/2025 - 18:53:46: [playercommands.smx] "Hamayumi aka:ALGA<2><[U:1:1104371193]><>" slapped "Hamayumi aka:ALGA<2><[U:1:1104371193]><>" (damage "0")
L 01/02/2025 - 18:53:47: [playercommands.smx] "Hamayumi aka:ALGA<2><[U:1:1104371193]><>" slapped "Hamayumi aka:ALGA<2><[U:1:1104371193]><>" (damage "0")
L 01/02/2025 - 18:53:47: [playercommands.smx] "Hamayumi aka:ALGA<2><[U:1:1104371193]><>" slapped "Hamayumi aka:ALGA<2><[U:1:1104371193]><>" (damage "0")
L 01/02/2025 - 18:53:47: [playercommands.smx] "Hamayumi aka:ALGA<2><[U:1:1104371193]><>" slapped "Hamayumi aka:ALGA<2><[U:1:1104371193]><>" (damage "0")
L 01/02/2025 - 18:53:47: [playercommands.smx] "Hamayumi aka:ALGA<2><[U:1:1104371193]><>" slapped "Hamayumi aka:ALGA<2><[U:1:1104371193]><>" (damage "0")
L 01/02/2025 - 18:53:47: [playercommands.smx] "Hamayumi aka:ALGA<2><[U:1:1104371193]><>" slapped "Hamayumi aka:ALGA<2><[U:1:1104371193]><>" (damage "0")
L 01/02/2025 - 18:53:52: [playercommands.smx] "Hamayumi aka:ALGA<2><[U:1:1104371193]><>" slapped "Hamayumi aka:ALGA<2><[U:1:1104371193]><>" (damage "0")
L 01/02/2025 - 18:53:52: [playercommands.smx] "Hamayumi aka:ALGA<2><[U:1:1104371193]><>" slapped "Hamayumi aka:ALGA<2><[U:1:1104371193]><>" (damage "0")
L 01/02/2025 - 18:53:53: [playercommands.smx] "Hamayumi aka:ALGA<2><[U:1:1104371193]><>" slapped "Hamayumi aka:ALGA<2><[U:1:1104371193]><>" (damage "0")
L 01/02/2025 - 18:53:53: [playercommands.smx] "Hamayumi aka:ALGA<2><[U:1:1104371193]><>" slapped "Hamayumi aka:ALGA<2><[U:1:1104371193]><>" (damage "0")
L 01/02/2025 - 18:53:53: [playercommands.smx] "Hamayumi aka:ALGA<2><[U:1:1104371193]><>" slapped "Hamayumi aka:ALGA<2><[U:1:1104371193]><>" (damage "0")
L 01/02/2025 - 18:53:53: [playercommands.smx] "Hamayumi aka:ALGA<2><[U:1:1104371193]><>" slapped "Hamayumi aka:ALGA<2><[U:1:1104371193]><>" (damage "0")
L 01/02/2025 - 18:53:53: [playercommands.smx] "Hamayumi aka:ALGA<2><[U:1:1104371193]><>" slapped "Hamayumi aka:ALGA<2><[U:1:1104371193]><>" (damage "0")
L 01/02/2025 - 18:53:54: [playercommands.smx] "Hamayumi aka:ALGA<2><[U:1:1104371193]><>" slapped "Hamayumi aka:ALGA<2><[U:1:1104371193]><>" (damage "0")
L 01/02/2025 - 18:53:54: [playercommands.smx] "Hamayumi aka:ALGA<2><[U:1:1104371193]><>" slapped "Hamayumi aka:ALGA<2><[U:1:1104371193]><>" (damage "0")
L 01/02/2025 - 18:53:54: [playercommands.smx] "Hamayumi aka:ALGA<2><[U:1:1104371193]><>" slapped "Hamayumi aka:ALGA<2><[U:1:1104371193]><>" (damage "0")
L 01/02/2025 - 18:53:54: [playercommands.smx] "Hamayumi aka:ALGA<2><[U:1:1104371193]><>" slapped "Hamayumi aka:ALGA<2><[U:1:1104371193]><>" (damage "0")
L 01/02/2025 - 18:53:54: [playercommands.smx] "Hamayumi aka:ALGA<2><[U:1:1104371193]><>" slapped "Hamayumi aka:ALGA<2><[U:1:1104371193]><>" (damage "0")
L 01/02/2025 - 18:53:54: [playercommands.smx] "Hamayumi aka:ALGA<2><[U:1:1104371193]><>" slapped "Hamayumi aka:ALGA<2><[U:1:1104371193]><>" (damage "0")
L 01/02/2025 - 18:53:54: [playercommands.smx] "Hamayumi aka:ALGA<2><[U:1:1104371193]><>" slapped "Hamayumi aka:ALGA<2><[U:1:1104371193]><>" (damage "0")
L 01/02/2025 - 18:53:55: [playercommands.smx] "Hamayumi aka:ALGA<2><[U:1:1104371193]><>" slapped "Hamayumi aka:ALGA<2><[U:1:1104371193]><>" (damage "0")
L 01/02/2025 - 18:53:55: [playercommands.smx] "Hamayumi aka:ALGA<2><[U:1:1104371193]><>" slapped "Hamayumi aka:ALGA<2><[U:1:1104371193]><>" (damage "0")
L 01/02/2025 - 18:53:55: [playercommands.smx] "Hamayumi aka:ALGA<2><[U:1:1104371193]><>" slapped "Hamayumi aka:ALGA<2><[U:1:1104371193]><>" (damage "0")
L 01/02/2025 - 18:53:55: [playercommands.smx] "Hamayumi aka:ALGA<2><[U:1:1104371193]><>" slapped "Hamayumi aka:ALGA<2><[U:1:1104371193]><>" (damage "0")
L 01/02/2025 - 18:53:55: [playercommands.smx] "Hamayumi aka:ALGA<2><[U:1:1104371193]><>" slapped "Hamayumi aka:ALGA<2><[U:1:1104371193]><>" (damage "0")
L 01/02/2025 - 18:53:55: [playercommands.smx] "Hamayumi aka:ALGA<2><[U:1:1104371193]><>" slapped "Hamayumi aka:ALGA<2><[U:1:1104371193]><>" (damage "0")
L 01/02/2025 - 18:53:55: [playercommands.smx] "Hamayumi aka:ALGA<2><[U:1:1104371193]><>" slapped "Hamayumi aka:ALGA<2><[U:1:1104371193]><>" (damage "0")
L 01/02/2025 - 18:53:56: [playercommands.smx] "Hamayumi aka:ALGA<2><[U:1:1104371193]><>" slapped "Hamayumi aka:ALGA<2><[U:1:1104371193]><>" (damage "0")
L 01/02/2025 - 18:53:56: [playercommands.smx] "Hamayumi aka:ALGA<2><[U:1:1104371193]><>" slapped "Hamayumi aka:ALGA<2><[U:1:1104371193]><>" (damage "0")
L 01/02/2025 - 18:53:56: [playercommands.smx] "Hamayumi aka:ALGA<2><[U:1:1104371193]><>" slapped "Hamayumi aka:ALGA<2><[U:1:1104371193]><>" (damage "0")
L 01/02/2025 - 18:53:56: [playercommands.smx] "Hamayumi aka:ALGA<2><[U:1:1104371193]><>" slapped "Hamayumi aka:ALGA<2><[U:1:1104371193]><>" (damage "0")
L 01/02/2025 - 18:53:56: [playercommands.smx] "Hamayumi aka:ALGA<2><[U:1:1104371193]><>" slapped "Hamayumi aka:ALGA<2><[U:1:1104371193]><>" (damage "0")
L 01/02/2025 - 18:53:57: [playercommands.smx] "Hamayumi aka:ALGA<2><[U:1:1104371193]><>" slapped "Hamayumi aka:ALGA<2><[U:1:1104371193]><>" (damage "0")
L 01/02/2025 - 18:53:58: [playercommands.smx] "Hamayumi aka:ALGA<2><[U:1:1104371193]><>" slapped "Hamayumi aka:ALGA<2><[U:1:1104371193]><>" (damage "0")
L 01/02/2025 - 18:53:58: [playercommands.smx] "Hamayumi aka:ALGA<2><[U:1:1104371193]><>" slapped "Hamayumi aka:ALGA<2><[U:1:1104371193]><>" (damage "0")
L 01/02/2025 - 18:53:58: [playercommands.smx] "Hamayumi aka:ALGA<2><[U:1:1104371193]><>" slapped "Hamayumi aka:ALGA<2><[U:1:1104371193]><>" (damage "0")
L 01/02/2025 - 18:53:58: [playercommands.smx] "Hamayumi aka:ALGA<2><[U:1:1104371193]><>" slapped "Hamayumi aka:ALGA<2><[U:1:1104371193]><>" (damage "0")
L 01/02/2025 - 18:53:58: [playercommands.smx] "Hamayumi aka:ALGA<2><[U:1:1104371193]><>" slapped "Hamayumi aka:ALGA<2><[U:1:1104371193]><>" (damage "0")
L 01/02/2025 - 18:53:59: [playercommands.smx] "Hamayumi aka:ALGA<2><[U:1:1104371193]><>" slapped "Hamayumi aka:ALGA<2><[U:1:1104371193]><>" (damage "0")
L 01/02/2025 - 18:53:59: [playercommands.smx] "Hamayumi aka:ALGA<2><[U:1:1104371193]><>" slapped "Hamayumi aka:ALGA<2><[U:1:1104371193]><>" (damage "0")
L 01/02/2025 - 18:54:02: [playercommands.smx] "Hamayumi aka:ALGA<2><[U:1:1104371193]><>" slapped "Hamayumi aka:ALGA<2><[U:1:1104371193]><>" (damage "0")
L 01/02/2025 - 18:54:02: [playercommands.smx] "Hamayumi aka:ALGA<2><[U:1:1104371193]><>" slapped "Hamayumi aka:ALGA<2><[U:1:1104371193]><>" (damage "0")
L 01/02/2025 - 18:54:05: [playercommands.smx] "Hamayumi aka:ALGA<2><[U:1:1104371193]><>" slapped "Hamayumi aka:ALGA<2><[U:1:1104371193]><>" (damage "0")
L 01/02/2025 - 18:54:05: [playercommands.smx] "Hamayumi aka:ALGA<2><[U:1:1104371193]><>" slapped "Hamayumi aka:ALGA<2><[U:1:1104371193]><>" (damage "0")
L 01/02/2025 - 18:54:05: [playercommands.smx] "Hamayumi aka:ALGA<2><[U:1:1104371193]><>" slapped "Hamayumi aka:ALGA<2><[U:1:1104371193]><>" (damage "0")
L 01/02/2025 - 18:54:05: [playercommands.smx] "Hamayumi aka:ALGA<2><[U:1:1104371193]><>" slapped "Hamayumi aka:ALGA<2><[U:1:1104371193]><>" (damage "0")
L 01/02/2025 - 18:54:08: [playercommands.smx] "Hamayumi aka:ALGA<2><[U:1:1104371193]><>" slapped "Hamayumi aka:ALGA<2><[U:1:1104371193]><>" (damage "0")
L 01/02/2025 - 18:54:10: [playercommands.smx] "Hamayumi aka:ALGA<2><[U:1:1104371193]><>" slapped "Hamayumi aka:ALGA<2><[U:1:1104371193]><>" (damage "0")
L 01/02/2025 - 18:54:11: [playercommands.smx] "Hamayumi aka:ALGA<2><[U:1:1104371193]><>" slapped "Hamayumi aka:ALGA<2><[U:1:1104371193]><>" (damage "0")
L 01/02/2025 - 18:54:11: [playercommands.smx] "Hamayumi aka:ALGA<2><[U:1:1104371193]><>" slapped "Hamayumi aka:ALGA<2><[U:1:1104371193]><>" (damage "0")
L 01/02/2025 - 18:54:11: [playercommands.smx] "Hamayumi aka:ALGA<2><[U:1:1104371193]><>" slapped "Hamayumi aka:ALGA<2><[U:1:1104371193]><>" (damage "0")
L 01/02/2025 - 18:54:11: [playercommands.smx] "Hamayumi aka:ALGA<2><[U:1:1104371193]><>" slapped "Hamayumi aka:ALGA<2><[U:1:1104371193]><>" (damage "0")
L 01/02/2025 - 18:54:11: [playercommands.smx] "Hamayumi aka:ALGA<2><[U:1:1104371193]><>" slapped "Hamayumi aka:ALGA<2><[U:1:1104371193]><>" (damage "0")
L 01/02/2025 - 18:54:12: [playercommands.smx] "Hamayumi aka:ALGA<2><[U:1:1104371193]><>" slapped "Hamayumi aka:ALGA<2><[U:1:1104371193]><>" (damage "0")
L 01/02/2025 - 18:54:12: [playercommands.smx] "Hamayumi aka:ALGA<2><[U:1:1104371193]><>" slapped "Hamayumi aka:ALGA<2><[U:1:1104371193]><>" (damage "0")
L 01/02/2025 - 18:54:12: [playercommands.smx] "Hamayumi aka:ALGA<2><[U:1:1104371193]><>" slapped "Hamayumi aka:ALGA<2><[U:1:1104371193]><>" (damage "0")
L 01/02/2025 - 18:54:12: [playercommands.smx] "Hamayumi aka:ALGA<2><[U:1:1104371193]><>" slapped "Hamayumi aka:ALGA<2><[U:1:1104371193]><>" (damage "0")
L 01/02/2025 - 18:54:12: [playercommands.smx] "Hamayumi aka:ALGA<2><[U:1:1104371193]><>" slapped "Hamayumi aka:ALGA<2><[U:1:1104371193]><>" (damage "0")
L 01/02/2025 - 18:54:13: [playercommands.smx] "Hamayumi aka:ALGA<2><[U:1:1104371193]><>" slapped "Hamayumi aka:ALGA<2><[U:1:1104371193]><>" (damage "0")
L 01/02/2025 - 18:54:13: [playercommands.smx] "Hamayumi aka:ALGA<2><[U:1:1104371193]><>" slapped "Hamayumi aka:ALGA<2><[U:1:1104371193]><>" (damage "0")
L 01/02/2025 - 18:54:13: [playercommands.smx] "Hamayumi aka:ALGA<2><[U:1:1104371193]><>" slapped "Hamayumi aka:ALGA<2><[U:1:1104371193]><>" (damage "0")
L 01/02/2025 - 18:54:13: [playercommands.smx] "Hamayumi aka:ALGA<2><[U:1:1104371193]><>" slapped "Hamayumi aka:ALGA<2><[U:1:1104371193]><>" (damage "0")
L 01/02/2025 - 18:54:14: [playercommands.smx] "Hamayumi aka:ALGA<2><[U:1:1104371193]><>" slapped "Hamayumi aka:ALGA<2><[U:1:1104371193]><>" (damage "0")
L 01/02/2025 - 18:54:14: [playercommands.smx] "Hamayumi aka:ALGA<2><[U:1:1104371193]><>" slapped "Hamayumi aka:ALGA<2><[U:1:1104371193]><>" (damage "0")
L 01/02/2025 - 18:54:14: [playercommands.smx] "Hamayumi aka:ALGA<2><[U:1:1104371193]><>" slapped "Hamayumi aka:ALGA<2><[U:1:1104371193]><>" (damage "0")
L 01/02/2025 - 18:54:14: [playercommands.smx] "Hamayumi aka:ALGA<2><[U:1:1104371193]><>" slapped "Hamayumi aka:ALGA<2><[U:1:1104371193]><>" (damage "0")
L 01/02/2025 - 18:54:14: [playercommands.smx] "Hamayumi aka:ALGA<2><[U:1:1104371193]><>" slapped "Hamayumi aka:ALGA<2><[U:1:1104371193]><>" (damage "0")
L 01/02/2025 - 18:54:14: [playercommands.smx] "Hamayumi aka:ALGA<2><[U:1:1104371193]><>" slapped "Hamayumi aka:ALGA<2><[U:1:1104371193]><>" (damage "0")
L 01/02/2025 - 18:54:15: [playercommands.smx] "Hamayumi aka:ALGA<2><[U:1:1104371193]><>" slapped "Hamayumi aka:ALGA<2><[U:1:1104371193]><>" (damage "0")
L 01/02/2025 - 18:54:16: [playercommands.smx] "Hamayumi aka:ALGA<2><[U:1:1104371193]><>" slapped "Hamayumi aka:ALGA<2><[U:1:1104371193]><>" (damage "0")
L 01/02/2025 - 18:54:16: [playercommands.smx] "Hamayumi aka:ALGA<2><[U:1:1104371193]><>" slapped "Hamayumi aka:ALGA<2><[U:1:1104371193]><>" (damage "0")
L 01/02/2025 - 18:54:16: [playercommands.smx] "Hamayumi aka:ALGA<2><[U:1:1104371193]><>" slapped "Hamayumi aka:ALGA<2><[U:1:1104371193]><>" (damage "0")
L 01/02/2025 - 19:00:12: SourceMod log file session started (file "C:\Users\RobotComp.ru\Desktop\server\tf2\tf\addons\sourcemod\logs\L20250102.log") (Version "1.12.0.7176")
L 01/02/2025 - 19:00:12: [TF2ITEMS] "GiveNamedItem" offset = 471
L 01/02/2025 - 19:00:17: [UPDATER] Successfully updated gamedata file "tf2.items.txt"
L 01/02/2025 - 19:00:17: [UPDATER] SourceMod has been updated, please reload it or restart your server.
L 01/02/2025 - 19:00:52: Log file closed.
L 01/02/2025 - 19:01:11: SourceMod log file session started (file "C:\Users\RobotComp.ru\Desktop\server\tf2\tf\addons\sourcemod\logs\L20250102.log") (Version "1.12.0.7176")
L 01/02/2025 - 19:01:11: [TF2ITEMS] "GiveNamedItem" offset = 486
L 01/02/2025 - 19:02:59: Log file closed.
L 01/02/2025 - 19:03:05: SourceMod log file session started (file "C:\Users\RobotComp.ru\Desktop\server\tf2\tf\addons\sourcemod\logs\L20250102.log") (Version "1.12.0.7176")
L 01/02/2025 - 19:03:05: [TF2ITEMS] "GiveNamedItem" offset = 486
L 01/02/2025 - 19:04:27: Log file closed.
L 01/02/2025 - 19:04:34: SourceMod log file session started (file "C:\Users\RobotComp.ru\Desktop\server\tf2\tf\addons\sourcemod\logs\L20250102.log") (Version "1.12.0.7176")
L 01/02/2025 - 19:04:34: [TF2ITEMS] "GiveNamedItem" offset = 486
L 01/02/2025 - 19:04:34: [vip-system.smx] [VIP] Configuration file loaded correctly! 3 commands are available.
L 01/02/2025 - 19:04:39: [vip-system.smx] [VIP] Configuration file loaded correctly! 3 commands are available.
L 01/02/2025 - 19:04:39: [UPDATER] Successfully updated gamedata file "tf2.items.txt"
L 01/02/2025 - 19:04:39: [UPDATER] SourceMod has been updated, please reload it or restart your server.
L 01/02/2025 - 19:04:57: Log file closed.
L 01/02/2025 - 19:05:03: SourceMod log file session started (file "C:\Users\RobotComp.ru\Desktop\server\tf2\tf\addons\sourcemod\logs\L20250102.log") (Version "1.12.0.7176")
L 01/02/2025 - 19:05:03: [TF2ITEMS] "GiveNamedItem" offset = 486
L 01/02/2025 - 19:05:03: [vip-system.smx] [VIP] Configuration file loaded correctly! 3 commands are available.
L 01/02/2025 - 19:05:08: [vip-system.smx] [VIP] Configuration file loaded correctly! 3 commands are available.
L 01/02/2025 - 19:08:02: SourceMod log file session started (file "C:\Users\RobotComp.ru\Desktop\server\tf2\tf\addons\sourcemod\logs\L20250102.log") (Version "1.12.0.7176")
L 01/02/2025 - 19:08:02: [TF2ITEMS] "GiveNamedItem" offset = 486
L 01/02/2025 - 19:08:02: [vip-system.smx] [VIP] Configuration file loaded correctly! 3 commands are available.
L 01/02/2025 - 19:08:07: [vip-system.smx] [VIP] Configuration file loaded correctly! 3 commands are available.
L 01/02/2025 - 19:09:06: SourceMod log file session started (file "C:\Users\RobotComp.ru\Desktop\server\tf2\tf\addons\sourcemod\logs\L20250102.log") (Version "1.12.0.7176")
L 01/02/2025 - 19:09:06: [TF2ITEMS] "GiveNamedItem" offset = 486
L 01/02/2025 - 19:09:06: [vip-system.smx] [VIP] Configuration file loaded correctly! 3 commands are available.
L 01/02/2025 - 19:09:11: [vip-system.smx] [VIP] Configuration file loaded correctly! 3 commands are available.
L 01/02/2025 - 19:10:19: SourceMod log file session started (file "C:\Users\RobotComp.ru\Desktop\server\tf2\tf\addons\sourcemod\logs\L20250102.log") (Version "1.12.0.7176")
L 01/02/2025 - 19:10:19: [TF2ITEMS] "GiveNamedItem" offset = 486
L 01/02/2025 - 19:10:19: [vip-system.smx] [VIP] Configuration file loaded correctly! 3 commands are available.
L 01/02/2025 - 19:10:24: [vip-system.smx] [VIP] Configuration file loaded correctly! 3 commands are available.
L 01/02/2025 - 19:10:37: Log file closed.
L 01/02/2025 - 19:10:45: SourceMod log file session started (file "C:\Users\RobotComp.ru\Desktop\server\tf2\tf\addons\sourcemod\logs\L20250102.log") (Version "1.12.0.7176")
L 01/02/2025 - 19:10:45: [TF2ITEMS] "GiveNamedItem" offset = 486
L 01/02/2025 - 19:10:45: [vip-system.smx] [VIP] Configuration file loaded correctly! 3 commands are available.
L 01/02/2025 - 19:10:50: [vip-system.smx] [VIP] Configuration file loaded correctly! 3 commands are available.
L 01/02/2025 - 19:14:51: SourceMod log file session started (file "C:\Users\RobotComp.ru\Desktop\server\tf2\tf\addons\sourcemod\logs\L20250102.log") (Version "1.12.0.7176")
L 01/02/2025 - 19:14:51: [TF2ITEMS] "GiveNamedItem" offset = 486
L 01/02/2025 - 19:14:52: [vip-system.smx] [VIP] Configuration file loaded correctly! 3 commands are available.
L 01/02/2025 - 19:14:56: [vip-system.smx] [VIP] Configuration file loaded correctly! 3 commands are available.
L 01/02/2025 - 19:28:17: SourceMod log file session started (file "C:\Users\RobotComp.ru\Desktop\server\tf2\tf\addons\sourcemod\logs\L20250102.log") (Version "1.12.0.7176")
L 01/02/2025 - 19:28:17: [TF2ITEMS] "GiveNamedItem" offset = 486
L 01/02/2025 - 19:28:17: [vip-system.smx] [VIP] Configuration file loaded correctly! 3 commands are available.
L 01/02/2025 - 19:28:22: [vip-system.smx] [VIP] Configuration file loaded correctly! 3 commands are available.
L 01/02/2025 - 19:29:35: SourceMod log file session started (file "C:\Users\RobotComp.ru\Desktop\server\tf2\tf\addons\sourcemod\logs\L20250102.log") (Version "1.12.0.7176")
L 01/02/2025 - 19:29:35: [TF2ITEMS] "GiveNamedItem" offset = 486
L 01/02/2025 - 19:29:35: [vip-system.smx] [VIP] Configuration file loaded correctly! 3 commands are available.
L 01/02/2025 - 19:29:39: [vip-system.smx] [VIP] Configuration file loaded correctly! 3 commands are available.
L 01/02/2025 - 19:30:30: SourceMod log file session started (file "C:\Users\RobotComp.ru\Desktop\server\tf2\tf\addons\sourcemod\logs\L20250102.log") (Version "1.12.0.7176")
L 01/02/2025 - 19:30:30: [TF2ITEMS] "GiveNamedItem" offset = 486
L 01/02/2025 - 19:30:30: [vip-system.smx] [VIP] Configuration file loaded correctly! 3 commands are available.
L 01/02/2025 - 19:30:35: [vip-system.smx] [VIP] Configuration file loaded correctly! 3 commands are available.
L 01/02/2025 - 19:31:13: SourceMod log file session started (file "C:\Users\RobotComp.ru\Desktop\server\tf2\tf\addons\sourcemod\logs\L20250102.log") (Version "1.12.0.7176")
L 01/02/2025 - 19:31:13: [TF2ITEMS] "GiveNamedItem" offset = 486
L 01/02/2025 - 19:31:13: [vip-system.smx] [VIP] Configuration file loaded correctly! 3 commands are available.
L 01/02/2025 - 19:31:18: [vip-system.smx] [VIP] Configuration file loaded correctly! 3 commands are available.
L 01/02/2025 - 19:32:41: SourceMod log file session started (file "C:\Users\RobotComp.ru\Desktop\server\tf2\tf\addons\sourcemod\logs\L20250102.log") (Version "1.12.0.7176")
L 01/02/2025 - 19:32:41: [TF2ITEMS] "GiveNamedItem" offset = 486
L 01/02/2025 - 19:32:41: [vip-system.smx] [VIP] Configuration file loaded correctly! 3 commands are available.
L 01/02/2025 - 19:32:46: [vip-system.smx] [VIP] Configuration file loaded correctly! 3 commands are available.
L 01/02/2025 - 19:35:40: SourceMod log file session started (file "C:\Users\RobotComp.ru\Desktop\server\tf2\tf\addons\sourcemod\logs\L20250102.log") (Version "1.12.0.7176")
L 01/02/2025 - 19:35:40: [TF2ITEMS] "GiveNamedItem" offset = 486
L 01/02/2025 - 19:35:40: [vip-system.smx] [VIP] Configuration file loaded correctly! 3 commands are available.
L 01/02/2025 - 19:35:45: [vip-system.smx] [VIP] Configuration file loaded correctly! 3 commands are available.
L 01/02/2025 - 19:38:07: SourceMod log file session started (file "C:\Users\RobotComp.ru\Desktop\server\tf2\tf\addons\sourcemod\logs\L20250102.log") (Version "1.12.0.7176")
L 01/02/2025 - 19:38:07: [TF2ITEMS] "GiveNamedItem" offset = 486
L 01/02/2025 - 19:38:07: [vip-system.smx] [VIP] Configuration file loaded correctly! 3 commands are available.
L 01/02/2025 - 19:38:11: [vip-system.smx] [VIP] Configuration file loaded correctly! 3 commands are available.
L 01/02/2025 - 19:39:16: SourceMod log file session started (file "C:\Users\RobotComp.ru\Desktop\server\tf2\tf\addons\sourcemod\logs\L20250102.log") (Version "1.12.0.7176")
L 01/02/2025 - 19:39:16: [TF2ITEMS] "GiveNamedItem" offset = 486
L 01/02/2025 - 19:39:17: [vip-system.smx] [VIP] Configuration file loaded correctly! 3 commands are available.
L 01/02/2025 - 19:39:21: [vip-system.smx] [VIP] Configuration file loaded correctly! 3 commands are available.
L 01/02/2025 - 19:39:48: SourceMod log file session started (file "C:\Users\RobotComp.ru\Desktop\server\tf2\tf\addons\sourcemod\logs\L20250102.log") (Version "1.12.0.7176")
L 01/02/2025 - 19:39:48: [TF2ITEMS] "GiveNamedItem" offset = 486
L 01/02/2025 - 19:39:48: [vip-system.smx] [VIP] Configuration file loaded correctly! 3 commands are available.
L 01/02/2025 - 19:39:53: [vip-system.smx] [VIP] Configuration file loaded correctly! 3 commands are available.
L 01/02/2025 - 19:40:26: SourceMod log file session started (file "C:\Users\RobotComp.ru\Desktop\server\tf2\tf\addons\sourcemod\logs\L20250102.log") (Version "1.12.0.7176")
L 01/02/2025 - 19:40:26: [TF2ITEMS] "GiveNamedItem" offset = 486
L 01/02/2025 - 19:40:26: [vip-system.smx] [VIP] Configuration file loaded correctly! 3 commands are available.
L 01/02/2025 - 19:40:31: [vip-system.smx] [VIP] Configuration file loaded correctly! 3 commands are available.
L 01/02/2025 - 19:42:00: SourceMod log file session started (file "C:\Users\RobotComp.ru\Desktop\server\tf2\tf\addons\sourcemod\logs\L20250102.log") (Version "1.12.0.7176")
L 01/02/2025 - 19:42:00: [TF2ITEMS] "GiveNamedItem" offset = 486
L 01/02/2025 - 19:42:01: [vip-system.smx] [VIP] Configuration file loaded correctly! 3 commands are available.
L 01/02/2025 - 19:42:05: [vip-system.smx] [VIP] Configuration file loaded correctly! 3 commands are available.
L 01/02/2025 - 19:43:07: SourceMod log file session started (file "C:\Users\RobotComp.ru\Desktop\server\tf2\tf\addons\sourcemod\logs\L20250102.log") (Version "1.12.0.7176")
L 01/02/2025 - 19:43:07: [TF2ITEMS] "GiveNamedItem" offset = 486
L 01/02/2025 - 19:43:07: [vip-system.smx] [VIP] Configuration file loaded correctly! 3 commands are available.
L 01/02/2025 - 19:43:12: [vip-system.smx] [VIP] Configuration file loaded correctly! 3 commands are available.
L 01/02/2025 - 19:43:46: SourceMod log file session started (file "C:\Users\RobotComp.ru\Desktop\server\tf2\tf\addons\sourcemod\logs\L20250102.log") (Version "1.12.0.7176")
L 01/02/2025 - 19:43:46: [TF2ITEMS] "GiveNamedItem" offset = 486
L 01/02/2025 - 19:43:47: [vip-system.smx] [VIP] Configuration file loaded correctly! 3 commands are available.
L 01/02/2025 - 19:43:51: [vip-system.smx] [VIP] Configuration file loaded correctly! 3 commands are available.
L 01/02/2025 - 19:50:31: SourceMod log file session started (file "C:\Users\RobotComp.ru\Desktop\server\tf2\tf\addons\sourcemod\logs\L20250102.log") (Version "1.12.0.7176")
L 01/02/2025 - 19:50:31: [TF2ITEMS] "GiveNamedItem" offset = 486
L 01/02/2025 - 19:50:31: [vip-system.smx] [VIP] Configuration file loaded correctly! 3 commands are available.
L 01/02/2025 - 19:50:36: [vip-system.smx] [VIP] Configuration file loaded correctly! 3 commands are available.
L 01/02/2025 - 19:52:04: SourceMod log file session started (file "C:\Users\RobotComp.ru\Desktop\server\tf2\tf\addons\sourcemod\logs\L20250102.log") (Version "1.12.0.7176")
L 01/02/2025 - 19:52:04: [TF2ITEMS] "GiveNamedItem" offset = 486
L 01/02/2025 - 19:52:04: [vip-system.smx] [VIP] Configuration file loaded correctly! 3 commands are available.
L 01/02/2025 - 19:52:09: [vip-system.smx] [VIP] Configuration file loaded correctly! 3 commands are available.
L 01/02/2025 - 19:54:38: SourceMod log file session started (file "C:\Users\RobotComp.ru\Desktop\server\tf2\tf\addons\sourcemod\logs\L20250102.log") (Version "1.12.0.7176")
L 01/02/2025 - 19:54:38: [TF2ITEMS] "GiveNamedItem" offset = 486
L 01/02/2025 - 19:54:38: [vip-system.smx] [VIP] Configuration file loaded correctly! 3 commands are available.
L 01/02/2025 - 19:54:43: [vip-system.smx] [VIP] Configuration file loaded correctly! 3 commands are available.
L 01/02/2025 - 19:56:34: SourceMod log file session started (file "C:\Users\RobotComp.ru\Desktop\server\tf2\tf\addons\sourcemod\logs\L20250102.log") (Version "1.12.0.7176")
L 01/02/2025 - 19:56:34: [TF2ITEMS] "GiveNamedItem" offset = 486
L 01/02/2025 - 19:56:34: [vip-system.smx] [VIP] Configuration file loaded correctly! 3 commands are available.
L 01/02/2025 - 19:56:39: [vip-system.smx] [VIP] Configuration file loaded correctly! 3 commands are available.
L 01/02/2025 - 19:58:09: SourceMod log file session started (file "C:\Users\RobotComp.ru\Desktop\server\tf2\tf\addons\sourcemod\logs\L20250102.log") (Version "1.12.0.7176")
L 01/02/2025 - 19:58:09: [TF2ITEMS] "GiveNamedItem" offset = 486
L 01/02/2025 - 19:58:09: [vip-system.smx] [VIP] Configuration file loaded correctly! 3 commands are available.
L 01/02/2025 - 19:58:14: [vip-system.smx] [VIP] Configuration file loaded correctly! 3 commands are available.
L 01/02/2025 - 20:04:35: SourceMod log file session started (file "C:\Users\RobotComp.ru\Desktop\server\tf2\tf\addons\sourcemod\logs\L20250102.log") (Version "1.12.0.7176")
L 01/02/2025 - 20:04:35: [TF2ITEMS] "GiveNamedItem" offset = 486
L 01/02/2025 - 20:04:35: [vip-system.smx] [VIP] Configuration file loaded correctly! 3 commands are available.
L 01/02/2025 - 20:04:40: [vip-system.smx] [VIP] Configuration file loaded correctly! 3 commands are available.
L 01/02/2025 - 20:06:22: SourceMod log file session started (file "C:\Users\RobotComp.ru\Desktop\server\tf2\tf\addons\sourcemod\logs\L20250102.log") (Version "1.12.0.7176")
L 01/02/2025 - 20:06:22: [TF2ITEMS] "GiveNamedItem" offset = 486
L 01/02/2025 - 20:06:22: [vip-system.smx] [VIP] Configuration file loaded correctly! 3 commands are available.
L 01/02/2025 - 20:06:26: [vip-system.smx] [VIP] Configuration file loaded correctly! 3 commands are available.
L 01/02/2025 - 20:10:04: SourceMod log file session started (file "C:\Users\RobotComp.ru\Desktop\server\tf2\tf\addons\sourcemod\logs\L20250102.log") (Version "1.12.0.7176")
L 01/02/2025 - 20:10:04: [TF2ITEMS] "GiveNamedItem" offset = 486
L 01/02/2025 - 20:10:04: [vip-system.smx] [VIP] Configuration file loaded correctly! 3 commands are available.
L 01/02/2025 - 20:10:09: [vip-system.smx] [VIP] Configuration file loaded correctly! 3 commands are available.
L 01/02/2025 - 20:13:23: SourceMod log file session started (file "C:\Users\RobotComp.ru\Desktop\server\tf2\tf\addons\sourcemod\logs\L20250102.log") (Version "1.12.0.7176")
L 01/02/2025 - 20:13:23: [TF2ITEMS] "GiveNamedItem" offset = 486
L 01/02/2025 - 20:13:23: [vip-system.smx] [VIP] Configuration file loaded correctly! 3 commands are available.
L 01/02/2025 - 20:13:28: [vip-system.smx] [VIP] Configuration file loaded correctly! 3 commands are available.
L 01/02/2025 - 20:15:10: SourceMod log file session started (file "C:\Users\RobotComp.ru\Desktop\server\tf2\tf\addons\sourcemod\logs\L20250102.log") (Version "1.12.0.7176")
L 01/02/2025 - 20:15:10: [TF2ITEMS] "GiveNamedItem" offset = 486
L 01/02/2025 - 20:15:10: [vip-system.smx] [VIP] Configuration file loaded correctly! 3 commands are available.
L 01/02/2025 - 20:15:15: [vip-system.smx] [VIP] Configuration file loaded correctly! 3 commands are available.
L 01/02/2025 - 20:16:03: SourceMod log file session started (file "C:\Users\RobotComp.ru\Desktop\server\tf2\tf\addons\sourcemod\logs\L20250102.log") (Version "1.12.0.7176")
L 01/02/2025 - 20:16:03: [TF2ITEMS] "GiveNamedItem" offset = 486
L 01/02/2025 - 20:16:03: [vip-system.smx] [VIP] Configuration file loaded correctly! 3 commands are available.
L 01/02/2025 - 20:16:08: [vip-system.smx] [VIP] Configuration file loaded correctly! 3 commands are available.
L 01/02/2025 - 20:18:08: SourceMod log file session started (file "C:\Users\RobotComp.ru\Desktop\server\tf2\tf\addons\sourcemod\logs\L20250102.log") (Version "1.12.0.7176")
L 01/02/2025 - 20:18:08: [TF2ITEMS] "GiveNamedItem" offset = 486
L 01/02/2025 - 20:18:08: [vip-system.smx] [VIP] Configuration file loaded correctly! 3 commands are available.
L 01/02/2025 - 20:18:13: [vip-system.smx] [VIP] Configuration file loaded correctly! 3 commands are available.
L 01/02/2025 - 20:22:27: SourceMod log file session started (file "C:\Users\RobotComp.ru\Desktop\server\tf2\tf\addons\sourcemod\logs\L20250102.log") (Version "1.12.0.7176")
L 01/02/2025 - 20:22:27: [TF2ITEMS] "GiveNamedItem" offset = 486
L 01/02/2025 - 20:22:27: [vip-system.smx] [VIP] Configuration file loaded correctly! 3 commands are available.
L 01/02/2025 - 20:22:32: [vip-system.smx] [VIP] Configuration file loaded correctly! 3 commands are available.
L 01/02/2025 - 20:25:56: SourceMod log file session started (file "C:\Users\RobotComp.ru\Desktop\server\tf2\tf\addons\sourcemod\logs\L20250102.log") (Version "1.12.0.7176")
L 01/02/2025 - 20:25:56: [TF2ITEMS] "GiveNamedItem" offset = 486
L 01/02/2025 - 20:25:57: [vip-system.smx] [VIP] Configuration file loaded correctly! 3 commands are available.
L 01/02/2025 - 20:26:01: [vip-system.smx] [VIP] Configuration file loaded correctly! 3 commands are available.
L 01/02/2025 - 20:27:44: SourceMod log file session started (file "C:\Users\RobotComp.ru\Desktop\server\tf2\tf\addons\sourcemod\logs\L20250102.log") (Version "1.12.0.7176")
L 01/02/2025 - 20:27:44: [TF2ITEMS] "GiveNamedItem" offset = 486
L 01/02/2025 - 20:27:44: [vip-system.smx] [VIP] Configuration file loaded correctly! 3 commands are available.
L 01/02/2025 - 20:27:49: [vip-system.smx] [VIP] Configuration file loaded correctly! 3 commands are available.
L 01/02/2025 - 20:28:22: SourceMod log file session started (file "C:\Users\RobotComp.ru\Desktop\server\tf2\tf\addons\sourcemod\logs\L20250102.log") (Version "1.12.0.7176")
L 01/02/2025 - 20:28:22: [TF2ITEMS] "GiveNamedItem" offset = 486
L 01/02/2025 - 20:28:22: [vip-system.smx] [VIP] Configuration file loaded correctly! 3 commands are available.
L 01/02/2025 - 20:28:27: [vip-system.smx] [VIP] Configuration file loaded correctly! 3 commands are available.
L 01/02/2025 - 20:31:59: SourceMod log file session started (file "C:\Users\RobotComp.ru\Desktop\server\tf2\tf\addons\sourcemod\logs\L20250102.log") (Version "1.12.0.7176")
L 01/02/2025 - 20:31:59: [TF2ITEMS] "GiveNamedItem" offset = 486
L 01/02/2025 - 20:31:59: [vip-system.smx] [VIP] Configuration file loaded correctly! 3 commands are available.
L 01/02/2025 - 20:32:04: [vip-system.smx] [VIP] Configuration file loaded correctly! 3 commands are available.
L 01/02/2025 - 20:32:59: SourceMod log file session started (file "C:\Users\RobotComp.ru\Desktop\server\tf2\tf\addons\sourcemod\logs\L20250102.log") (Version "1.12.0.7176")
L 01/02/2025 - 20:32:59: [TF2ITEMS] "GiveNamedItem" offset = 486
L 01/02/2025 - 20:32:59: [vip-system.smx] [VIP] Configuration file loaded correctly! 3 commands are available.
L 01/02/2025 - 20:33:04: [vip-system.smx] [VIP] Configuration file loaded correctly! 3 commands are available.
L 01/02/2025 - 20:33:58: SourceMod log file session started (file "C:\Users\RobotComp.ru\Desktop\server\tf2\tf\addons\sourcemod\logs\L20250102.log") (Version "1.12.0.7176")
L 01/02/2025 - 20:33:58: [TF2ITEMS] "GiveNamedItem" offset = 486
L 01/02/2025 - 20:33:59: [vip-system.smx] [VIP] Configuration file loaded correctly! 3 commands are available.
L 01/02/2025 - 20:34:03: [vip-system.smx] [VIP] Configuration file loaded correctly! 3 commands are available.
L 01/02/2025 - 20:38:56: SourceMod log file session started (file "C:\Users\RobotComp.ru\Desktop\server\tf2\tf\addons\sourcemod\logs\L20250102.log") (Version "1.12.0.7176")
L 01/02/2025 - 20:38:56: [TF2ITEMS] "GiveNamedItem" offset = 486
L 01/02/2025 - 20:38:57: [vip-system.smx] [VIP] Configuration file loaded correctly! 3 commands are available.
L 01/02/2025 - 20:39:01: [vip-system.smx] [VIP] Configuration file loaded correctly! 3 commands are available.
L 01/02/2025 - 20:40:58: SourceMod log file session started (file "C:\Users\RobotComp.ru\Desktop\server\tf2\tf\addons\sourcemod\logs\L20250102.log") (Version "1.12.0.7176")
L 01/02/2025 - 20:40:58: [TF2ITEMS] "GiveNamedItem" offset = 486
L 01/02/2025 - 20:40:58: [vip-system.smx] [VIP] Configuration file loaded correctly! 3 commands are available.
L 01/02/2025 - 20:41:03: [vip-system.smx] [VIP] Configuration file loaded correctly! 3 commands are available.
L 01/02/2025 - 20:41:39: SourceMod log file session started (file "C:\Users\RobotComp.ru\Desktop\server\tf2\tf\addons\sourcemod\logs\L20250102.log") (Version "1.12.0.7176")
L 01/02/2025 - 20:41:39: [TF2ITEMS] "GiveNamedItem" offset = 486
L 01/02/2025 - 20:41:40: [vip-system.smx] [VIP] Configuration file loaded correctly! 3 commands are available.
L 01/02/2025 - 20:41:44: [vip-system.smx] [VIP] Configuration file loaded correctly! 3 commands are available.
L 01/02/2025 - 20:43:13: SourceMod log file session started (file "C:\Users\RobotComp.ru\Desktop\server\tf2\tf\addons\sourcemod\logs\L20250102.log") (Version "1.12.0.7176")
L 01/02/2025 - 20:43:13: [TF2ITEMS] "GiveNamedItem" offset = 486
L 01/02/2025 - 20:43:13: [vip-system.smx] [VIP] Configuration file loaded correctly! 3 commands are available.
L 01/02/2025 - 20:43:18: [vip-system.smx] [VIP] Configuration file loaded correctly! 3 commands are available.
L 01/02/2025 - 20:44:51: SourceMod log file session started (file "C:\Users\RobotComp.ru\Desktop\server\tf2\tf\addons\sourcemod\logs\L20250102.log") (Version "1.12.0.7176")
L 01/02/2025 - 20:44:51: [TF2ITEMS] "GiveNamedItem" offset = 486
L 01/02/2025 - 20:44:52: [vip-system.smx] [VIP] Configuration file loaded correctly! 3 commands are available.
L 01/02/2025 - 20:44:56: [vip-system.smx] [VIP] Configuration file loaded correctly! 3 commands are available.
L 01/02/2025 - 20:45:23: SourceMod log file session started (file "C:\Users\RobotComp.ru\Desktop\server\tf2\tf\addons\sourcemod\logs\L20250102.log") (Version "1.12.0.7176")
L 01/02/2025 - 20:45:23: [TF2ITEMS] "GiveNamedItem" offset = 486
L 01/02/2025 - 20:45:23: [vip-system.smx] [VIP] Configuration file loaded correctly! 3 commands are available.
L 01/02/2025 - 20:45:28: [vip-system.smx] [VIP] Configuration file loaded correctly! 3 commands are available.
L 01/02/2025 - 20:46:31: SourceMod log file session started (file "C:\Users\RobotComp.ru\Desktop\server\tf2\tf\addons\sourcemod\logs\L20250102.log") (Version "1.12.0.7176")
L 01/02/2025 - 20:46:31: [TF2ITEMS] "GiveNamedItem" offset = 486
L 01/02/2025 - 20:46:31: [vip-system.smx] [VIP] Configuration file loaded correctly! 3 commands are available.
L 01/02/2025 - 20:46:36: [vip-system.smx] [VIP] Configuration file loaded correctly! 3 commands are available.
L 01/02/2025 - 20:50:00: SourceMod log file session started (file "C:\Users\RobotComp.ru\Desktop\server\tf2\tf\addons\sourcemod\logs\L20250102.log") (Version "1.12.0.7176")
L 01/02/2025 - 20:50:00: [TF2ITEMS] "GiveNamedItem" offset = 486
L 01/02/2025 - 20:50:00: [vip-system.smx] [VIP] Configuration file loaded correctly! 3 commands are available.
L 01/02/2025 - 20:50:05: [vip-system.smx] [VIP] Configuration file loaded correctly! 3 commands are available.
L 01/02/2025 - 20:51:01: SourceMod log file session started (file "C:\Users\RobotComp.ru\Desktop\server\tf2\tf\addons\sourcemod\logs\L20250102.log") (Version "1.12.0.7176")
L 01/02/2025 - 20:51:01: [TF2ITEMS] "GiveNamedItem" offset = 486
L 01/02/2025 - 20:51:01: [vip-system.smx] [VIP] Configuration file loaded correctly! 3 commands are available.
L 01/02/2025 - 20:51:05: [vip-system.smx] [VIP] Configuration file loaded correctly! 3 commands are available.
L 01/02/2025 - 20:51:36: SourceMod log file session started (file "C:\Users\RobotComp.ru\Desktop\server\tf2\tf\addons\sourcemod\logs\L20250102.log") (Version "1.12.0.7176")
L 01/02/2025 - 20:51:36: [TF2ITEMS] "GiveNamedItem" offset = 486
L 01/02/2025 - 20:51:36: [vip-system.smx] [VIP] Configuration file loaded correctly! 3 commands are available.
L 01/02/2025 - 20:51:41: [vip-system.smx] [VIP] Configuration file loaded correctly! 3 commands are available.
L 01/02/2025 - 20:52:38: SourceMod log file session started (file "C:\Users\RobotComp.ru\Desktop\server\tf2\tf\addons\sourcemod\logs\L20250102.log") (Version "1.12.0.7176")
L 01/02/2025 - 20:52:38: [TF2ITEMS] "GiveNamedItem" offset = 486
L 01/02/2025 - 20:52:38: [vip-system.smx] [VIP] Configuration file loaded correctly! 3 commands are available.
L 01/02/2025 - 20:52:43: [vip-system.smx] [VIP] Configuration file loaded correctly! 3 commands are available.
L 01/02/2025 - 20:53:51: SourceMod log file session started (file "C:\Users\RobotComp.ru\Desktop\server\tf2\tf\addons\sourcemod\logs\L20250102.log") (Version "1.12.0.7176")
L 01/02/2025 - 20:53:51: [TF2ITEMS] "GiveNamedItem" offset = 486
L 01/02/2025 - 20:53:51: [vip-system.smx] [VIP] Configuration file loaded correctly! 3 commands are available.
L 01/02/2025 - 20:53:56: [vip-system.smx] [VIP] Configuration file loaded correctly! 3 commands are available.
L 01/02/2025 - 20:55:21: SourceMod log file session started (file "C:\Users\RobotComp.ru\Desktop\server\tf2\tf\addons\sourcemod\logs\L20250102.log") (Version "1.12.0.7176")
L 01/02/2025 - 20:55:21: [TF2ITEMS] "GiveNamedItem" offset = 486
L 01/02/2025 - 20:55:21: [vip-system.smx] [VIP] Configuration file loaded correctly! 3 commands are available.
L 01/02/2025 - 20:55:26: [vip-system.smx] [VIP] Configuration file loaded correctly! 3 commands are available.
L 01/02/2025 - 20:56:52: SourceMod log file session started (file "C:\Users\RobotComp.ru\Desktop\server\tf2\tf\addons\sourcemod\logs\L20250102.log") (Version "1.12.0.7176")
L 01/02/2025 - 20:56:52: [TF2ITEMS] "GiveNamedItem" offset = 486
L 01/02/2025 - 20:56:53: [vip-system.smx] [VIP] Configuration file loaded correctly! 3 commands are available.
L 01/02/2025 - 20:56:57: [vip-system.smx] [VIP] Configuration file loaded correctly! 3 commands are available.
L 01/02/2025 - 20:59:21: SourceMod log file session started (file "C:\Users\RobotComp.ru\Desktop\server\tf2\tf\addons\sourcemod\logs\L20250102.log") (Version "1.12.0.7176")
L 01/02/2025 - 20:59:21: [TF2ITEMS] "GiveNamedItem" offset = 486
L 01/02/2025 - 20:59:22: [vip-system.smx] [VIP] Configuration file loaded correctly! 3 commands are available.
L 01/02/2025 - 20:59:26: [vip-system.smx] [VIP] Configuration file loaded correctly! 3 commands are available.
L 01/02/2025 - 21:03:11: SourceMod log file session started (file "C:\Users\RobotComp.ru\Desktop\server\tf2\tf\addons\sourcemod\logs\L20250102.log") (Version "1.12.0.7176")
L 01/02/2025 - 21:03:11: [TF2ITEMS] "GiveNamedItem" offset = 486
L 01/02/2025 - 21:03:11: [vip-system.smx] [VIP] Configuration file loaded correctly! 3 commands are available.
L 01/02/2025 - 21:03:16: [vip-system.smx] [VIP] Configuration file loaded correctly! 3 commands are available.
L 01/02/2025 - 21:03:56: SourceMod log file session started (file "C:\Users\RobotComp.ru\Desktop\server\tf2\tf\addons\sourcemod\logs\L20250102.log") (Version "1.12.0.7176")
L 01/02/2025 - 21:03:56: [TF2ITEMS] "GiveNamedItem" offset = 486
L 01/02/2025 - 21:03:56: [vip-system.smx] [VIP] Configuration file loaded correctly! 3 commands are available.
L 01/02/2025 - 21:04:01: [vip-system.smx] [VIP] Configuration file loaded correctly! 3 commands are available.
L 01/02/2025 - 21:05:06: SourceMod log file session started (file "C:\Users\RobotComp.ru\Desktop\server\tf2\tf\addons\sourcemod\logs\L20250102.log") (Version "1.12.0.7176")
L 01/02/2025 - 21:05:06: [TF2ITEMS] "GiveNamedItem" offset = 486
L 01/02/2025 - 21:05:07: [vip-system.smx] [VIP] Configuration file loaded correctly! 3 commands are available.
L 01/02/2025 - 21:05:11: [vip-system.smx] [VIP] Configuration file loaded correctly! 3 commands are available.
L 01/02/2025 - 21:10:38: SourceMod log file session started (file "C:\Users\RobotComp.ru\Desktop\server\tf2\tf\addons\sourcemod\logs\L20250102.log") (Version "1.12.0.7176")
L 01/02/2025 - 21:10:38: [TF2ITEMS] "GiveNamedItem" offset = 486
L 01/02/2025 - 21:10:46: [vip-system.smx] [VIP] Configuration file loaded correctly! 3 commands are available.
L 01/02/2025 - 21:10:51: [vip-system.smx] [VIP] Configuration file loaded correctly! 3 commands are available.
L 01/02/2025 - 21:11:48: SourceMod log file session started (file "C:\Users\RobotComp.ru\Desktop\server\tf2\tf\addons\sourcemod\logs\L20250102.log") (Version "1.12.0.7176")
L 01/02/2025 - 21:11:48: [TF2ITEMS] "GiveNamedItem" offset = 486
L 01/02/2025 - 21:11:48: [vip-system.smx] [VIP] Configuration file loaded correctly! 3 commands are available.
L 01/02/2025 - 21:11:53: [vip-system.smx] [VIP] Configuration file loaded correctly! 3 commands are available.
L 01/02/2025 - 21:12:34: SourceMod log file session started (file "C:\Users\RobotComp.ru\Desktop\server\tf2\tf\addons\sourcemod\logs\L20250102.log") (Version "1.12.0.7176")
L 01/02/2025 - 21:12:34: [TF2ITEMS] "GiveNamedItem" offset = 486
L 01/02/2025 - 21:12:35: [vip-system.smx] [VIP] Configuration file loaded correctly! 3 commands are available.
L 01/02/2025 - 21:12:39: [vip-system.smx] [VIP] Configuration file loaded correctly! 3 commands are available.
L 01/02/2025 - 21:13:09: SourceMod log file session started (file "C:\Users\RobotComp.ru\Desktop\server\tf2\tf\addons\sourcemod\logs\L20250102.log") (Version "1.12.0.7176")
L 01/02/2025 - 21:13:09: [TF2ITEMS] "GiveNamedItem" offset = 486
L 01/02/2025 - 21:13:10: [vip-system.smx] [VIP] Configuration file loaded correctly! 3 commands are available.
L 01/02/2025 - 21:13:14: [vip-system.smx] [VIP] Configuration file loaded correctly! 3 commands are available.
L 01/02/2025 - 21:14:09: SourceMod log file session started (file "C:\Users\RobotComp.ru\Desktop\server\tf2\tf\addons\sourcemod\logs\L20250102.log") (Version "1.12.0.7176")
L 01/02/2025 - 21:14:09: [TF2ITEMS] "GiveNamedItem" offset = 486
L 01/02/2025 - 21:14:09: [vip-system.smx] [VIP] Configuration file loaded correctly! 3 commands are available.
L 01/02/2025 - 21:14:14: [vip-system.smx] [VIP] Configuration file loaded correctly! 3 commands are available.
L 01/02/2025 - 21:14:46: SourceMod log file session started (file "C:\Users\RobotComp.ru\Desktop\server\tf2\tf\addons\sourcemod\logs\L20250102.log") (Version "1.12.0.7176")
L 01/02/2025 - 21:14:46: [TF2ITEMS] "GiveNamedItem" offset = 486
L 01/02/2025 - 21:14:46: [vip-system.smx] [VIP] Configuration file loaded correctly! 3 commands are available.
L 01/02/2025 - 21:14:51: [vip-system.smx] [VIP] Configuration file loaded correctly! 3 commands are available.
L 01/02/2025 - 21:15:31: SourceMod log file session started (file "C:\Users\RobotComp.ru\Desktop\server\tf2\tf\addons\sourcemod\logs\L20250102.log") (Version "1.12.0.7176")
L 01/02/2025 - 21:15:31: [TF2ITEMS] "GiveNamedItem" offset = 486
L 01/02/2025 - 21:15:31: [vip-system.smx] [VIP] Configuration file loaded correctly! 3 commands are available.
L 01/02/2025 - 21:15:36: [vip-system.smx] [VIP] Configuration file loaded correctly! 3 commands are available.
L 01/02/2025 - 21:16:08: SourceMod log file session started (file "C:\Users\RobotComp.ru\Desktop\server\tf2\tf\addons\sourcemod\logs\L20250102.log") (Version "1.12.0.7176")
L 01/02/2025 - 21:16:08: [TF2ITEMS] "GiveNamedItem" offset = 486
L 01/02/2025 - 21:16:08: [vip-system.smx] [VIP] Configuration file loaded correctly! 3 commands are available.
L 01/02/2025 - 21:16:12: [vip-system.smx] [VIP] Configuration file loaded correctly! 3 commands are available.
L 01/02/2025 - 21:18:24: SourceMod log file session started (file "C:\Users\RobotComp.ru\Desktop\server\tf2\tf\addons\sourcemod\logs\L20250102.log") (Version "1.12.0.7176")
L 01/02/2025 - 21:18:24: [TF2ITEMS] "GiveNamedItem" offset = 486
L 01/02/2025 - 21:18:24: [vip-system.smx] [VIP] Configuration file loaded correctly! 3 commands are available.
L 01/02/2025 - 21:18:28: [vip-system.smx] [VIP] Configuration file loaded correctly! 3 commands are available.
L 01/02/2025 - 21:19:06: SourceMod log file session started (file "C:\Users\RobotComp.ru\Desktop\server\tf2\tf\addons\sourcemod\logs\L20250102.log") (Version "1.12.0.7176")
L 01/02/2025 - 21:19:06: [TF2ITEMS] "GiveNamedItem" offset = 486
L 01/02/2025 - 21:19:06: [vip-system.smx] [VIP] Configuration file loaded correctly! 3 commands are available.
L 01/02/2025 - 21:19:10: [vip-system.smx] [VIP] Configuration file loaded correctly! 3 commands are available.
L 01/02/2025 - 21:20:03: SourceMod log file session started (file "C:\Users\RobotComp.ru\Desktop\server\tf2\tf\addons\sourcemod\logs\L20250102.log") (Version "1.12.0.7176")
L 01/02/2025 - 21:20:03: [TF2ITEMS] "GiveNamedItem" offset = 486
L 01/02/2025 - 21:20:03: [vip-system.smx] [VIP] Configuration file loaded correctly! 3 commands are available.
L 01/02/2025 - 21:20:08: [vip-system.smx] [VIP] Configuration file loaded correctly! 3 commands are available.
L 01/02/2025 - 21:20:54: SourceMod log file session started (file "C:\Users\RobotComp.ru\Desktop\server\tf2\tf\addons\sourcemod\logs\L20250102.log") (Version "1.12.0.7176")
L 01/02/2025 - 21:20:54: [TF2ITEMS] "GiveNamedItem" offset = 486
L 01/02/2025 - 21:20:55: [vip-system.smx] [VIP] Configuration file loaded correctly! 3 commands are available.
L 01/02/2025 - 21:20:59: [vip-system.smx] [VIP] Configuration file loaded correctly! 3 commands are available.
L 01/02/2025 - 21:21:48: SourceMod log file session started (file "C:\Users\RobotComp.ru\Desktop\server\tf2\tf\addons\sourcemod\logs\L20250102.log") (Version "1.12.0.7176")
L 01/02/2025 - 21:21:48: [TF2ITEMS] "GiveNamedItem" offset = 486
L 01/02/2025 - 21:21:48: [vip-system.smx] [VIP] Configuration file loaded correctly! 3 commands are available.
L 01/02/2025 - 21:21:53: [vip-system.smx] [VIP] Configuration file loaded correctly! 3 commands are available.
L 01/02/2025 - 21:22:34: SourceMod log file session started (file "C:\Users\RobotComp.ru\Desktop\server\tf2\tf\addons\sourcemod\logs\L20250102.log") (Version "1.12.0.7176")
L 01/02/2025 - 21:22:34: [TF2ITEMS] "GiveNamedItem" offset = 486
L 01/02/2025 - 21:22:34: [vip-system.smx] [VIP] Configuration file loaded correctly! 3 commands are available.
L 01/02/2025 - 21:22:39: [vip-system.smx] [VIP] Configuration file loaded correctly! 3 commands are available.
L 01/02/2025 - 21:23:19: SourceMod log file session started (file "C:\Users\RobotComp.ru\Desktop\server\tf2\tf\addons\sourcemod\logs\L20250102.log") (Version "1.12.0.7176")
L 01/02/2025 - 21:23:19: [TF2ITEMS] "GiveNamedItem" offset = 486
L 01/02/2025 - 21:23:19: [vip-system.smx] [VIP] Configuration file loaded correctly! 3 commands are available.
L 01/02/2025 - 21:23:24: [vip-system.smx] [VIP] Configuration file loaded correctly! 3 commands are available.
L 01/02/2025 - 21:24:03: SourceMod log file session started (file "C:\Users\RobotComp.ru\Desktop\server\tf2\tf\addons\sourcemod\logs\L20250102.log") (Version "1.12.0.7176")
L 01/02/2025 - 21:24:03: [TF2ITEMS] "GiveNamedItem" offset = 486
L 01/02/2025 - 21:24:03: [vip-system.smx] [VIP] Configuration file loaded correctly! 3 commands are available.
L 01/02/2025 - 21:24:08: [vip-system.smx] [VIP] Configuration file loaded correctly! 3 commands are available.
L 01/02/2025 - 21:25:00: SourceMod log file session started (file "C:\Users\RobotComp.ru\Desktop\server\tf2\tf\addons\sourcemod\logs\L20250102.log") (Version "1.12.0.7176")
L 01/02/2025 - 21:25:00: [TF2ITEMS] "GiveNamedItem" offset = 486
L 01/02/2025 - 21:25:00: [vip-system.smx] [VIP] Configuration file loaded correctly! 3 commands are available.
L 01/02/2025 - 21:25:04: [vip-system.smx] [VIP] Configuration file loaded correctly! 3 commands are available.
L 01/02/2025 - 21:25:34: SourceMod log file session started (file "C:\Users\RobotComp.ru\Desktop\server\tf2\tf\addons\sourcemod\logs\L20250102.log") (Version "1.12.0.7176")
L 01/02/2025 - 21:25:34: [TF2ITEMS] "GiveNamedItem" offset = 486
L 01/02/2025 - 21:25:34: [vip-system.smx] [VIP] Configuration file loaded correctly! 3 commands are available.
L 01/02/2025 - 21:25:39: [vip-system.smx] [VIP] Configuration file loaded correctly! 3 commands are available.
L 01/02/2025 - 21:29:10: SourceMod log file session started (file "C:\Users\RobotComp.ru\Desktop\server\tf2\tf\addons\sourcemod\logs\L20250102.log") (Version "1.12.0.7176")
L 01/02/2025 - 21:29:10: [TF2ITEMS] "GiveNamedItem" offset = 486
L 01/02/2025 - 21:29:10: [vip-system.smx] [VIP] Configuration file loaded correctly! 3 commands are available.
L 01/02/2025 - 21:29:15: [vip-system.smx] [VIP] Configuration file loaded correctly! 3 commands are available.
L 01/02/2025 - 21:30:12: SourceMod log file session started (file "C:\Users\RobotComp.ru\Desktop\server\tf2\tf\addons\sourcemod\logs\L20250102.log") (Version "1.12.0.7176")
L 01/02/2025 - 21:30:12: [TF2ITEMS] "GiveNamedItem" offset = 486
L 01/02/2025 - 21:30:12: [vip-system.smx] [VIP] Configuration file loaded correctly! 3 commands are available.
L 01/02/2025 - 21:30:16: [vip-system.smx] [VIP] Configuration file loaded correctly! 3 commands are available.
L 01/02/2025 - 21:31:38: SourceMod log file session started (file "C:\Users\RobotComp.ru\Desktop\server\tf2\tf\addons\sourcemod\logs\L20250102.log") (Version "1.12.0.7176")
L 01/02/2025 - 21:31:38: [TF2ITEMS] "GiveNamedItem" offset = 486
L 01/02/2025 - 21:31:38: [vip-system.smx] [VIP] Configuration file loaded correctly! 3 commands are available.
L 01/02/2025 - 21:31:43: [vip-system.smx] [VIP] Configuration file loaded correctly! 3 commands are available.
L 01/02/2025 - 21:33:24: SourceMod log file session started (file "C:\Users\RobotComp.ru\Desktop\server\tf2\tf\addons\sourcemod\logs\L20250102.log") (Version "1.12.0.7176")
L 01/02/2025 - 21:33:24: [TF2ITEMS] "GiveNamedItem" offset = 486
L 01/02/2025 - 21:33:24: [vip-system.smx] [VIP] Configuration file loaded correctly! 3 commands are available.
L 01/02/2025 - 21:33:29: [vip-system.smx] [VIP] Configuration file loaded correctly! 3 commands are available.
L 01/02/2025 - 21:34:44: SourceMod log file session started (file "C:\Users\RobotComp.ru\Desktop\server\tf2\tf\addons\sourcemod\logs\L20250102.log") (Version "1.12.0.7176")
L 01/02/2025 - 21:34:44: [TF2ITEMS] "GiveNamedItem" offset = 486
L 01/02/2025 - 21:34:45: [vip-system.smx] [VIP] Configuration file loaded correctly! 3 commands are available.
L 01/02/2025 - 21:34:49: [vip-system.smx] [VIP] Configuration file loaded correctly! 3 commands are available.
L 01/02/2025 - 21:35:46: SourceMod log file session started (file "C:\Users\RobotComp.ru\Desktop\server\tf2\tf\addons\sourcemod\logs\L20250102.log") (Version "1.12.0.7176")
L 01/02/2025 - 21:35:46: [TF2ITEMS] "GiveNamedItem" offset = 486
L 01/02/2025 - 21:35:47: [vip-system.smx] [VIP] Configuration file loaded correctly! 3 commands are available.
L 01/02/2025 - 21:35:51: [vip-system.smx] [VIP] Configuration file loaded correctly! 3 commands are available.
L 01/02/2025 - 21:38:44: SourceMod log file session started (file "C:\Users\RobotComp.ru\Desktop\server\tf2\tf\addons\sourcemod\logs\L20250102.log") (Version "1.12.0.7176")
L 01/02/2025 - 21:38:44: [TF2ITEMS] "GiveNamedItem" offset = 486
L 01/02/2025 - 21:38:44: [vip-system.smx] [VIP] Configuration file loaded correctly! 3 commands are available.
L 01/02/2025 - 21:38:50: [vip-system.smx] [VIP] Configuration file loaded correctly! 3 commands are available.
L 01/02/2025 - 21:40:12: SourceMod log file session started (file "C:\Users\RobotComp.ru\Desktop\server\tf2\tf\addons\sourcemod\logs\L20250102.log") (Version "1.12.0.7176")
L 01/02/2025 - 21:40:12: [TF2ITEMS] "GiveNamedItem" offset = 486
L 01/02/2025 - 21:40:12: [vip-system.smx] [VIP] Configuration file loaded correctly! 3 commands are available.
L 01/02/2025 - 21:40:17: [vip-system.smx] [VIP] Configuration file loaded correctly! 3 commands are available.
L 01/02/2025 - 21:55:59: SourceMod log file session started (file "C:\Users\RobotComp.ru\Desktop\server\tf2\tf\addons\sourcemod\logs\L20250102.log") (Version "1.12.0.7176")
L 01/02/2025 - 21:55:59: [TF2ITEMS] "GiveNamedItem" offset = 486
L 01/02/2025 - 21:55:59: [vip-system.smx] [VIP] Configuration file loaded correctly! 3 commands are available.
L 01/02/2025 - 21:56:04: [vip-system.smx] [VIP] Configuration file loaded correctly! 3 commands are available.
L 01/02/2025 - 21:57:10: SourceMod log file session started (file "C:\Users\RobotComp.ru\Desktop\server\tf2\tf\addons\sourcemod\logs\L20250102.log") (Version "1.12.0.7176")
L 01/02/2025 - 21:57:10: [TF2ITEMS] "GiveNamedItem" offset = 486
L 01/02/2025 - 21:57:11: [vip-system.smx] [VIP] Configuration file loaded correctly! 3 commands are available.
L 01/02/2025 - 21:57:15: [vip-system.smx] [VIP] Configuration file loaded correctly! 3 commands are available.
L 01/02/2025 - 21:58:03: SourceMod log file session started (file "C:\Users\RobotComp.ru\Desktop\server\tf2\tf\addons\sourcemod\logs\L20250102.log") (Version "1.12.0.7176")
L 01/02/2025 - 21:58:03: [TF2ITEMS] "GiveNamedItem" offset = 486
L 01/02/2025 - 21:58:04: [vip-system.smx] [VIP] Configuration file loaded correctly! 3 commands are available.
L 01/02/2025 - 21:58:08: [vip-system.smx] [VIP] Configuration file loaded correctly! 3 commands are available.
L 01/02/2025 - 21:59:04: SourceMod log file session started (file "C:\Users\RobotComp.ru\Desktop\server\tf2\tf\addons\sourcemod\logs\L20250102.log") (Version "1.12.0.7176")
L 01/02/2025 - 21:59:04: [TF2ITEMS] "GiveNamedItem" offset = 486
L 01/02/2025 - 21:59:04: [vip-system.smx] [VIP] Configuration file loaded correctly! 3 commands are available.
L 01/02/2025 - 21:59:09: [vip-system.smx] [VIP] Configuration file loaded correctly! 3 commands are available.
L 01/02/2025 - 21:59:50: SourceMod log file session started (file "C:\Users\RobotComp.ru\Desktop\server\tf2\tf\addons\sourcemod\logs\L20250102.log") (Version "1.12.0.7176")
L 01/02/2025 - 21:59:50: [TF2ITEMS] "GiveNamedItem" offset = 486
L 01/02/2025 - 21:59:51: [vip-system.smx] [VIP] Configuration file loaded correctly! 3 commands are available.
L 01/02/2025 - 21:59:55: [vip-system.smx] [VIP] Configuration file loaded correctly! 3 commands are available.
L 01/02/2025 - 22:01:44: SourceMod log file session started (file "C:\Users\RobotComp.ru\Desktop\server\tf2\tf\addons\sourcemod\logs\L20250102.log") (Version "1.12.0.7176")
L 01/02/2025 - 22:01:44: [TF2ITEMS] "GiveNamedItem" offset = 486
L 01/02/2025 - 22:01:44: [vip-system.smx] [VIP] Configuration file loaded correctly! 3 commands are available.
L 01/02/2025 - 22:01:49: [vip-system.smx] [VIP] Configuration file loaded correctly! 3 commands are available.
L 01/02/2025 - 22:03:02: SourceMod log file session started (file "C:\Users\RobotComp.ru\Desktop\server\tf2\tf\addons\sourcemod\logs\L20250102.log") (Version "1.12.0.7176")
L 01/02/2025 - 22:03:02: [TF2ITEMS] "GiveNamedItem" offset = 486
L 01/02/2025 - 22:03:03: [vip-system.smx] [VIP] Configuration file loaded correctly! 3 commands are available.
L 01/02/2025 - 22:03:07: [vip-system.smx] [VIP] Configuration file loaded correctly! 3 commands are available.
L 01/02/2025 - 22:04:40: SourceMod log file session started (file "C:\Users\RobotComp.ru\Desktop\server\tf2\tf\addons\sourcemod\logs\L20250102.log") (Version "1.12.0.7176")
L 01/02/2025 - 22:04:40: [TF2ITEMS] "GiveNamedItem" offset = 486
L 01/02/2025 - 22:04:40: [vip-system.smx] [VIP] Configuration file loaded correctly! 3 commands are available.
L 01/02/2025 - 22:04:45: [vip-system.smx] [VIP] Configuration file loaded correctly! 3 commands are available.
L 01/02/2025 - 22:06:50: SourceMod log file session started (file "C:\Users\RobotComp.ru\Desktop\server\tf2\tf\addons\sourcemod\logs\L20250102.log") (Version "1.12.0.7176")
L 01/02/2025 - 22:06:50: [TF2ITEMS] "GiveNamedItem" offset = 486
L 01/02/2025 - 22:06:50: [vip-system.smx] [VIP] Configuration file loaded correctly! 3 commands are available.
L 01/02/2025 - 22:06:55: [vip-system.smx] [VIP] Configuration file loaded correctly! 3 commands are available.
L 01/02/2025 - 22:09:40: SourceMod log file session started (file "C:\Users\RobotComp.ru\Desktop\server\tf2\tf\addons\sourcemod\logs\L20250102.log") (Version "1.12.0.7176")
L 01/02/2025 - 22:09:40: [TF2ITEMS] "GiveNamedItem" offset = 486
L 01/02/2025 - 22:09:40: [vip-system.smx] [VIP] Configuration file loaded correctly! 3 commands are available.
L 01/02/2025 - 22:09:44: [vip-system.smx] [VIP] Configuration file loaded correctly! 3 commands are available.
L 01/02/2025 - 22:10:05: SourceMod log file session started (file "C:\Users\RobotComp.ru\Desktop\server\tf2\tf\addons\sourcemod\logs\L20250102.log") (Version "1.12.0.7176")
L 01/02/2025 - 22:10:05: [TF2ITEMS] "GiveNamedItem" offset = 486
L 01/02/2025 - 22:10:06: [vip-system.smx] [VIP] Configuration file loaded correctly! 3 commands are available.
L 01/02/2025 - 22:10:10: [vip-system.smx] [VIP] Configuration file loaded correctly! 3 commands are available.
L 01/02/2025 - 22:12:28: SourceMod log file session started (file "C:\Users\RobotComp.ru\Desktop\server\tf2\tf\addons\sourcemod\logs\L20250102.log") (Version "1.12.0.7176")
L 01/02/2025 - 22:12:28: [TF2ITEMS] "GiveNamedItem" offset = 486
L 01/02/2025 - 22:12:29: [vip-system.smx] [VIP] Configuration file loaded correctly! 3 commands are available.
L 01/02/2025 - 22:12:33: [vip-system.smx] [VIP] Configuration file loaded correctly! 3 commands are available.
L 01/02/2025 - 22:12:37: Log file closed.
L 01/02/2025 - 22:12:41: SourceMod log file session started (file "C:\Users\RobotComp.ru\Desktop\server\tf2\tf\addons\sourcemod\logs\L20250102.log") (Version "1.12.0.7176")
L 01/02/2025 - 22:12:41: [TF2ITEMS] "GiveNamedItem" offset = 486
L 01/02/2025 - 22:12:41: [vip-system.smx] [VIP] Configuration file loaded correctly! 3 commands are available.
L 01/02/2025 - 22:12:46: [vip-system.smx] [VIP] Configuration file loaded correctly! 3 commands are available.
L 01/02/2025 - 22:15:12: SourceMod log file session started (file "C:\Users\RobotComp.ru\Desktop\server\tf2\tf\addons\sourcemod\logs\L20250102.log") (Version "1.12.0.7176")
L 01/02/2025 - 22:15:12: [TF2ITEMS] "GiveNamedItem" offset = 486
L 01/02/2025 - 22:15:12: [vip-system.smx] [VIP] Configuration file loaded correctly! 3 commands are available.
L 01/02/2025 - 22:15:17: [vip-system.smx] [VIP] Configuration file loaded correctly! 3 commands are available.
L 01/02/2025 - 22:15:51: SourceMod log file session started (file "C:\Users\RobotComp.ru\Desktop\server\tf2\tf\addons\sourcemod\logs\L20250102.log") (Version "1.12.0.7176")
L 01/02/2025 - 22:15:51: [TF2ITEMS] "GiveNamedItem" offset = 486
L 01/02/2025 - 22:15:51: [vip-system.smx] [VIP] Configuration file loaded correctly! 3 commands are available.
L 01/02/2025 - 22:15:56: [vip-system.smx] [VIP] Configuration file loaded correctly! 3 commands are available.
L 01/02/2025 - 22:17:21: SourceMod log file session started (file "C:\Users\RobotComp.ru\Desktop\server\tf2\tf\addons\sourcemod\logs\L20250102.log") (Version "1.12.0.7176")
L 01/02/2025 - 22:17:21: [TF2ITEMS] "GiveNamedItem" offset = 486
L 01/02/2025 - 22:17:21: [vip-system.smx] [VIP] Configuration file loaded correctly! 3 commands are available.
L 01/02/2025 - 22:17:25: [vip-system.smx] [VIP] Configuration file loaded correctly! 3 commands are available.
L 01/02/2025 - 22:18:08: SourceMod log file session started (file "C:\Users\RobotComp.ru\Desktop\server\tf2\tf\addons\sourcemod\logs\L20250102.log") (Version "1.12.0.7176")
L 01/02/2025 - 22:18:08: [TF2ITEMS] "GiveNamedItem" offset = 486
L 01/02/2025 - 22:18:08: [vip-system.smx] [VIP] Configuration file loaded correctly! 3 commands are available.
L 01/02/2025 - 22:18:13: [vip-system.smx] [VIP] Configuration file loaded correctly! 3 commands are available.
L 01/02/2025 - 22:21:47: SourceMod log file session started (file "C:\Users\RobotComp.ru\Desktop\server\tf2\tf\addons\sourcemod\logs\L20250102.log") (Version "1.12.0.7176")
L 01/02/2025 - 22:21:47: [TF2ITEMS] "GiveNamedItem" offset = 486
L 01/02/2025 - 22:21:47: [vip-system.smx] [VIP] Configuration file loaded correctly! 3 commands are available.
L 01/02/2025 - 22:21:52: [vip-system.smx] [VIP] Configuration file loaded correctly! 3 commands are available.
L 01/02/2025 - 22:24:07: SourceMod log file session started (file "C:\Users\RobotComp.ru\Desktop\server\tf2\tf\addons\sourcemod\logs\L20250102.log") (Version "1.12.0.7176")
L 01/02/2025 - 22:24:07: [TF2ITEMS] "GiveNamedItem" offset = 486
L 01/02/2025 - 22:24:07: [vip-system.smx] [VIP] Configuration file loaded correctly! 3 commands are available.
L 01/02/2025 - 22:24:12: [vip-system.smx] [VIP] Configuration file loaded correctly! 3 commands are available.
L 01/02/2025 - 22:27:01: SourceMod log file session started (file "C:\Users\RobotComp.ru\Desktop\server\tf2\tf\addons\sourcemod\logs\L20250102.log") (Version "1.12.0.7176")
L 01/02/2025 - 22:27:01: [TF2ITEMS] "GiveNamedItem" offset = 486
L 01/02/2025 - 22:27:02: [vip-system.smx] [VIP] Configuration file loaded correctly! 3 commands are available.
L 01/02/2025 - 22:27:07: SourceMod log file session started (file "C:\Users\RobotComp.ru\Desktop\server\tf2\tf\addons\sourcemod\logs\L20250102.log") (Version "1.12.0.7176")
L 01/02/2025 - 22:27:07: [TF2ITEMS] "GiveNamedItem" offset = 486
L 01/02/2025 - 22:27:07: [vip-system.smx] [VIP] Configuration file loaded correctly! 3 commands are available.
L 01/02/2025 - 22:27:12: [vip-system.smx] [VIP] Configuration file loaded correctly! 3 commands are available.
L 01/02/2025 - 22:28:21: SourceMod log file session started (file "C:\Users\RobotComp.ru\Desktop\server\tf2\tf\addons\sourcemod\logs\L20250102.log") (Version "1.12.0.7176")
L 01/02/2025 - 22:28:21: [TF2ITEMS] "GiveNamedItem" offset = 486
L 01/02/2025 - 22:28:22: [vip-system.smx] [VIP] Configuration file loaded correctly! 3 commands are available.
L 01/02/2025 - 22:28:26: [vip-system.smx] [VIP] Configuration file loaded correctly! 3 commands are available.
L 01/02/2025 - 22:29:08: SourceMod log file session started (file "C:\Users\RobotComp.ru\Desktop\server\tf2\tf\addons\sourcemod\logs\L20250102.log") (Version "1.12.0.7176")
L 01/02/2025 - 22:29:08: [TF2ITEMS] "GiveNamedItem" offset = 486
L 01/02/2025 - 22:29:08: [vip-system.smx] [VIP] Configuration file loaded correctly! 3 commands are available.
L 01/02/2025 - 22:29:13: [vip-system.smx] [VIP] Configuration file loaded correctly! 3 commands are available.
L 01/02/2025 - 22:31:27: SourceMod log file session started (file "C:\Users\RobotComp.ru\Desktop\server\tf2\tf\addons\sourcemod\logs\L20250102.log") (Version "1.12.0.7176")
L 01/02/2025 - 22:31:27: [TF2ITEMS] "GiveNamedItem" offset = 486
L 01/02/2025 - 22:31:27: [vip-system.smx] [VIP] Configuration file loaded correctly! 3 commands are available.
L 01/02/2025 - 22:31:32: [vip-system.smx] [VIP] Configuration file loaded correctly! 3 commands are available.
L 01/02/2025 - 22:42:30: SourceMod log file session started (file "C:\Users\RobotComp.ru\Desktop\server\tf2\tf\addons\sourcemod\logs\L20250102.log") (Version "1.12.0.7176")
L 01/02/2025 - 22:42:30: [TF2ITEMS] "GiveNamedItem" offset = 486
L 01/02/2025 - 22:42:30: [vip-system.smx] [VIP] Configuration file loaded correctly! 3 commands are available.
L 01/02/2025 - 22:42:35: [vip-system.smx] [VIP] Configuration file loaded correctly! 3 commands are available.
L 01/02/2025 - 22:43:53: SourceMod log file session started (file "C:\Users\RobotComp.ru\Desktop\server\tf2\tf\addons\sourcemod\logs\L20250102.log") (Version "1.12.0.7176")
L 01/02/2025 - 22:43:53: [TF2ITEMS] "GiveNamedItem" offset = 486
L 01/02/2025 - 22:43:53: [vip-system.smx] [VIP] Configuration file loaded correctly! 3 commands are available.
L 01/02/2025 - 22:43:58: [vip-system.smx] [VIP] Configuration file loaded correctly! 3 commands are available.
L 01/02/2025 - 22:46:01: SourceMod log file session started (file "C:\Users\RobotComp.ru\Desktop\server\tf2\tf\addons\sourcemod\logs\L20250102.log") (Version "1.12.0.7176")
L 01/02/2025 - 22:46:01: [TF2ITEMS] "GiveNamedItem" offset = 486
L 01/02/2025 - 22:46:01: [vip-system.smx] [VIP] Configuration file loaded correctly! 3 commands are available.
L 01/02/2025 - 22:46:06: [vip-system.smx] [VIP] Configuration file loaded correctly! 3 commands are available.
L 01/02/2025 - 22:55:29: SourceMod log file session started (file "C:\Users\RobotComp.ru\Desktop\server\tf2\tf\addons\sourcemod\logs\L20250102.log") (Version "1.12.0.7176")
L 01/02/2025 - 22:55:29: [TF2ITEMS] "GiveNamedItem" offset = 486
L 01/02/2025 - 22:55:29: [vip-system.smx] [VIP] Configuration file loaded correctly! 3 commands are available.
L 01/02/2025 - 22:55:34: [vip-system.smx] [VIP] Configuration file loaded correctly! 3 commands are available.
L 01/02/2025 - 22:57:06: SourceMod log file session started (file "C:\Users\RobotComp.ru\Desktop\server\tf2\tf\addons\sourcemod\logs\L20250102.log") (Version "1.12.0.7176")
L 01/02/2025 - 22:57:06: [TF2ITEMS] "GiveNamedItem" offset = 486
L 01/02/2025 - 22:57:06: [vip-system.smx] [VIP] Configuration file loaded correctly! 3 commands are available.
L 01/02/2025 - 22:57:10: [vip-system.smx] [VIP] Configuration file loaded correctly! 3 commands are available.
L 01/02/2025 - 22:57:58: SourceMod log file session started (file "C:\Users\RobotComp.ru\Desktop\server\tf2\tf\addons\sourcemod\logs\L20250102.log") (Version "1.12.0.7176")
L 01/02/2025 - 22:57:58: [TF2ITEMS] "GiveNamedItem" offset = 486
L 01/02/2025 - 22:57:58: [vip-system.smx] [VIP] Configuration file loaded correctly! 3 commands are available.
L 01/02/2025 - 22:58:02: [vip-system.smx] [VIP] Configuration file loaded correctly! 3 commands are available.
L 01/02/2025 - 22:58:46: SourceMod log file session started (file "C:\Users\RobotComp.ru\Desktop\server\tf2\tf\addons\sourcemod\logs\L20250102.log") (Version "1.12.0.7176")
L 01/02/2025 - 22:58:46: [TF2ITEMS] "GiveNamedItem" offset = 486
L 01/02/2025 - 22:58:46: [vip-system.smx] [VIP] Configuration file loaded correctly! 3 commands are available.
L 01/02/2025 - 22:58:51: [vip-system.smx] [VIP] Configuration file loaded correctly! 3 commands are available.
L 01/02/2025 - 23:01:02: SourceMod log file session started (file "C:\Users\RobotComp.ru\Desktop\server\tf2\tf\addons\sourcemod\logs\L20250102.log") (Version "1.12.0.7176")
L 01/02/2025 - 23:01:02: [TF2ITEMS] "GiveNamedItem" offset = 486
L 01/02/2025 - 23:01:02: [vip-system.smx] [VIP] Configuration file loaded correctly! 3 commands are available.
L 01/02/2025 - 23:01:07: [vip-system.smx] [VIP] Configuration file loaded correctly! 3 commands are available.
L 01/02/2025 - 23:06:44: SourceMod log file session started (file "C:\Users\RobotComp.ru\Desktop\server\tf2\tf\addons\sourcemod\logs\L20250102.log") (Version "1.12.0.7176")
L 01/02/2025 - 23:06:44: [TF2ITEMS] "GiveNamedItem" offset = 486
L 01/02/2025 - 23:06:44: [vip-system.smx] [VIP] Configuration file loaded correctly! 3 commands are available.
L 01/02/2025 - 23:06:49: [vip-system.smx] [VIP] Configuration file loaded correctly! 3 commands are available.
L 01/02/2025 - 23:10:51: SourceMod log file session started (file "C:\Users\RobotComp.ru\Desktop\server\tf2\tf\addons\sourcemod\logs\L20250102.log") (Version "1.12.0.7176")
L 01/02/2025 - 23:10:51: [TF2ITEMS] "GiveNamedItem" offset = 486
L 01/02/2025 - 23:10:51: [vip-system.smx] [VIP] Configuration file loaded correctly! 3 commands are available.
L 01/02/2025 - 23:10:56: [vip-system.smx] [VIP] Configuration file loaded correctly! 3 commands are available.
L 01/02/2025 - 23:15:23: SourceMod log file session started (file "C:\Users\RobotComp.ru\Desktop\server\tf2\tf\addons\sourcemod\logs\L20250102.log") (Version "1.12.0.7176")
L 01/02/2025 - 23:15:23: [TF2ITEMS] "GiveNamedItem" offset = 486
L 01/02/2025 - 23:15:23: [vip-system.smx] [VIP] Configuration file loaded correctly! 3 commands are available.
L 01/02/2025 - 23:15:28: [vip-system.smx] [VIP] Configuration file loaded correctly! 3 commands are available.
L 01/02/2025 - 23:19:18: SourceMod log file session started (file "C:\Users\RobotComp.ru\Desktop\server\tf2\tf\addons\sourcemod\logs\L20250102.log") (Version "1.12.0.7176")
L 01/02/2025 - 23:19:18: [TF2ITEMS] "GiveNamedItem" offset = 486
L 01/02/2025 - 23:19:19: [vip-system.smx] [VIP] Configuration file loaded correctly! 3 commands are available.
L 01/02/2025 - 23:19:23: [vip-system.smx] [VIP] Configuration file loaded correctly! 3 commands are available.
L 01/02/2025 - 23:21:32: SourceMod log file session started (file "C:\Users\RobotComp.ru\Desktop\server\tf2\tf\addons\sourcemod\logs\L20250102.log") (Version "1.12.0.7176")
L 01/02/2025 - 23:21:32: [TF2ITEMS] "GiveNamedItem" offset = 486
L 01/02/2025 - 23:21:32: [vip-system.smx] [VIP] Configuration file loaded correctly! 3 commands are available.
L 01/02/2025 - 23:21:37: [vip-system.smx] [VIP] Configuration file loaded correctly! 3 commands are available.
L 01/02/2025 - 23:26:45: SourceMod log file session started (file "C:\Users\RobotComp.ru\Desktop\server\tf2\tf\addons\sourcemod\logs\L20250102.log") (Version "1.12.0.7176")
L 01/02/2025 - 23:26:45: [TF2ITEMS] "GiveNamedItem" offset = 486
L 01/02/2025 - 23:26:46: [vip-system.smx] [VIP] Configuration file loaded correctly! 3 commands are available.
L 01/02/2025 - 23:26:50: [vip-system.smx] [VIP] Configuration file loaded correctly! 3 commands are available.
L 01/02/2025 - 23:31:20: SourceMod log file session started (file "C:\Users\RobotComp.ru\Desktop\server\tf2\tf\addons\sourcemod\logs\L20250102.log") (Version "1.12.0.7176")
L 01/02/2025 - 23:31:20: [TF2ITEMS] "GiveNamedItem" offset = 486
L 01/02/2025 - 23:31:21: [vip-system.smx] [VIP] Configuration file loaded correctly! 3 commands are available.
L 01/02/2025 - 23:31:25: [vip-system.smx] [VIP] Configuration file loaded correctly! 3 commands are available.
L 01/02/2025 - 23:33:43: SourceMod log file session started (file "C:\Users\RobotComp.ru\Desktop\server\tf2\tf\addons\sourcemod\logs\L20250102.log") (Version "1.12.0.7176")
L 01/02/2025 - 23:33:43: [TF2ITEMS] "GiveNamedItem" offset = 486
L 01/02/2025 - 23:33:43: [vip-system.smx] [VIP] Configuration file loaded correctly! 3 commands are available.
L 01/02/2025 - 23:33:48: [vip-system.smx] [VIP] Configuration file loaded correctly! 3 commands are available.
L 01/02/2025 - 23:34:26: SourceMod log file session started (file "C:\Users\RobotComp.ru\Desktop\server\tf2\tf\addons\sourcemod\logs\L20250102.log") (Version "1.12.0.7176")
L 01/02/2025 - 23:34:26: [TF2ITEMS] "GiveNamedItem" offset = 486
L 01/02/2025 - 23:34:26: [vip-system.smx] [VIP] Configuration file loaded correctly! 3 commands are available.
L 01/02/2025 - 23:34:30: [vip-system.smx] [VIP] Configuration file loaded correctly! 3 commands are available.
L 01/02/2025 - 23:34:59: SourceMod log file session started (file "C:\Users\RobotComp.ru\Desktop\server\tf2\tf\addons\sourcemod\logs\L20250102.log") (Version "1.12.0.7176")
L 01/02/2025 - 23:34:59: [TF2ITEMS] "GiveNamedItem" offset = 486
L 01/02/2025 - 23:34:59: [vip-system.smx] [VIP] Configuration file loaded correctly! 3 commands are available.
L 01/02/2025 - 23:35:04: [vip-system.smx] [VIP] Configuration file loaded correctly! 3 commands are available.
L 01/02/2025 - 23:42:00: SourceMod log file session started (file "C:\Users\RobotComp.ru\Desktop\server\tf2\tf\addons\sourcemod\logs\L20250102.log") (Version "1.12.0.7176")
L 01/02/2025 - 23:42:00: [TF2ITEMS] "GiveNamedItem" offset = 486
L 01/02/2025 - 23:42:00: [vip-system.smx] [VIP] Configuration file loaded correctly! 3 commands are available.
L 01/02/2025 - 23:42:05: [vip-system.smx] [VIP] Configuration file loaded correctly! 3 commands are available.
L 01/02/2025 - 23:45:51: SourceMod log file session started (file "C:\Users\RobotComp.ru\Desktop\server\tf2\tf\addons\sourcemod\logs\L20250102.log") (Version "1.12.0.7176")
L 01/02/2025 - 23:45:51: [TF2ITEMS] "GiveNamedItem" offset = 486
L 01/02/2025 - 23:45:51: [vip-system.smx] [VIP] Configuration file loaded correctly! 3 commands are available.
L 01/02/2025 - 23:45:56: [vip-system.smx] [VIP] Configuration file loaded correctly! 3 commands are available.
L 01/02/2025 - 23:51:03: SourceMod log file session started (file "C:\Users\RobotComp.ru\Desktop\server\tf2\tf\addons\sourcemod\logs\L20250102.log") (Version "1.12.0.7176")
L 01/02/2025 - 23:51:03: [TF2ITEMS] "GiveNamedItem" offset = 486
L 01/02/2025 - 23:51:04: [vip-system.smx] [VIP] Configuration file loaded correctly! 3 commands are available.
L 01/02/2025 - 23:51:09: [vip-system.smx] [VIP] Configuration file loaded correctly! 3 commands are available.
