L 01/03/2025 - 00:08:46: SourceMod log file session started (file "C:\Users\RobotComp.ru\Desktop\server\tf2\tf\addons\sourcemod\logs\L20250103.log") (Version "1.12.0.7176")
L 01/03/2025 - 00:08:46: [TF2ITEMS] "GiveNamedItem" offset = 486
L 01/03/2025 - 00:08:46: [vip-system.smx] [VIP] Configuration file loaded correctly! 3 commands are available.
L 01/03/2025 - 00:08:51: [vip-system.smx] [VIP] Configuration file loaded correctly! 3 commands are available.
L 01/03/2025 - 00:09:41: SourceMod log file session started (file "C:\Users\RobotComp.ru\Desktop\server\tf2\tf\addons\sourcemod\logs\L20250103.log") (Version "1.12.0.7176")
L 01/03/2025 - 00:09:41: [TF2ITEMS] "GiveNamedItem" offset = 486
L 01/03/2025 - 00:09:41: [vip-system.smx] [VIP] Configuration file loaded correctly! 3 commands are available.
L 01/03/2025 - 00:09:46: [vip-system.smx] [VIP] Configuration file loaded correctly! 3 commands are available.
L 01/03/2025 - 00:12:40: SourceMod log file session started (file "C:\Users\RobotComp.ru\Desktop\server\tf2\tf\addons\sourcemod\logs\L20250103.log") (Version "1.12.0.7176")
L 01/03/2025 - 00:12:40: [TF2ITEMS] "GiveNamedItem" offset = 486
L 01/03/2025 - 00:12:40: [vip-system.smx] [VIP] Configuration file loaded correctly! 3 commands are available.
L 01/03/2025 - 00:12:45: [vip-system.smx] [VIP] Configuration file loaded correctly! 3 commands are available.
L 01/03/2025 - 00:13:39: SourceMod log file session started (file "C:\Users\RobotComp.ru\Desktop\server\tf2\tf\addons\sourcemod\logs\L20250103.log") (Version "1.12.0.7176")
L 01/03/2025 - 00:13:39: [TF2ITEMS] "GiveNamedItem" offset = 486
L 01/03/2025 - 00:13:40: [vip-system.smx] [VIP] Configuration file loaded correctly! 3 commands are available.
L 01/03/2025 - 00:13:44: [vip-system.smx] [VIP] Configuration file loaded correctly! 3 commands are available.
L 01/03/2025 - 00:15:26: SourceMod log file session started (file "C:\Users\RobotComp.ru\Desktop\server\tf2\tf\addons\sourcemod\logs\L20250103.log") (Version "1.12.0.7176")
L 01/03/2025 - 00:15:26: [TF2ITEMS] "GiveNamedItem" offset = 486
L 01/03/2025 - 00:15:26: [vip-system.smx] [VIP] Configuration file loaded correctly! 3 commands are available.
L 01/03/2025 - 00:15:31: [vip-system.smx] [VIP] Configuration file loaded correctly! 3 commands are available.
L 01/03/2025 - 00:17:18: SourceMod log file session started (file "C:\Users\RobotComp.ru\Desktop\server\tf2\tf\addons\sourcemod\logs\L20250103.log") (Version "1.12.0.7176")
L 01/03/2025 - 00:17:18: [TF2ITEMS] "GiveNamedItem" offset = 486
L 01/03/2025 - 00:17:18: [vip-system.smx] [VIP] Configuration file loaded correctly! 3 commands are available.
L 01/03/2025 - 00:17:23: [vip-system.smx] [VIP] Configuration file loaded correctly! 3 commands are available.
L 01/03/2025 - 00:18:22: SourceMod log file session started (file "C:\Users\RobotComp.ru\Desktop\server\tf2\tf\addons\sourcemod\logs\L20250103.log") (Version "1.12.0.7176")
L 01/03/2025 - 00:18:22: [TF2ITEMS] "GiveNamedItem" offset = 486
L 01/03/2025 - 00:18:22: [vip-system.smx] [VIP] Configuration file loaded correctly! 3 commands are available.
L 01/03/2025 - 00:18:27: [vip-system.smx] [VIP] Configuration file loaded correctly! 3 commands are available.
L 01/03/2025 - 00:19:06: SourceMod log file session started (file "C:\Users\RobotComp.ru\Desktop\server\tf2\tf\addons\sourcemod\logs\L20250103.log") (Version "1.12.0.7176")
L 01/03/2025 - 00:19:06: [TF2ITEMS] "GiveNamedItem" offset = 486
L 01/03/2025 - 00:19:06: [vip-system.smx] [VIP] Configuration file loaded correctly! 3 commands are available.
L 01/03/2025 - 00:19:11: [vip-system.smx] [VIP] Configuration file loaded correctly! 3 commands are available.
L 01/03/2025 - 00:20:51: SourceMod log file session started (file "C:\Users\RobotComp.ru\Desktop\server\tf2\tf\addons\sourcemod\logs\L20250103.log") (Version "1.12.0.7176")
L 01/03/2025 - 00:20:51: [TF2ITEMS] "GiveNamedItem" offset = 486
L 01/03/2025 - 00:20:52: [vip-system.smx] [VIP] Configuration file loaded correctly! 3 commands are available.
L 01/03/2025 - 00:20:56: [vip-system.smx] [VIP] Configuration file loaded correctly! 3 commands are available.
L 01/03/2025 - 00:22:45: SourceMod log file session started (file "C:\Users\RobotComp.ru\Desktop\server\tf2\tf\addons\sourcemod\logs\L20250103.log") (Version "1.12.0.7176")
L 01/03/2025 - 00:22:45: [TF2ITEMS] "GiveNamedItem" offset = 486
L 01/03/2025 - 00:22:46: [vip-system.smx] [VIP] Configuration file loaded correctly! 3 commands are available.
L 01/03/2025 - 00:22:50: [vip-system.smx] [VIP] Configuration file loaded correctly! 3 commands are available.
L 01/03/2025 - 00:24:38: SourceMod log file session started (file "C:\Users\RobotComp.ru\Desktop\server\tf2\tf\addons\sourcemod\logs\L20250103.log") (Version "1.12.0.7176")
L 01/03/2025 - 00:24:38: [TF2ITEMS] "GiveNamedItem" offset = 486
L 01/03/2025 - 00:24:38: [vip-system.smx] [VIP] Configuration file loaded correctly! 3 commands are available.
L 01/03/2025 - 00:24:42: [vip-system.smx] [VIP] Configuration file loaded correctly! 3 commands are available.
L 01/03/2025 - 00:30:25: SourceMod log file session started (file "C:\Users\RobotComp.ru\Desktop\server\tf2\tf\addons\sourcemod\logs\L20250103.log") (Version "1.12.0.7176")
L 01/03/2025 - 00:30:25: [TF2ITEMS] "GiveNamedItem" offset = 486
L 01/03/2025 - 00:30:25: [vip-system.smx] [VIP] Configuration file loaded correctly! 3 commands are available.
L 01/03/2025 - 00:30:30: [vip-system.smx] [VIP] Configuration file loaded correctly! 3 commands are available.
L 01/03/2025 - 00:31:05: SourceMod log file session started (file "C:\Users\RobotComp.ru\Desktop\server\tf2\tf\addons\sourcemod\logs\L20250103.log") (Version "1.12.0.7176")
L 01/03/2025 - 00:31:05: [TF2ITEMS] "GiveNamedItem" offset = 486
L 01/03/2025 - 00:31:05: [vip-system.smx] [VIP] Configuration file loaded correctly! 3 commands are available.
L 01/03/2025 - 00:31:09: [vip-system.smx] [VIP] Configuration file loaded correctly! 3 commands are available.
L 01/03/2025 - 12:46:29: SourceMod log file session started (file "C:\Users\RobotComp.ru\Desktop\server\tf2\tf\addons\sourcemod\logs\L20250103.log") (Version "1.12.0.7176")
L 01/03/2025 - 12:46:29: [TF2ITEMS] "GiveNamedItem" offset = 486
L 01/03/2025 - 12:46:35: [vip-system.smx] [VIP] Configuration file loaded correctly! 3 commands are available.
L 01/03/2025 - 12:46:41: [vip-system.smx] [VIP] Configuration file loaded correctly! 3 commands are available.
L 01/03/2025 - 13:04:53: SourceMod log file session started (file "C:\Users\RobotComp.ru\Desktop\server\tf2\tf\addons\sourcemod\logs\L20250103.log") (Version "1.12.0.7176")
L 01/03/2025 - 13:04:53: [TF2ITEMS] "GiveNamedItem" offset = 486
L 01/03/2025 - 13:04:53: [vip-system.smx] [VIP] Configuration file loaded correctly! 3 commands are available.
L 01/03/2025 - 13:04:58: [vip-system.smx] [VIP] Configuration file loaded correctly! 3 commands are available.
L 01/03/2025 - 13:06:56: SourceMod log file session started (file "C:\Users\RobotComp.ru\Desktop\server\tf2\tf\addons\sourcemod\logs\L20250103.log") (Version "1.12.0.7176")
L 01/03/2025 - 13:06:56: [TF2ITEMS] "GiveNamedItem" offset = 486
L 01/03/2025 - 13:06:56: [vip-system.smx] [VIP] Configuration file loaded correctly! 3 commands are available.
L 01/03/2025 - 13:07:00: [vip-system.smx] [VIP] Configuration file loaded correctly! 3 commands are available.
L 01/03/2025 - 13:08:07: SourceMod log file session started (file "C:\Users\RobotComp.ru\Desktop\server\tf2\tf\addons\sourcemod\logs\L20250103.log") (Version "1.12.0.7176")
L 01/03/2025 - 13:08:07: [TF2ITEMS] "GiveNamedItem" offset = 486
L 01/03/2025 - 13:08:07: [vip-system.smx] [VIP] Configuration file loaded correctly! 3 commands are available.
L 01/03/2025 - 13:08:12: [vip-system.smx] [VIP] Configuration file loaded correctly! 3 commands are available.
L 01/03/2025 - 13:08:54: SourceMod log file session started (file "C:\Users\RobotComp.ru\Desktop\server\tf2\tf\addons\sourcemod\logs\L20250103.log") (Version "1.12.0.7176")
L 01/03/2025 - 13:08:54: [TF2ITEMS] "GiveNamedItem" offset = 486
L 01/03/2025 - 13:08:54: [vip-system.smx] [VIP] Configuration file loaded correctly! 3 commands are available.
L 01/03/2025 - 13:08:59: [vip-system.smx] [VIP] Configuration file loaded correctly! 3 commands are available.
L 01/03/2025 - 13:17:25: SourceMod log file session started (file "C:\Users\RobotComp.ru\Desktop\server\tf2\tf\addons\sourcemod\logs\L20250103.log") (Version "1.12.0.7176")
L 01/03/2025 - 13:17:25: [TF2ITEMS] "GiveNamedItem" offset = 486
L 01/03/2025 - 13:17:26: [vip-system.smx] [VIP] Configuration file loaded correctly! 3 commands are available.
L 01/03/2025 - 13:17:30: [vip-system.smx] [VIP] Configuration file loaded correctly! 3 commands are available.
L 01/03/2025 - 13:35:45: SourceMod log file session started (file "C:\Users\RobotComp.ru\Desktop\server\tf2\tf\addons\sourcemod\logs\L20250103.log") (Version "1.12.0.7176")
L 01/03/2025 - 13:35:45: [TF2ITEMS] "GiveNamedItem" offset = 486
L 01/03/2025 - 13:35:46: [vip-system.smx] [VIP] Configuration file loaded correctly! 3 commands are available.
L 01/03/2025 - 13:35:50: [vip-system.smx] [VIP] Configuration file loaded correctly! 3 commands are available.
L 01/03/2025 - 13:49:24: SourceMod log file session started (file "C:\Users\RobotComp.ru\Desktop\server\tf2\tf\addons\sourcemod\logs\L20250103.log") (Version "1.12.0.7176")
L 01/03/2025 - 13:49:24: [TF2ITEMS] "GiveNamedItem" offset = 486
L 01/03/2025 - 13:49:24: [vip-system.smx] [VIP] Configuration file loaded correctly! 3 commands are available.
L 01/03/2025 - 13:49:29: [vip-system.smx] [VIP] Configuration file loaded correctly! 3 commands are available.
L 01/03/2025 - 14:44:45: SourceMod log file session started (file "C:\Users\RobotComp.ru\Desktop\server\tf2\tf\addons\sourcemod\logs\L20250103.log") (Version "1.12.0.7176")
L 01/03/2025 - 14:44:45: [TF2ITEMS] "GiveNamedItem" offset = 486
L 01/03/2025 - 14:44:46: [vip-system.smx] [VIP] Configuration file loaded correctly! 3 commands are available.
L 01/03/2025 - 14:44:50: [vip-system.smx] [VIP] Configuration file loaded correctly! 3 commands are available.
L 01/03/2025 - 15:13:01: SourceMod log file session started (file "C:\Users\RobotComp.ru\Desktop\server\tf2\tf\addons\sourcemod\logs\L20250103.log") (Version "1.12.0.7176")
L 01/03/2025 - 15:13:01: [TF2ITEMS] "GiveNamedItem" offset = 486
L 01/03/2025 - 15:13:02: [vip-system.smx] [VIP] Configuration file loaded correctly! 3 commands are available.
L 01/03/2025 - 15:13:06: [vip-system.smx] [VIP] Configuration file loaded correctly! 3 commands are available.
L 01/03/2025 - 15:14:41: SourceMod log file session started (file "C:\Users\RobotComp.ru\Desktop\server\tf2\tf\addons\sourcemod\logs\L20250103.log") (Version "1.12.0.7176")
L 01/03/2025 - 15:14:41: [TF2ITEMS] "GiveNamedItem" offset = 486
L 01/03/2025 - 15:14:41: [vip-system.smx] [VIP] Configuration file loaded correctly! 3 commands are available.
L 01/03/2025 - 15:14:46: [vip-system.smx] [VIP] Configuration file loaded correctly! 3 commands are available.
L 01/03/2025 - 15:15:46: SourceMod log file session started (file "C:\Users\RobotComp.ru\Desktop\server\tf2\tf\addons\sourcemod\logs\L20250103.log") (Version "1.12.0.7176")
L 01/03/2025 - 15:15:46: [TF2ITEMS] "GiveNamedItem" offset = 486
L 01/03/2025 - 15:15:46: [vip-system.smx] [VIP] Configuration file loaded correctly! 3 commands are available.
L 01/03/2025 - 15:15:50: [vip-system.smx] [VIP] Configuration file loaded correctly! 3 commands are available.
L 01/03/2025 - 15:20:41: SourceMod log file session started (file "C:\Users\RobotComp.ru\Desktop\server\tf2\tf\addons\sourcemod\logs\L20250103.log") (Version "1.12.0.7176")
L 01/03/2025 - 15:20:41: [TF2ITEMS] "GiveNamedItem" offset = 486
L 01/03/2025 - 15:20:42: [vip-system.smx] [VIP] Configuration file loaded correctly! 3 commands are available.
L 01/03/2025 - 15:20:46: [vip-system.smx] [VIP] Configuration file loaded correctly! 3 commands are available.
L 01/03/2025 - 15:36:38: SourceMod log file session started (file "C:\Users\RobotComp.ru\Desktop\server\tf2\tf\addons\sourcemod\logs\L20250103.log") (Version "1.12.0.7176")
L 01/03/2025 - 15:36:38: [TF2ITEMS] "GiveNamedItem" offset = 486
L 01/03/2025 - 15:36:38: [vip-system.smx] [VIP] Configuration file loaded correctly! 3 commands are available.
L 01/03/2025 - 15:36:43: [vip-system.smx] [VIP] Configuration file loaded correctly! 3 commands are available.
L 01/03/2025 - 15:41:22: SourceMod log file session started (file "C:\Users\RobotComp.ru\Desktop\server\tf2\tf\addons\sourcemod\logs\L20250103.log") (Version "1.12.0.7176")
L 01/03/2025 - 15:41:22: [TF2ITEMS] "GiveNamedItem" offset = 486
L 01/03/2025 - 15:41:23: [vip-system.smx] [VIP] Configuration file loaded correctly! 3 commands are available.
L 01/03/2025 - 15:41:27: [vip-system.smx] [VIP] Configuration file loaded correctly! 3 commands are available.
L 01/03/2025 - 15:43:58: SourceMod log file session started (file "C:\Users\RobotComp.ru\Desktop\server\tf2\tf\addons\sourcemod\logs\L20250103.log") (Version "1.12.0.7176")
L 01/03/2025 - 15:43:58: [TF2ITEMS] "GiveNamedItem" offset = 486
L 01/03/2025 - 15:43:58: [vip-system.smx] [VIP] Configuration file loaded correctly! 3 commands are available.
L 01/03/2025 - 15:44:03: [vip-system.smx] [VIP] Configuration file loaded correctly! 3 commands are available.
L 01/03/2025 - 15:46:17: SourceMod log file session started (file "C:\Users\RobotComp.ru\Desktop\server\tf2\tf\addons\sourcemod\logs\L20250103.log") (Version "1.12.0.7176")
L 01/03/2025 - 15:46:17: [TF2ITEMS] "GiveNamedItem" offset = 486
L 01/03/2025 - 15:46:17: [vip-system.smx] [VIP] Configuration file loaded correctly! 3 commands are available.
L 01/03/2025 - 15:46:21: [vip-system.smx] [VIP] Configuration file loaded correctly! 3 commands are available.
L 01/03/2025 - 15:59:23: SourceMod log file session started (file "C:\Users\RobotComp.ru\Desktop\server\tf2\tf\addons\sourcemod\logs\L20250103.log") (Version "1.12.0.7176")
L 01/03/2025 - 15:59:23: [TF2ITEMS] "GiveNamedItem" offset = 486
L 01/03/2025 - 15:59:23: [vip-system.smx] [VIP] Configuration file loaded correctly! 3 commands are available.
L 01/03/2025 - 15:59:28: [vip-system.smx] [VIP] Configuration file loaded correctly! 3 commands are available.
L 01/03/2025 - 16:01:15: SourceMod log file session started (file "C:\Users\RobotComp.ru\Desktop\server\tf2\tf\addons\sourcemod\logs\L20250103.log") (Version "1.12.0.7176")
L 01/03/2025 - 16:01:15: [TF2ITEMS] "GiveNamedItem" offset = 486
L 01/03/2025 - 16:01:16: [vip-system.smx] [VIP] Configuration file loaded correctly! 3 commands are available.
L 01/03/2025 - 16:01:20: [vip-system.smx] [VIP] Configuration file loaded correctly! 3 commands are available.
L 01/03/2025 - 16:59:53: SourceMod log file session started (file "C:\Users\RobotComp.ru\Desktop\server\tf2\tf\addons\sourcemod\logs\L20250103.log") (Version "1.12.0.7176")
L 01/03/2025 - 16:59:53: [TF2ITEMS] "GiveNamedItem" offset = 486
L 01/03/2025 - 16:59:53: [vip-system.smx] [VIP] Configuration file loaded correctly! 3 commands are available.
L 01/03/2025 - 16:59:58: [vip-system.smx] [VIP] Configuration file loaded correctly! 3 commands are available.
L 01/03/2025 - 17:01:46: SourceMod log file session started (file "C:\Users\RobotComp.ru\Desktop\server\tf2\tf\addons\sourcemod\logs\L20250103.log") (Version "1.12.0.7176")
L 01/03/2025 - 17:01:46: [TF2ITEMS] "GiveNamedItem" offset = 486
L 01/03/2025 - 17:01:47: [vip-system.smx] [VIP] Configuration file loaded correctly! 3 commands are available.
L 01/03/2025 - 17:01:51: [vip-system.smx] [VIP] Configuration file loaded correctly! 3 commands are available.
L 01/03/2025 - 17:03:27: SourceMod log file session started (file "C:\Users\RobotComp.ru\Desktop\server\tf2\tf\addons\sourcemod\logs\L20250103.log") (Version "1.12.0.7176")
L 01/03/2025 - 17:03:27: [TF2ITEMS] "GiveNamedItem" offset = 486
L 01/03/2025 - 17:03:27: [vip-system.smx] [VIP] Configuration file loaded correctly! 3 commands are available.
L 01/03/2025 - 17:03:32: [vip-system.smx] [VIP] Configuration file loaded correctly! 3 commands are available.
L 01/03/2025 - 17:04:25: SourceMod log file session started (file "C:\Users\RobotComp.ru\Desktop\server\tf2\tf\addons\sourcemod\logs\L20250103.log") (Version "1.12.0.7176")
L 01/03/2025 - 17:04:25: [TF2ITEMS] "GiveNamedItem" offset = 486
L 01/03/2025 - 17:04:25: [vip-system.smx] [VIP] Configuration file loaded correctly! 3 commands are available.
L 01/03/2025 - 17:04:30: [vip-system.smx] [VIP] Configuration file loaded correctly! 3 commands are available.
L 01/03/2025 - 17:05:29: SourceMod log file session started (file "C:\Users\RobotComp.ru\Desktop\server\tf2\tf\addons\sourcemod\logs\L20250103.log") (Version "1.12.0.7176")
L 01/03/2025 - 17:05:29: [TF2ITEMS] "GiveNamedItem" offset = 486
L 01/03/2025 - 17:05:29: [vip-system.smx] [VIP] Configuration file loaded correctly! 3 commands are available.
L 01/03/2025 - 17:05:34: [vip-system.smx] [VIP] Configuration file loaded correctly! 3 commands are available.
L 01/03/2025 - 17:06:55: SourceMod log file session started (file "C:\Users\RobotComp.ru\Desktop\server\tf2\tf\addons\sourcemod\logs\L20250103.log") (Version "1.12.0.7176")
L 01/03/2025 - 17:06:55: [TF2ITEMS] "GiveNamedItem" offset = 486
L 01/03/2025 - 17:06:55: [vip-system.smx] [VIP] Configuration file loaded correctly! 3 commands are available.
L 01/03/2025 - 17:07:00: [vip-system.smx] [VIP] Configuration file loaded correctly! 3 commands are available.
L 01/03/2025 - 17:19:22: SourceMod log file session started (file "C:\Users\RobotComp.ru\Desktop\server\tf2\tf\addons\sourcemod\logs\L20250103.log") (Version "1.12.0.7176")
L 01/03/2025 - 17:19:22: [TF2ITEMS] "GiveNamedItem" offset = 486
L 01/03/2025 - 17:19:22: [vip-system.smx] [VIP] Configuration file loaded correctly! 3 commands are available.
L 01/03/2025 - 17:19:27: [vip-system.smx] [VIP] Configuration file loaded correctly! 3 commands are available.
L 01/03/2025 - 17:21:23: SourceMod log file session started (file "C:\Users\RobotComp.ru\Desktop\server\tf2\tf\addons\sourcemod\logs\L20250103.log") (Version "1.12.0.7176")
L 01/03/2025 - 17:21:23: [TF2ITEMS] "GiveNamedItem" offset = 486
L 01/03/2025 - 17:21:23: [vip-system.smx] [VIP] Configuration file loaded correctly! 3 commands are available.
L 01/03/2025 - 17:21:28: [vip-system.smx] [VIP] Configuration file loaded correctly! 3 commands are available.
L 01/03/2025 - 17:22:45: SourceMod log file session started (file "C:\Users\RobotComp.ru\Desktop\server\tf2\tf\addons\sourcemod\logs\L20250103.log") (Version "1.12.0.7176")
L 01/03/2025 - 17:22:45: [TF2ITEMS] "GiveNamedItem" offset = 486
L 01/03/2025 - 17:22:46: [vip-system.smx] [VIP] Configuration file loaded correctly! 3 commands are available.
L 01/03/2025 - 17:22:50: [vip-system.smx] [VIP] Configuration file loaded correctly! 3 commands are available.
L 01/03/2025 - 17:24:26: SourceMod log file session started (file "C:\Users\RobotComp.ru\Desktop\server\tf2\tf\addons\sourcemod\logs\L20250103.log") (Version "1.12.0.7176")
L 01/03/2025 - 17:24:26: [TF2ITEMS] "GiveNamedItem" offset = 486
L 01/03/2025 - 17:24:26: [vip-system.smx] [VIP] Configuration file loaded correctly! 3 commands are available.
L 01/03/2025 - 17:24:31: [vip-system.smx] [VIP] Configuration file loaded correctly! 3 commands are available.
L 01/03/2025 - 18:30:26: SourceMod log file session started (file "C:\Users\RobotComp.ru\Desktop\server\tf2\tf\addons\sourcemod\logs\L20250103.log") (Version "1.12.0.7176")
L 01/03/2025 - 18:30:26: [TF2ITEMS] "GiveNamedItem" offset = 486
L 01/03/2025 - 18:30:27: [vip-system.smx] [VIP] Configuration file loaded correctly! 3 commands are available.
L 01/03/2025 - 18:30:31: [vip-system.smx] [VIP] Configuration file loaded correctly! 3 commands are available.
L 01/03/2025 - 18:34:00: [playercommands.smx] "Hamayumi aka:ALGA<2><[U:1:1104371193]><>" slapped "Hamayumi aka:ALGA<2><[U:1:1104371193]><>" (damage "0")
L 01/03/2025 - 18:34:01: [playercommands.smx] "Hamayumi aka:ALGA<2><[U:1:1104371193]><>" slapped "Hamayumi aka:ALGA<2><[U:1:1104371193]><>" (damage "0")
L 01/03/2025 - 18:34:02: [playercommands.smx] "Hamayumi aka:ALGA<2><[U:1:1104371193]><>" slapped "Hamayumi aka:ALGA<2><[U:1:1104371193]><>" (damage "0")
L 01/03/2025 - 18:34:03: [playercommands.smx] "Hamayumi aka:ALGA<2><[U:1:1104371193]><>" slapped "Hamayumi aka:ALGA<2><[U:1:1104371193]><>" (damage "0")
L 01/03/2025 - 18:34:03: [playercommands.smx] "Hamayumi aka:ALGA<2><[U:1:1104371193]><>" slapped "Hamayumi aka:ALGA<2><[U:1:1104371193]><>" (damage "0")
L 01/03/2025 - 18:34:04: [playercommands.smx] "Hamayumi aka:ALGA<2><[U:1:1104371193]><>" slapped "Hamayumi aka:ALGA<2><[U:1:1104371193]><>" (damage "0")
L 01/03/2025 - 18:34:04: [playercommands.smx] "Hamayumi aka:ALGA<2><[U:1:1104371193]><>" slapped "Hamayumi aka:ALGA<2><[U:1:1104371193]><>" (damage "0")
L 01/03/2025 - 18:34:05: [playercommands.smx] "Hamayumi aka:ALGA<2><[U:1:1104371193]><>" slapped "Hamayumi aka:ALGA<2><[U:1:1104371193]><>" (damage "0")
L 01/03/2025 - 18:34:05: [playercommands.smx] "Hamayumi aka:ALGA<2><[U:1:1104371193]><>" slapped "Hamayumi aka:ALGA<2><[U:1:1104371193]><>" (damage "0")
L 01/03/2025 - 18:34:06: [playercommands.smx] "Hamayumi aka:ALGA<2><[U:1:1104371193]><>" slapped "Hamayumi aka:ALGA<2><[U:1:1104371193]><>" (damage "0")
L 01/03/2025 - 18:34:06: [playercommands.smx] "Hamayumi aka:ALGA<2><[U:1:1104371193]><>" slapped "Hamayumi aka:ALGA<2><[U:1:1104371193]><>" (damage "0")
L 01/03/2025 - 18:34:06: [playercommands.smx] "Hamayumi aka:ALGA<2><[U:1:1104371193]><>" slapped "Hamayumi aka:ALGA<2><[U:1:1104371193]><>" (damage "0")
L 01/03/2025 - 18:34:06: [playercommands.smx] "Hamayumi aka:ALGA<2><[U:1:1104371193]><>" slapped "Hamayumi aka:ALGA<2><[U:1:1104371193]><>" (damage "0")
L 01/03/2025 - 18:34:07: [playercommands.smx] "Hamayumi aka:ALGA<2><[U:1:1104371193]><>" slapped "Hamayumi aka:ALGA<2><[U:1:1104371193]><>" (damage "0")
L 01/03/2025 - 18:34:07: [playercommands.smx] "Hamayumi aka:ALGA<2><[U:1:1104371193]><>" slapped "Hamayumi aka:ALGA<2><[U:1:1104371193]><>" (damage "0")
L 01/03/2025 - 18:34:07: [playercommands.smx] "Hamayumi aka:ALGA<2><[U:1:1104371193]><>" slapped "Hamayumi aka:ALGA<2><[U:1:1104371193]><>" (damage "0")
L 01/03/2025 - 18:34:07: [playercommands.smx] "Hamayumi aka:ALGA<2><[U:1:1104371193]><>" slapped "Hamayumi aka:ALGA<2><[U:1:1104371193]><>" (damage "0")
L 01/03/2025 - 18:34:08: [playercommands.smx] "Hamayumi aka:ALGA<2><[U:1:1104371193]><>" slapped "Hamayumi aka:ALGA<2><[U:1:1104371193]><>" (damage "0")
L 01/03/2025 - 18:34:08: [playercommands.smx] "Hamayumi aka:ALGA<2><[U:1:1104371193]><>" slapped "Hamayumi aka:ALGA<2><[U:1:1104371193]><>" (damage "0")
L 01/03/2025 - 18:34:08: [playercommands.smx] "Hamayumi aka:ALGA<2><[U:1:1104371193]><>" slapped "Hamayumi aka:ALGA<2><[U:1:1104371193]><>" (damage "0")
L 01/03/2025 - 18:34:08: [playercommands.smx] "Hamayumi aka:ALGA<2><[U:1:1104371193]><>" slapped "Hamayumi aka:ALGA<2><[U:1:1104371193]><>" (damage "0")
L 01/03/2025 - 18:34:09: [playercommands.smx] "Hamayumi aka:ALGA<2><[U:1:1104371193]><>" slapped "Hamayumi aka:ALGA<2><[U:1:1104371193]><>" (damage "0")
L 01/03/2025 - 18:34:09: [playercommands.smx] "Hamayumi aka:ALGA<2><[U:1:1104371193]><>" slapped "Hamayumi aka:ALGA<2><[U:1:1104371193]><>" (damage "0")
L 01/03/2025 - 18:34:09: [playercommands.smx] "Hamayumi aka:ALGA<2><[U:1:1104371193]><>" slapped "Hamayumi aka:ALGA<2><[U:1:1104371193]><>" (damage "0")
L 01/03/2025 - 18:34:09: [playercommands.smx] "Hamayumi aka:ALGA<2><[U:1:1104371193]><>" slapped "Hamayumi aka:ALGA<2><[U:1:1104371193]><>" (damage "0")
L 01/03/2025 - 18:34:10: [playercommands.smx] "Hamayumi aka:ALGA<2><[U:1:1104371193]><>" slapped "Hamayumi aka:ALGA<2><[U:1:1104371193]><>" (damage "0")
L 01/03/2025 - 18:34:10: [playercommands.smx] "Hamayumi aka:ALGA<2><[U:1:1104371193]><>" slapped "Hamayumi aka:ALGA<2><[U:1:1104371193]><>" (damage "0")
L 01/03/2025 - 18:34:10: [playercommands.smx] "Hamayumi aka:ALGA<2><[U:1:1104371193]><>" slapped "Hamayumi aka:ALGA<2><[U:1:1104371193]><>" (damage "0")
L 01/03/2025 - 18:34:10: [playercommands.smx] "Hamayumi aka:ALGA<2><[U:1:1104371193]><>" slapped "Hamayumi aka:ALGA<2><[U:1:1104371193]><>" (damage "0")
L 01/03/2025 - 18:34:11: [playercommands.smx] "Hamayumi aka:ALGA<2><[U:1:1104371193]><>" slapped "Hamayumi aka:ALGA<2><[U:1:1104371193]><>" (damage "0")
L 01/03/2025 - 18:34:11: [playercommands.smx] "Hamayumi aka:ALGA<2><[U:1:1104371193]><>" slapped "Hamayumi aka:ALGA<2><[U:1:1104371193]><>" (damage "0")
L 01/03/2025 - 18:34:11: [playercommands.smx] "Hamayumi aka:ALGA<2><[U:1:1104371193]><>" slapped "Hamayumi aka:ALGA<2><[U:1:1104371193]><>" (damage "0")
L 01/03/2025 - 18:34:11: [playercommands.smx] "Hamayumi aka:ALGA<2><[U:1:1104371193]><>" slapped "Hamayumi aka:ALGA<2><[U:1:1104371193]><>" (damage "0")
L 01/03/2025 - 18:34:11: [playercommands.smx] "Hamayumi aka:ALGA<2><[U:1:1104371193]><>" slapped "Hamayumi aka:ALGA<2><[U:1:1104371193]><>" (damage "0")
L 01/03/2025 - 18:34:12: [playercommands.smx] "Hamayumi aka:ALGA<2><[U:1:1104371193]><>" slapped "Hamayumi aka:ALGA<2><[U:1:1104371193]><>" (damage "0")
L 01/03/2025 - 18:34:12: [playercommands.smx] "Hamayumi aka:ALGA<2><[U:1:1104371193]><>" slapped "Hamayumi aka:ALGA<2><[U:1:1104371193]><>" (damage "0")
L 01/03/2025 - 18:34:12: [playercommands.smx] "Hamayumi aka:ALGA<2><[U:1:1104371193]><>" slapped "Hamayumi aka:ALGA<2><[U:1:1104371193]><>" (damage "0")
L 01/03/2025 - 18:34:12: [playercommands.smx] "Hamayumi aka:ALGA<2><[U:1:1104371193]><>" slapped "Hamayumi aka:ALGA<2><[U:1:1104371193]><>" (damage "0")
L 01/03/2025 - 18:34:13: [playercommands.smx] "Hamayumi aka:ALGA<2><[U:1:1104371193]><>" slapped "Hamayumi aka:ALGA<2><[U:1:1104371193]><>" (damage "0")
L 01/03/2025 - 18:34:13: [playercommands.smx] "Hamayumi aka:ALGA<2><[U:1:1104371193]><>" slapped "Hamayumi aka:ALGA<2><[U:1:1104371193]><>" (damage "0")
L 01/03/2025 - 18:34:13: [playercommands.smx] "Hamayumi aka:ALGA<2><[U:1:1104371193]><>" slapped "Hamayumi aka:ALGA<2><[U:1:1104371193]><>" (damage "0")
L 01/03/2025 - 18:38:06: [funcommands.smx] "Hamayumi aka:ALGA<2><[U:1:1104371193]><>" set gravity on "Hamayumi aka:ALGA<2><[U:1:1104371193]><>" (amount "0.100000")
L 01/03/2025 - 18:38:10: [funcommands.smx] "Hamayumi aka:ALGA<2><[U:1:1104371193]><>" set gravity on "Hamayumi aka:ALGA<2><[U:1:1104371193]><>" (amount "4.000000")
L 01/03/2025 - 18:38:16: [funcommands.smx] "Hamayumi aka:ALGA<2><[U:1:1104371193]><>" set gravity on "Hamayumi aka:ALGA<2><[U:1:1104371193]><>" (amount "2.000000")
L 01/03/2025 - 18:39:08: [funcommands.smx] "Hamayumi aka:ALGA<2><[U:1:1104371193]><>" set gravity on "Hamayumi aka:ALGA<2><[U:1:1104371193]><>" (amount "1.000000")
L 01/03/2025 - 18:39:16: [funcommands.smx] "Hamayumi aka:ALGA<2><[U:1:1104371193]><>" toggled noclip on "Hamayumi aka:ALGA<2><[U:1:1104371193]><>"
L 01/03/2025 - 18:39:19: [funcommands.smx] "Hamayumi aka:ALGA<2><[U:1:1104371193]><>" toggled noclip on "Hamayumi aka:ALGA<2><[U:1:1104371193]><>"
L 01/03/2025 - 18:39:22: [funcommands.smx] "Hamayumi aka:ALGA<2><[U:1:1104371193]><>" toggled noclip on "Hamayumi aka:ALGA<2><[U:1:1104371193]><>"
L 01/03/2025 - 18:39:23: [funcommands.smx] "Hamayumi aka:ALGA<2><[U:1:1104371193]><>" toggled noclip on "Hamayumi aka:ALGA<2><[U:1:1104371193]><>"
L 01/03/2025 - 18:39:23: [funcommands.smx] "Hamayumi aka:ALGA<2><[U:1:1104371193]><>" toggled noclip on "Hamayumi aka:ALGA<2><[U:1:1104371193]><>"
L 01/03/2025 - 18:39:26: [funcommands.smx] "Hamayumi aka:ALGA<2><[U:1:1104371193]><>" drugged "Hamayumi aka:ALGA<2><[U:1:1104371193]><>"
L 01/03/2025 - 18:39:27: [funcommands.smx] "Hamayumi aka:ALGA<2><[U:1:1104371193]><>" undrugged "Hamayumi aka:ALGA<2><[U:1:1104371193]><>"
L 01/03/2025 - 18:39:28: [funcommands.smx] "Hamayumi aka:ALGA<2><[U:1:1104371193]><>" drugged "Hamayumi aka:ALGA<2><[U:1:1104371193]><>"
L 01/03/2025 - 18:39:29: [funcommands.smx] "Hamayumi aka:ALGA<2><[U:1:1104371193]><>" undrugged "Hamayumi aka:ALGA<2><[U:1:1104371193]><>"
L 01/03/2025 - 18:39:30: [funcommands.smx] "Hamayumi aka:ALGA<2><[U:1:1104371193]><>" drugged "Hamayumi aka:ALGA<2><[U:1:1104371193]><>"
L 01/03/2025 - 18:39:36: [funcommands.smx] "Hamayumi aka:ALGA<2><[U:1:1104371193]><>" set blind on "Hamayumi aka:ALGA<2><[U:1:1104371193]><>" (amount "255")
L 01/03/2025 - 18:39:41: [funcommands.smx] "Hamayumi aka:ALGA<2><[U:1:1104371193]><>" set blind on "Hamayumi aka:ALGA<2><[U:1:1104371193]><>" (amount "0")
L 01/03/2025 - 18:39:43: [funcommands.smx] "Hamayumi aka:ALGA<2><[U:1:1104371193]><>" set blind on "Hamayumi aka:ALGA<2><[U:1:1104371193]><>" (amount "0")
L 01/03/2025 - 18:40:25: SourceMod log file session started (file "C:\Users\RobotComp.ru\Desktop\server\tf2\tf\addons\sourcemod\logs\L20250103.log") (Version "1.12.0.7176")
L 01/03/2025 - 18:40:25: [TF2ITEMS] "GiveNamedItem" offset = 486
L 01/03/2025 - 18:40:25: [vip-system.smx] [VIP] Configuration file loaded correctly! 3 commands are available.
L 01/03/2025 - 18:40:30: [vip-system.smx] [VIP] Configuration file loaded correctly! 3 commands are available.
L 01/03/2025 - 18:41:24: SourceMod log file session started (file "C:\Users\RobotComp.ru\Desktop\server\tf2\tf\addons\sourcemod\logs\L20250103.log") (Version "1.12.0.7176")
L 01/03/2025 - 18:41:24: [TF2ITEMS] "GiveNamedItem" offset = 486
L 01/03/2025 - 18:41:24: [vip-system.smx] [VIP] Configuration file loaded correctly! 3 commands are available.
L 01/03/2025 - 18:41:29: [vip-system.smx] [VIP] Configuration file loaded correctly! 3 commands are available.
L 01/03/2025 - 18:42:19: SourceMod log file session started (file "C:\Users\RobotComp.ru\Desktop\server\tf2\tf\addons\sourcemod\logs\L20250103.log") (Version "1.12.0.7176")
L 01/03/2025 - 18:42:19: [TF2ITEMS] "GiveNamedItem" offset = 486
L 01/03/2025 - 18:42:19: [vip-system.smx] [VIP] Configuration file loaded correctly! 3 commands are available.
L 01/03/2025 - 18:42:24: [vip-system.smx] [VIP] Configuration file loaded correctly! 3 commands are available.
L 01/03/2025 - 18:42:46: SourceMod log file session started (file "C:\Users\RobotComp.ru\Desktop\server\tf2\tf\addons\sourcemod\logs\L20250103.log") (Version "1.12.0.7176")
L 01/03/2025 - 18:42:46: [TF2ITEMS] "GiveNamedItem" offset = 486
L 01/03/2025 - 18:42:46: [vip-system.smx] [VIP] Configuration file loaded correctly! 3 commands are available.
L 01/03/2025 - 18:42:51: [vip-system.smx] [VIP] Configuration file loaded correctly! 3 commands are available.
L 01/03/2025 - 18:44:56: [funcommands.smx] "Hamayumi aka:ALGA<2><[U:1:1104371193]><>" toggled noclip on "Hamayumi aka:ALGA<2><[U:1:1104371193]><>"
L 01/03/2025 - 18:46:42: [playercommands.smx] "Hamayumi aka:ALGA<2><[U:1:1104371193]><>" renamed "Fanatic of the empire<3><[U:1:992139350]><>" (to "nati itFrmeri FFihnae")
L 01/03/2025 - 18:46:44: [playercommands.smx] "Hamayumi aka:ALGA<2><[U:1:1104371193]><>" renamed "nati itFrmeri FFihnae<3><[U:1:992139350]><>" (to "m a FnFttiFiaet FFrri")
L 01/03/2025 - 18:46:45: [playercommands.smx] "Hamayumi aka:ALGA<2><[U:1:1104371193]><>" renamed "m a FnFttiFiaet FFrri<3><[U:1:992139350]><>" (to "miFFiniatieFa eF Fnmi")
L 01/03/2025 - 18:46:45: [playercommands.smx] "Hamayumi aka:ALGA<2><[U:1:1104371193]><>" renamed "miFFiniatieFa eF Fnmi<3><[U:1:992139350]><>" (to "FFmimFt aiaaieniFiFee")
L 01/03/2025 - 18:46:45: [playercommands.smx] "Hamayumi aka:ALGA<2><[U:1:1104371193]><>" renamed "FFmimFt aiaaieniFiFee<3><[U:1:992139350]><>" (to "aFmFiimFieFnaanFiFFFi")
L 01/03/2025 - 18:46:46: [playercommands.smx] "Hamayumi aka:ALGA<2><[U:1:1104371193]><>" renamed "aFmFiimFieFnaanFiFFFi<3><[U:1:992139350]><>" (to "FFmaaaFimFFFaFaiaiaFm")
L 01/03/2025 - 18:46:46: [playercommands.smx] "Hamayumi aka:ALGA<2><[U:1:1104371193]><>" renamed "FFmaaaFimFFFaFaiaiaFm<3><[U:1:992139350]><>" (to "FaFaFiammFaFaFFimiamF")
L 01/03/2025 - 18:46:46: [playercommands.smx] "Hamayumi aka:ALGA<2><[U:1:1104371193]><>" renamed "FaFaFiammFaFaFFimiamF<3><[U:1:992139350]><>" (to "FmmFaFFFFFFaFFaimaFFm")
L 01/03/2025 - 18:46:46: [playercommands.smx] "Hamayumi aka:ALGA<2><[U:1:1104371193]><>" renamed "FmmFaFFFFFFaFFaimaFFm<3><[U:1:992139350]><>" (to "FFFFFFFFmamFFFFmFFFFi")
L 01/03/2025 - 18:46:46: [playercommands.smx] "Hamayumi aka:ALGA<2><[U:1:1104371193]><>" renamed "FFFFFFFFmamFFFFmFFFFi<3><[U:1:992139350]><>" (to "aaFFFmiiFFFFFmFFiFFFF")
L 01/03/2025 - 18:46:47: [playercommands.smx] "Hamayumi aka:ALGA<2><[U:1:1104371193]><>" renamed "aaFFFmiiFFFFFmFFiFFFF<3><[U:1:992139350]><>" (to "FFFFFFFFmiFaFFFFmFiFF")
L 01/03/2025 - 18:46:47: [playercommands.smx] "Hamayumi aka:ALGA<2><[U:1:1104371193]><>" renamed "FFFFFFFFmiFaFFFFmFiFF<3><[U:1:992139350]><>" (to "FFFFFiFFFFFFFFFFFFFFF")
L 01/03/2025 - 18:46:47: [playercommands.smx] "Hamayumi aka:ALGA<2><[U:1:1104371193]><>" renamed "FFFFFiFFFFFFFFFFFFFFF<3><[U:1:992139350]><>" (to "FiFFFFFFFFFFFFFFFFFFF")
L 01/03/2025 - 18:46:47: [playercommands.smx] "Hamayumi aka:ALGA<2><[U:1:1104371193]><>" renamed "FiFFFFFFFFFFFFFFFFFFF<3><[U:1:992139350]><>" (to "FFFFiFiFFFFFFFiFFFFFF")
L 01/03/2025 - 18:46:48: [playercommands.smx] "Hamayumi aka:ALGA<2><[U:1:1104371193]><>" renamed "FFFFiFiFFFFFFFiFFFFFF<3><[U:1:992139350]><>" (to "FFFFFFFiFFiiFFFFFFFFF")
L 01/03/2025 - 18:46:48: [playercommands.smx] "Hamayumi aka:ALGA<2><[U:1:1104371193]><>" renamed "FFFFFFFiFFiiFFFFFFFFF<3><[U:1:992139350]><>" (to "FiFFiFiFFFFFFFFFFFFFF")
L 01/03/2025 - 18:46:48: [playercommands.smx] "Hamayumi aka:ALGA<2><[U:1:1104371193]><>" renamed "FiFFiFiFFFFFFFFFFFFFF<3><[U:1:992139350]><>" (to "FFFFiiiFFFFFFFFFFFFFi")
L 01/03/2025 - 18:46:48: [playercommands.smx] "Hamayumi aka:ALGA<2><[U:1:1104371193]><>" renamed "FFFFiiiFFFFFFFFFFFFFi<3><[U:1:992139350]><>" (to "FiFiFFFFFFFiiFFiFFFFF")
L 01/03/2025 - 18:46:48: [playercommands.smx] "Hamayumi aka:ALGA<2><[U:1:1104371193]><>" renamed "FiFiFFFFFFFiiFFiFFFFF<3><[U:1:992139350]><>" (to "FFiFFFFFFFFFFFFFiiiFF")
L 01/03/2025 - 18:46:49: [playercommands.smx] "Hamayumi aka:ALGA<2><[U:1:1104371193]><>" renamed "FFiFFFFFFFFFFFFFiiiFF<3><[U:1:992139350]><>" (to "FFFFFFFFFFFFFFFFiFFFF")
L 01/03/2025 - 18:46:49: [playercommands.smx] "Hamayumi aka:ALGA<2><[U:1:1104371193]><>" renamed "FFFFFFFFFFFFFFFFiFFFF<3><[U:1:992139350]><>" (to "FFFiFFFFFFFFFFiFFFFFF")
L 01/03/2025 - 18:46:49: [playercommands.smx] "Hamayumi aka:ALGA<2><[U:1:1104371193]><>" renamed "FFFiFFFFFFFFFFiFFFFFF<3><[U:1:992139350]><>" (to "FFFFFFFFFFFFFFFiFFiFF")
L 01/03/2025 - 18:46:50: [playercommands.smx] "Hamayumi aka:ALGA<2><[U:1:1104371193]><>" renamed "FFFFFFFFFFFFFFFiFFiFF<3><[U:1:992139350]><>" (to "FFFFFFFFFFFFFiFFFFFFF")
L 01/03/2025 - 18:46:50: [playercommands.smx] "Hamayumi aka:ALGA<2><[U:1:1104371193]><>" renamed "FFFFFFFFFFFFFiFFFFFFF<3><[U:1:992139350]><>" (to "FFFFiFFFFFFiFFiiFFFFF")
L 01/03/2025 - 18:46:50: [playercommands.smx] "Hamayumi aka:ALGA<2><[U:1:1104371193]><>" renamed "FFFFiFFFFFFiFFiiFFFFF<3><[U:1:992139350]><>" (to "FFFFiiiFFFFFFFFFFFFii")
L 01/03/2025 - 18:46:50: [playercommands.smx] "Hamayumi aka:ALGA<2><[U:1:1104371193]><>" renamed "FFFFiiiFFFFFFFFFFFFii<3><[U:1:992139350]><>" (to "FFFFFiFFFFFFFFFFFFFFF")
L 01/03/2025 - 18:46:50: [playercommands.smx] "Hamayumi aka:ALGA<2><[U:1:1104371193]><>" renamed "FFFFFiFFFFFFFFFFFFFFF<3><[U:1:992139350]><>" (to "FFFFFFFFFFFFFFFFFFFFF")
L 01/03/2025 - 18:46:51: [playercommands.smx] "Hamayumi aka:ALGA<2><[U:1:1104371193]><>" renamed "FFFFFFFFFFFFFFFFFFFFF<3><[U:1:992139350]><>" (to "FFFFFFFFFFFFFFFFFFFFF")
L 01/03/2025 - 18:46:51: [playercommands.smx] "Hamayumi aka:ALGA<2><[U:1:1104371193]><>" renamed "FFFFFFFFFFFFFFFFFFFFF<3><[U:1:992139350]><>" (to "FFFFFFFFFFFFFFFFFFFFF")
L 01/03/2025 - 18:46:51: [playercommands.smx] "Hamayumi aka:ALGA<2><[U:1:1104371193]><>" renamed "FFFFFFFFFFFFFFFFFFFFF<3><[U:1:992139350]><>" (to "FFFFFFFFFFFFFFFFFFFFF")
L 01/03/2025 - 19:00:20: SourceMod log file session started (file "C:\Users\RobotComp.ru\Desktop\server\tf2\tf\addons\sourcemod\logs\L20250103.log") (Version "1.12.0.7176")
L 01/03/2025 - 19:00:20: [TF2ITEMS] "GiveNamedItem" offset = 486
L 01/03/2025 - 19:00:21: [vip-system.smx] [VIP] Configuration file loaded correctly! 3 commands are available.
L 01/03/2025 - 19:00:25: [vip-system.smx] [VIP] Configuration file loaded correctly! 3 commands are available.
L 01/03/2025 - 19:01:14: SourceMod log file session started (file "C:\Users\RobotComp.ru\Desktop\server\tf2\tf\addons\sourcemod\logs\L20250103.log") (Version "1.12.0.7176")
L 01/03/2025 - 19:01:14: [TF2ITEMS] "GiveNamedItem" offset = 486
L 01/03/2025 - 19:01:14: [vip-system.smx] [VIP] Configuration file loaded correctly! 3 commands are available.
L 01/03/2025 - 19:01:22: [vip-system.smx] [VIP] Configuration file loaded correctly! 3 commands are available.
L 01/03/2025 - 19:01:57: SourceMod log file session started (file "C:\Users\RobotComp.ru\Desktop\server\tf2\tf\addons\sourcemod\logs\L20250103.log") (Version "1.12.0.7176")
L 01/03/2025 - 19:01:57: [TF2ITEMS] "GiveNamedItem" offset = 486
L 01/03/2025 - 19:01:57: [vip-system.smx] [VIP] Configuration file loaded correctly! 3 commands are available.
L 01/03/2025 - 19:02:01: [vip-system.smx] [VIP] Configuration file loaded correctly! 3 commands are available.
L 01/03/2025 - 19:02:24: SourceMod log file session started (file "C:\Users\RobotComp.ru\Desktop\server\tf2\tf\addons\sourcemod\logs\L20250103.log") (Version "1.12.0.7176")
L 01/03/2025 - 19:02:24: [TF2ITEMS] "GiveNamedItem" offset = 486
L 01/03/2025 - 19:02:25: [vip-system.smx] [VIP] Configuration file loaded correctly! 3 commands are available.
L 01/03/2025 - 19:02:29: [vip-system.smx] [VIP] Configuration file loaded correctly! 3 commands are available.
L 01/03/2025 - 19:09:22: SourceMod log file session started (file "C:\Users\RobotComp.ru\Desktop\server\tf2\tf\addons\sourcemod\logs\L20250103.log") (Version "1.12.0.7176")
L 01/03/2025 - 19:09:22: [TF2ITEMS] "GiveNamedItem" offset = 486
L 01/03/2025 - 19:09:22: [vip-system.smx] [VIP] Configuration file loaded correctly! 3 commands are available.
L 01/03/2025 - 19:09:27: [vip-system.smx] [VIP] Configuration file loaded correctly! 3 commands are available.
L 01/03/2025 - 19:19:38: SourceMod log file session started (file "C:\Users\RobotComp.ru\Desktop\server\tf2\tf\addons\sourcemod\logs\L20250103.log") (Version "1.12.0.7176")
L 01/03/2025 - 19:19:38: [TF2ITEMS] "GiveNamedItem" offset = 486
L 01/03/2025 - 19:19:38: [vip-system.smx] [VIP] Configuration file loaded correctly! 3 commands are available.
L 01/03/2025 - 19:19:43: [vip-system.smx] [VIP] Configuration file loaded correctly! 3 commands are available.
L 01/03/2025 - 19:22:27: [funcommands.smx] "Hamayumi aka:ALGA<2><[U:1:1104371193]><>" toggled noclip on "Hamayumi aka:ALGA<2><[U:1:1104371193]><>"
L 01/03/2025 - 19:25:26: [SM] Changed map to "tc_hydro"
L 01/03/2025 - 19:25:28: -------- Mapchange to tc_hydro --------
L 01/03/2025 - 19:25:30: [vip-system.smx] [VIP] Configuration file loaded correctly! 3 commands are available.
L 01/03/2025 - 19:27:07: [SM] Changed map to "ctf_well"
L 01/03/2025 - 19:27:09: -------- Mapchange to ctf_well --------
L 01/03/2025 - 19:27:11: [vip-system.smx] [VIP] Configuration file loaded correctly! 3 commands are available.
L 01/03/2025 - 19:30:28: [SM] Changed map to "cp_badlands"
L 01/03/2025 - 19:30:30: -------- Mapchange to cp_badlands --------
L 01/03/2025 - 19:30:33: [vip-system.smx] [VIP] Configuration file loaded correctly! 3 commands are available.
L 01/03/2025 - 19:40:03: [playercommands.smx] "Hamayumi aka:ALGA<2><[U:1:1104371193]><>" slapped "Fanatic of the empire<5><[U:1:992139350]><>" (damage "0")
L 01/03/2025 - 19:40:06: [playercommands.smx] "Hamayumi aka:ALGA<2><[U:1:1104371193]><>" slapped "Fanatic of the empire<5><[U:1:992139350]><>" (damage "0")
L 01/03/2025 - 19:40:13: [playercommands.smx] "Hamayumi aka:ALGA<2><[U:1:1104371193]><>" slapped "Fanatic of the empire<5><[U:1:992139350]><>" (damage "0")
L 01/03/2025 - 19:40:17: [playercommands.smx] "Hamayumi aka:ALGA<2><[U:1:1104371193]><>" slapped "Fanatic of the empire<5><[U:1:992139350]><>" (damage "0")
L 01/03/2025 - 19:40:17: [playercommands.smx] "Hamayumi aka:ALGA<2><[U:1:1104371193]><>" slapped "Fanatic of the empire<5><[U:1:992139350]><>" (damage "0")
L 01/03/2025 - 19:40:18: [playercommands.smx] "Hamayumi aka:ALGA<2><[U:1:1104371193]><>" slapped "Fanatic of the empire<5><[U:1:992139350]><>" (damage "0")
L 01/03/2025 - 19:40:18: [playercommands.smx] "Hamayumi aka:ALGA<2><[U:1:1104371193]><>" slapped "Fanatic of the empire<5><[U:1:992139350]><>" (damage "0")
L 01/03/2025 - 19:40:18: [playercommands.smx] "Hamayumi aka:ALGA<2><[U:1:1104371193]><>" slapped "Fanatic of the empire<5><[U:1:992139350]><>" (damage "0")
L 01/03/2025 - 19:40:18: [playercommands.smx] "Hamayumi aka:ALGA<2><[U:1:1104371193]><>" slapped "Fanatic of the empire<5><[U:1:992139350]><>" (damage "0")
L 01/03/2025 - 19:40:18: [playercommands.smx] "Hamayumi aka:ALGA<2><[U:1:1104371193]><>" slapped "Fanatic of the empire<5><[U:1:992139350]><>" (damage "0")
L 01/03/2025 - 19:40:19: [playercommands.smx] "Hamayumi aka:ALGA<2><[U:1:1104371193]><>" slapped "Fanatic of the empire<5><[U:1:992139350]><>" (damage "0")
L 01/03/2025 - 19:40:19: [playercommands.smx] "Hamayumi aka:ALGA<2><[U:1:1104371193]><>" slapped "Fanatic of the empire<5><[U:1:992139350]><>" (damage "0")
L 01/03/2025 - 19:40:19: [playercommands.smx] "Hamayumi aka:ALGA<2><[U:1:1104371193]><>" slapped "Fanatic of the empire<5><[U:1:992139350]><>" (damage "0")
L 01/03/2025 - 19:40:19: [playercommands.smx] "Hamayumi aka:ALGA<2><[U:1:1104371193]><>" slapped "Fanatic of the empire<5><[U:1:992139350]><>" (damage "0")
L 01/03/2025 - 19:40:19: [playercommands.smx] "Hamayumi aka:ALGA<2><[U:1:1104371193]><>" slapped "Fanatic of the empire<5><[U:1:992139350]><>" (damage "0")
L 01/03/2025 - 19:40:20: [playercommands.smx] "Hamayumi aka:ALGA<2><[U:1:1104371193]><>" slapped "Fanatic of the empire<5><[U:1:992139350]><>" (damage "0")
L 01/03/2025 - 19:40:20: [playercommands.smx] "Hamayumi aka:ALGA<2><[U:1:1104371193]><>" slapped "Fanatic of the empire<5><[U:1:992139350]><>" (damage "0")
L 01/03/2025 - 19:40:20: [playercommands.smx] "Hamayumi aka:ALGA<2><[U:1:1104371193]><>" slapped "Fanatic of the empire<5><[U:1:992139350]><>" (damage "0")
L 01/03/2025 - 19:40:20: [playercommands.smx] "Hamayumi aka:ALGA<2><[U:1:1104371193]><>" slapped "Fanatic of the empire<5><[U:1:992139350]><>" (damage "0")
L 01/03/2025 - 19:40:20: [playercommands.smx] "Hamayumi aka:ALGA<2><[U:1:1104371193]><>" slapped "Fanatic of the empire<5><[U:1:992139350]><>" (damage "0")
L 01/03/2025 - 19:40:20: [playercommands.smx] "Hamayumi aka:ALGA<2><[U:1:1104371193]><>" slapped "Fanatic of the empire<5><[U:1:992139350]><>" (damage "0")
L 01/03/2025 - 19:42:19: Log file closed.
L 01/03/2025 - 19:42:27: SourceMod log file session started (file "C:\Users\RobotComp.ru\Desktop\server\tf2\tf\addons\sourcemod\logs\L20250103.log") (Version "1.12.0.7176")
L 01/03/2025 - 19:42:27: [TF2ITEMS] "GiveNamedItem" offset = 486
L 01/03/2025 - 19:42:27: [vip-system.smx] [VIP] Configuration file loaded correctly! 3 commands are available.
L 01/03/2025 - 19:42:32: [vip-system.smx] [VIP] Configuration file loaded correctly! 3 commands are available.
L 01/03/2025 - 20:31:52: SourceMod log file session started (file "C:\Users\RobotComp.ru\Desktop\server\tf2\tf\addons\sourcemod\logs\L20250103.log") (Version "1.12.0.7176")
L 01/03/2025 - 20:31:52: [TF2ITEMS] "GiveNamedItem" offset = 486
L 01/03/2025 - 20:31:52: [vip-system.smx] [VIP] Configuration file loaded correctly! 3 commands are available.
L 01/03/2025 - 20:31:57: [vip-system.smx] [VIP] Configuration file loaded correctly! 3 commands are available.
L 01/03/2025 - 20:33:32: SourceMod log file session started (file "C:\Users\RobotComp.ru\Desktop\server\tf2\tf\addons\sourcemod\logs\L20250103.log") (Version "1.12.0.7176")
L 01/03/2025 - 20:33:32: [TF2ITEMS] "GiveNamedItem" offset = 486
L 01/03/2025 - 20:33:33: [vip-system.smx] [VIP] Configuration file loaded correctly! 3 commands are available.
L 01/03/2025 - 20:33:37: [vip-system.smx] [VIP] Configuration file loaded correctly! 3 commands are available.
L 01/03/2025 - 20:34:36: SourceMod log file session started (file "C:\Users\RobotComp.ru\Desktop\server\tf2\tf\addons\sourcemod\logs\L20250103.log") (Version "1.12.0.7176")
L 01/03/2025 - 20:34:36: [TF2ITEMS] "GiveNamedItem" offset = 486
L 01/03/2025 - 20:34:36: [vip-system.smx] [VIP] Configuration file loaded correctly! 3 commands are available.
L 01/03/2025 - 20:34:40: [vip-system.smx] [VIP] Configuration file loaded correctly! 3 commands are available.
L 01/03/2025 - 21:10:22: SourceMod log file session started (file "C:\Users\RobotComp.ru\Desktop\server\tf2\tf\addons\sourcemod\logs\L20250103.log") (Version "1.12.0.7176")
L 01/03/2025 - 21:10:22: [TF2ITEMS] "GiveNamedItem" offset = 486
L 01/03/2025 - 21:10:22: [vip-system.smx] [VIP] Configuration file loaded correctly! 3 commands are available.
L 01/03/2025 - 21:10:27: [vip-system.smx] [VIP] Configuration file loaded correctly! 3 commands are available.
L 01/03/2025 - 21:24:05: SourceMod log file session started (file "C:\Users\RobotComp.ru\Desktop\server\tf2\tf\addons\sourcemod\logs\L20250103.log") (Version "1.12.0.7176")
L 01/03/2025 - 21:24:05: [TF2ITEMS] "GiveNamedItem" offset = 486
L 01/03/2025 - 21:24:05: [vip-system.smx] [VIP] Configuration file loaded correctly! 3 commands are available.
L 01/03/2025 - 21:24:10: [vip-system.smx] [VIP] Configuration file loaded correctly! 3 commands are available.
L 01/03/2025 - 21:25:25: SourceMod log file session started (file "C:\Users\RobotComp.ru\Desktop\server\tf2\tf\addons\sourcemod\logs\L20250103.log") (Version "1.12.0.7176")
L 01/03/2025 - 21:25:25: [TF2ITEMS] "GiveNamedItem" offset = 486
L 01/03/2025 - 21:25:25: [vip-system.smx] [VIP] Configuration file loaded correctly! 3 commands are available.
L 01/03/2025 - 21:25:29: [vip-system.smx] [VIP] Configuration file loaded correctly! 3 commands are available.
L 01/03/2025 - 21:27:27: SourceMod log file session started (file "C:\Users\RobotComp.ru\Desktop\server\tf2\tf\addons\sourcemod\logs\L20250103.log") (Version "1.12.0.7176")
L 01/03/2025 - 21:27:27: [TF2ITEMS] "GiveNamedItem" offset = 486
L 01/03/2025 - 21:27:28: [vip-system.smx] [VIP] Configuration file loaded correctly! 3 commands are available.
L 01/03/2025 - 21:27:32: [vip-system.smx] [VIP] Configuration file loaded correctly! 3 commands are available.
L 01/03/2025 - 21:28:52: SourceMod log file session started (file "C:\Users\RobotComp.ru\Desktop\server\tf2\tf\addons\sourcemod\logs\L20250103.log") (Version "1.12.0.7176")
L 01/03/2025 - 21:28:52: [TF2ITEMS] "GiveNamedItem" offset = 486
L 01/03/2025 - 21:28:53: [vip-system.smx] [VIP] Configuration file loaded correctly! 3 commands are available.
L 01/03/2025 - 21:28:57: [vip-system.smx] [VIP] Configuration file loaded correctly! 3 commands are available.
L 01/03/2025 - 21:30:13: SourceMod log file session started (file "C:\Users\RobotComp.ru\Desktop\server\tf2\tf\addons\sourcemod\logs\L20250103.log") (Version "1.12.0.7176")
L 01/03/2025 - 21:30:13: [TF2ITEMS] "GiveNamedItem" offset = 486
L 01/03/2025 - 21:30:13: [vip-system.smx] [VIP] Configuration file loaded correctly! 3 commands are available.
L 01/03/2025 - 21:30:18: [vip-system.smx] [VIP] Configuration file loaded correctly! 3 commands are available.
L 01/03/2025 - 21:32:46: SourceMod log file session started (file "C:\Users\RobotComp.ru\Desktop\server\tf2\tf\addons\sourcemod\logs\L20250103.log") (Version "1.12.0.7176")
L 01/03/2025 - 21:32:46: [TF2ITEMS] "GiveNamedItem" offset = 486
L 01/03/2025 - 21:32:47: [vip-system.smx] [VIP] Configuration file loaded correctly! 3 commands are available.
L 01/03/2025 - 21:32:51: [vip-system.smx] [VIP] Configuration file loaded correctly! 3 commands are available.
L 01/03/2025 - 21:34:08: SourceMod log file session started (file "C:\Users\RobotComp.ru\Desktop\server\tf2\tf\addons\sourcemod\logs\L20250103.log") (Version "1.12.0.7176")
L 01/03/2025 - 21:34:08: [TF2ITEMS] "GiveNamedItem" offset = 486
L 01/03/2025 - 21:34:09: [vip-system.smx] [VIP] Configuration file loaded correctly! 3 commands are available.
L 01/03/2025 - 21:34:13: [vip-system.smx] [VIP] Configuration file loaded correctly! 3 commands are available.
L 01/03/2025 - 21:35:27: SourceMod log file session started (file "C:\Users\RobotComp.ru\Desktop\server\tf2\tf\addons\sourcemod\logs\L20250103.log") (Version "1.12.0.7176")
L 01/03/2025 - 21:35:27: [TF2ITEMS] "GiveNamedItem" offset = 486
L 01/03/2025 - 21:35:27: [vip-system.smx] [VIP] Configuration file loaded correctly! 3 commands are available.
L 01/03/2025 - 21:35:31: [vip-system.smx] [VIP] Configuration file loaded correctly! 3 commands are available.
L 01/03/2025 - 21:37:12: SourceMod log file session started (file "C:\Users\RobotComp.ru\Desktop\server\tf2\tf\addons\sourcemod\logs\L20250103.log") (Version "1.12.0.7176")
L 01/03/2025 - 21:37:12: [TF2ITEMS] "GiveNamedItem" offset = 486
L 01/03/2025 - 21:37:12: [vip-system.smx] [VIP] Configuration file loaded correctly! 3 commands are available.
L 01/03/2025 - 21:37:16: [vip-system.smx] [VIP] Configuration file loaded correctly! 3 commands are available.
L 01/03/2025 - 21:40:31: SourceMod log file session started (file "C:\Users\RobotComp.ru\Desktop\server\tf2\tf\addons\sourcemod\logs\L20250103.log") (Version "1.12.0.7176")
L 01/03/2025 - 21:40:31: [TF2ITEMS] "GiveNamedItem" offset = 486
L 01/03/2025 - 21:40:31: [vip-system.smx] [VIP] Configuration file loaded correctly! 3 commands are available.
L 01/03/2025 - 21:40:35: [vip-system.smx] [VIP] Configuration file loaded correctly! 3 commands are available.
L 01/03/2025 - 21:41:28: SourceMod log file session started (file "C:\Users\RobotComp.ru\Desktop\server\tf2\tf\addons\sourcemod\logs\L20250103.log") (Version "1.12.0.7176")
L 01/03/2025 - 21:41:28: [TF2ITEMS] "GiveNamedItem" offset = 486
L 01/03/2025 - 21:41:28: [vip-system.smx] [VIP] Configuration file loaded correctly! 3 commands are available.
L 01/03/2025 - 21:41:33: [vip-system.smx] [VIP] Configuration file loaded correctly! 3 commands are available.
L 01/03/2025 - 21:46:30: SourceMod log file session started (file "C:\Users\RobotComp.ru\Desktop\server\tf2\tf\addons\sourcemod\logs\L20250103.log") (Version "1.12.0.7176")
L 01/03/2025 - 21:46:30: [TF2ITEMS] "GiveNamedItem" offset = 486
L 01/03/2025 - 21:46:30: [vip-system.smx] [VIP] Configuration file loaded correctly! 3 commands are available.
L 01/03/2025 - 21:46:35: [vip-system.smx] [VIP] Configuration file loaded correctly! 3 commands are available.
L 01/03/2025 - 21:47:25: SourceMod log file session started (file "C:\Users\RobotComp.ru\Desktop\server\tf2\tf\addons\sourcemod\logs\L20250103.log") (Version "1.12.0.7176")
L 01/03/2025 - 21:47:25: [TF2ITEMS] "GiveNamedItem" offset = 486
L 01/03/2025 - 21:47:26: [vip-system.smx] [VIP] Configuration file loaded correctly! 3 commands are available.
L 01/03/2025 - 21:47:30: [vip-system.smx] [VIP] Configuration file loaded correctly! 3 commands are available.
L 01/03/2025 - 21:48:03: SourceMod log file session started (file "C:\Users\RobotComp.ru\Desktop\server\tf2\tf\addons\sourcemod\logs\L20250103.log") (Version "1.12.0.7176")
L 01/03/2025 - 21:48:03: [TF2ITEMS] "GiveNamedItem" offset = 486
L 01/03/2025 - 21:48:03: [vip-system.smx] [VIP] Configuration file loaded correctly! 3 commands are available.
L 01/03/2025 - 21:48:08: [vip-system.smx] [VIP] Configuration file loaded correctly! 3 commands are available.
L 01/03/2025 - 21:48:25: SourceMod log file session started (file "C:\Users\RobotComp.ru\Desktop\server\tf2\tf\addons\sourcemod\logs\L20250103.log") (Version "1.12.0.7176")
L 01/03/2025 - 21:48:25: [TF2ITEMS] "GiveNamedItem" offset = 486
L 01/03/2025 - 21:48:25: [vip-system.smx] [VIP] Configuration file loaded correctly! 3 commands are available.
L 01/03/2025 - 21:48:29: [vip-system.smx] [VIP] Configuration file loaded correctly! 3 commands are available.
L 01/03/2025 - 21:48:48: SourceMod log file session started (file "C:\Users\RobotComp.ru\Desktop\server\tf2\tf\addons\sourcemod\logs\L20250103.log") (Version "1.12.0.7176")
L 01/03/2025 - 21:48:48: [TF2ITEMS] "GiveNamedItem" offset = 486
L 01/03/2025 - 21:48:48: [vip-system.smx] [VIP] Configuration file loaded correctly! 3 commands are available.
L 01/03/2025 - 21:48:53: [vip-system.smx] [VIP] Configuration file loaded correctly! 3 commands are available.
L 01/03/2025 - 21:49:40: SourceMod log file session started (file "C:\Users\RobotComp.ru\Desktop\server\tf2\tf\addons\sourcemod\logs\L20250103.log") (Version "1.12.0.7176")
L 01/03/2025 - 21:49:40: [TF2ITEMS] "GiveNamedItem" offset = 486
L 01/03/2025 - 21:49:40: [vip-system.smx] [VIP] Configuration file loaded correctly! 3 commands are available.
L 01/03/2025 - 21:49:45: [vip-system.smx] [VIP] Configuration file loaded correctly! 3 commands are available.
L 01/03/2025 - 21:51:02: SourceMod log file session started (file "C:\Users\RobotComp.ru\Desktop\server\tf2\tf\addons\sourcemod\logs\L20250103.log") (Version "1.12.0.7176")
L 01/03/2025 - 21:51:02: [TF2ITEMS] "GiveNamedItem" offset = 486
L 01/03/2025 - 21:51:02: [vip-system.smx] [VIP] Configuration file loaded correctly! 3 commands are available.
L 01/03/2025 - 21:51:07: [vip-system.smx] [VIP] Configuration file loaded correctly! 3 commands are available.
L 01/03/2025 - 21:54:19: SourceMod log file session started (file "C:\Users\RobotComp.ru\Desktop\server\tf2\tf\addons\sourcemod\logs\L20250103.log") (Version "1.12.0.7176")
L 01/03/2025 - 21:54:19: [TF2ITEMS] "GiveNamedItem" offset = 486
L 01/03/2025 - 21:54:20: [vip-system.smx] [VIP] Configuration file loaded correctly! 3 commands are available.
L 01/03/2025 - 21:54:24: [vip-system.smx] [VIP] Configuration file loaded correctly! 3 commands are available.
L 01/03/2025 - 22:18:07: SourceMod log file session started (file "C:\Users\RobotComp.ru\Desktop\server\tf2\tf\addons\sourcemod\logs\L20250103.log") (Version "1.12.0.7176")
L 01/03/2025 - 22:18:07: [TF2ITEMS] "GiveNamedItem" offset = 486
L 01/03/2025 - 22:18:07: [vip-system.smx] [VIP] Configuration file loaded correctly! 3 commands are available.
L 01/03/2025 - 22:18:12: [vip-system.smx] [VIP] Configuration file loaded correctly! 3 commands are available.
L 01/03/2025 - 22:18:39: SourceMod log file session started (file "C:\Users\RobotComp.ru\Desktop\server\tf2\tf\addons\sourcemod\logs\L20250103.log") (Version "1.12.0.7176")
L 01/03/2025 - 22:18:39: [TF2ITEMS] "GiveNamedItem" offset = 486
L 01/03/2025 - 22:18:39: [vip-system.smx] [VIP] Configuration file loaded correctly! 3 commands are available.
L 01/03/2025 - 22:18:44: [vip-system.smx] [VIP] Configuration file loaded correctly! 3 commands are available.
L 01/03/2025 - 22:19:19: SourceMod log file session started (file "C:\Users\RobotComp.ru\Desktop\server\tf2\tf\addons\sourcemod\logs\L20250103.log") (Version "1.12.0.7176")
L 01/03/2025 - 22:19:19: [TF2ITEMS] "GiveNamedItem" offset = 486
L 01/03/2025 - 22:19:20: [vip-system.smx] [VIP] Configuration file loaded correctly! 3 commands are available.
L 01/03/2025 - 22:19:24: [vip-system.smx] [VIP] Configuration file loaded correctly! 3 commands are available.
L 01/03/2025 - 22:20:30: SourceMod log file session started (file "C:\Users\RobotComp.ru\Desktop\server\tf2\tf\addons\sourcemod\logs\L20250103.log") (Version "1.12.0.7176")
L 01/03/2025 - 22:20:30: [TF2ITEMS] "GiveNamedItem" offset = 486
L 01/03/2025 - 22:20:30: [vip-system.smx] [VIP] Configuration file loaded correctly! 3 commands are available.
L 01/03/2025 - 22:20:35: [vip-system.smx] [VIP] Configuration file loaded correctly! 3 commands are available.
L 01/03/2025 - 22:23:33: SourceMod log file session started (file "C:\Users\RobotComp.ru\Desktop\server\tf2\tf\addons\sourcemod\logs\L20250103.log") (Version "1.12.0.7176")
L 01/03/2025 - 22:23:33: [TF2ITEMS] "GiveNamedItem" offset = 486
L 01/03/2025 - 22:23:33: [vip-system.smx] [VIP] Configuration file loaded correctly! 3 commands are available.
L 01/03/2025 - 22:23:38: [vip-system.smx] [VIP] Configuration file loaded correctly! 3 commands are available.
L 01/03/2025 - 22:24:15: SourceMod log file session started (file "C:\Users\RobotComp.ru\Desktop\server\tf2\tf\addons\sourcemod\logs\L20250103.log") (Version "1.12.0.7176")
L 01/03/2025 - 22:24:15: [TF2ITEMS] "GiveNamedItem" offset = 486
L 01/03/2025 - 22:24:16: [vip-system.smx] [VIP] Configuration file loaded correctly! 3 commands are available.
L 01/03/2025 - 22:24:20: [vip-system.smx] [VIP] Configuration file loaded correctly! 3 commands are available.
L 01/03/2025 - 22:29:03: SourceMod log file session started (file "C:\Users\RobotComp.ru\Desktop\server\tf2\tf\addons\sourcemod\logs\L20250103.log") (Version "1.12.0.7176")
L 01/03/2025 - 22:29:03: [TF2ITEMS] "GiveNamedItem" offset = 486
L 01/03/2025 - 22:29:03: [vip-system.smx] [VIP] Configuration file loaded correctly! 3 commands are available.
L 01/03/2025 - 22:29:08: [vip-system.smx] [VIP] Configuration file loaded correctly! 3 commands are available.
L 01/03/2025 - 22:30:46: SourceMod log file session started (file "C:\Users\RobotComp.ru\Desktop\server\tf2\tf\addons\sourcemod\logs\L20250103.log") (Version "1.12.0.7176")
L 01/03/2025 - 22:30:46: [TF2ITEMS] "GiveNamedItem" offset = 486
L 01/03/2025 - 22:30:46: [vip-system.smx] [VIP] Configuration file loaded correctly! 3 commands are available.
L 01/03/2025 - 22:30:51: [vip-system.smx] [VIP] Configuration file loaded correctly! 3 commands are available.
L 01/03/2025 - 22:34:20: SourceMod log file session started (file "C:\Users\RobotComp.ru\Desktop\server\tf2\tf\addons\sourcemod\logs\L20250103.log") (Version "1.12.0.7176")
L 01/03/2025 - 22:34:20: [TF2ITEMS] "GiveNamedItem" offset = 486
L 01/03/2025 - 22:34:20: [vip-system.smx] [VIP] Configuration file loaded correctly! 3 commands are available.
L 01/03/2025 - 22:34:25: [vip-system.smx] [VIP] Configuration file loaded correctly! 3 commands are available.
L 01/03/2025 - 22:39:23: SourceMod log file session started (file "C:\Users\RobotComp.ru\Desktop\server\tf2\tf\addons\sourcemod\logs\L20250103.log") (Version "1.12.0.7176")
L 01/03/2025 - 22:39:23: [TF2ITEMS] "GiveNamedItem" offset = 486
L 01/03/2025 - 22:39:31: [vip-system.smx] [VIP] Configuration file loaded correctly! 3 commands are available.
L 01/03/2025 - 22:39:36: [vip-system.smx] [VIP] Configuration file loaded correctly! 3 commands are available.
