L 01/05/2025 - 16:48:54: SourceMod log file session started (file "C:\Users\RobotComp.ru\Desktop\server\tf2\tf\addons\sourcemod\logs\L20250105.log") (Version "1.12.0.7176")
L 01/05/2025 - 16:48:54: [TF2ITEMS] "GiveNamedItem" offset = 486
L 01/05/2025 - 16:49:00: [vip-system.smx] [VIP] Configuration file loaded correctly! 3 commands are available.
L 01/05/2025 - 16:49:06: [vip-system.smx] [VIP] Configuration file loaded correctly! 3 commands are available.
L 01/05/2025 - 16:51:45: SourceMod log file session started (file "C:\Users\RobotComp.ru\Desktop\server\tf2\tf\addons\sourcemod\logs\L20250105.log") (Version "1.12.0.7176")
L 01/05/2025 - 16:51:45: [TF2ITEMS] "GiveNamedItem" offset = 486
L 01/05/2025 - 16:51:45: [vip-system.smx] [VIP] Configuration file loaded correctly! 3 commands are available.
L 01/05/2025 - 16:51:50: [vip-system.smx] [VIP] Configuration file loaded correctly! 3 commands are available.
L 01/05/2025 - 16:56:48: SourceMod log file session started (file "C:\Users\RobotComp.ru\Desktop\server\tf2\tf\addons\sourcemod\logs\L20250105.log") (Version "1.12.0.7176")
L 01/05/2025 - 16:56:48: [TF2ITEMS] "GiveNamedItem" offset = 486
L 01/05/2025 - 16:56:48: [vip-system.smx] [VIP] Configuration file loaded correctly! 3 commands are available.
L 01/05/2025 - 16:56:53: [vip-system.smx] [VIP] Configuration file loaded correctly! 3 commands are available.
L 01/05/2025 - 16:57:41: SourceMod log file session started (file "C:\Users\RobotComp.ru\Desktop\server\tf2\tf\addons\sourcemod\logs\L20250105.log") (Version "1.12.0.7176")
L 01/05/2025 - 16:57:41: [TF2ITEMS] "GiveNamedItem" offset = 486
L 01/05/2025 - 16:57:41: [vip-system.smx] [VIP] Configuration file loaded correctly! 3 commands are available.
L 01/05/2025 - 16:57:46: [vip-system.smx] [VIP] Configuration file loaded correctly! 3 commands are available.
L 01/05/2025 - 16:59:30: SourceMod log file session started (file "C:\Users\RobotComp.ru\Desktop\server\tf2\tf\addons\sourcemod\logs\L20250105.log") (Version "1.12.0.7176")
L 01/05/2025 - 16:59:30: [TF2ITEMS] "GiveNamedItem" offset = 486
L 01/05/2025 - 16:59:30: [vip-system.smx] [VIP] Configuration file loaded correctly! 3 commands are available.
L 01/05/2025 - 16:59:35: [vip-system.smx] [VIP] Configuration file loaded correctly! 3 commands are available.
L 01/05/2025 - 17:02:11: Log file closed.
L 01/05/2025 - 17:02:17: SourceMod log file session started (file "C:\Users\RobotComp.ru\Desktop\server\tf2\tf\addons\sourcemod\logs\L20250105.log") (Version "1.12.0.7176")
L 01/05/2025 - 17:02:17: [TF2ITEMS] "GiveNamedItem" offset = 486
L 01/05/2025 - 17:02:17: [vip-system.smx] [VIP] Configuration file loaded correctly! 3 commands are available.
L 01/05/2025 - 17:02:22: [vip-system.smx] [VIP] Configuration file loaded correctly! 3 commands are available.
L 01/05/2025 - 17:02:47: SourceMod log file session started (file "C:\Users\RobotComp.ru\Desktop\server\tf2\tf\addons\sourcemod\logs\L20250105.log") (Version "1.12.0.7176")
L 01/05/2025 - 17:02:47: [TF2ITEMS] "GiveNamedItem" offset = 486
L 01/05/2025 - 17:02:47: [vip-system.smx] [VIP] Configuration file loaded correctly! 3 commands are available.
L 01/05/2025 - 17:02:52: [vip-system.smx] [VIP] Configuration file loaded correctly! 3 commands are available.
L 01/05/2025 - 17:11:58: SourceMod log file session started (file "C:\Users\RobotComp.ru\Desktop\server\tf2\tf\addons\sourcemod\logs\L20250105.log") (Version "1.12.0.7176")
L 01/05/2025 - 17:11:58: [TF2ITEMS] "GiveNamedItem" offset = 486
L 01/05/2025 - 17:11:58: [vip-system.smx] [VIP] Configuration file loaded correctly! 3 commands are available.
L 01/05/2025 - 17:12:03: [vip-system.smx] [VIP] Configuration file loaded correctly! 3 commands are available.
L 01/05/2025 - 17:12:26: SourceMod log file session started (file "C:\Users\RobotComp.ru\Desktop\server\tf2\tf\addons\sourcemod\logs\L20250105.log") (Version "1.12.0.7176")
L 01/05/2025 - 17:12:26: [TF2ITEMS] "GiveNamedItem" offset = 486
L 01/05/2025 - 17:12:26: [vip-system.smx] [VIP] Configuration file loaded correctly! 3 commands are available.
L 01/05/2025 - 17:12:31: [vip-system.smx] [VIP] Configuration file loaded correctly! 3 commands are available.
L 01/05/2025 - 17:13:01: SourceMod log file session started (file "C:\Users\RobotComp.ru\Desktop\server\tf2\tf\addons\sourcemod\logs\L20250105.log") (Version "1.12.0.7176")
L 01/05/2025 - 17:13:01: [TF2ITEMS] "GiveNamedItem" offset = 486
L 01/05/2025 - 17:13:02: [vip-system.smx] [VIP] Configuration file loaded correctly! 3 commands are available.
L 01/05/2025 - 17:13:07: [vip-system.smx] [VIP] Configuration file loaded correctly! 3 commands are available.
L 01/05/2025 - 17:13:28: SourceMod log file session started (file "C:\Users\RobotComp.ru\Desktop\server\tf2\tf\addons\sourcemod\logs\L20250105.log") (Version "1.12.0.7176")
L 01/05/2025 - 17:13:28: [TF2ITEMS] "GiveNamedItem" offset = 486
L 01/05/2025 - 17:13:28: [vip-system.smx] [VIP] Configuration file loaded correctly! 3 commands are available.
L 01/05/2025 - 17:13:33: [vip-system.smx] [VIP] Configuration file loaded correctly! 3 commands are available.
L 01/05/2025 - 17:13:57: SourceMod log file session started (file "C:\Users\RobotComp.ru\Desktop\server\tf2\tf\addons\sourcemod\logs\L20250105.log") (Version "1.12.0.7176")
L 01/05/2025 - 17:13:57: [TF2ITEMS] "GiveNamedItem" offset = 486
L 01/05/2025 - 17:13:57: [vip-system.smx] [VIP] Configuration file loaded correctly! 3 commands are available.
L 01/05/2025 - 17:14:02: [vip-system.smx] [VIP] Configuration file loaded correctly! 3 commands are available.
L 01/05/2025 - 17:14:36: SourceMod log file session started (file "C:\Users\RobotComp.ru\Desktop\server\tf2\tf\addons\sourcemod\logs\L20250105.log") (Version "1.12.0.7176")
L 01/05/2025 - 17:14:36: [TF2ITEMS] "GiveNamedItem" offset = 486
L 01/05/2025 - 17:14:37: [vip-system.smx] [VIP] Configuration file loaded correctly! 3 commands are available.
L 01/05/2025 - 17:14:41: [vip-system.smx] [VIP] Configuration file loaded correctly! 3 commands are available.
L 01/05/2025 - 17:16:17: SourceMod log file session started (file "C:\Users\RobotComp.ru\Desktop\server\tf2\tf\addons\sourcemod\logs\L20250105.log") (Version "1.12.0.7176")
L 01/05/2025 - 17:16:17: [TF2ITEMS] "GiveNamedItem" offset = 486
L 01/05/2025 - 17:16:18: [vip-system.smx] [VIP] Configuration file loaded correctly! 3 commands are available.
L 01/05/2025 - 17:16:25: [vip-system.smx] [VIP] Configuration file loaded correctly! 3 commands are available.
L 01/05/2025 - 17:19:46: SourceMod log file session started (file "C:\Users\RobotComp.ru\Desktop\server\tf2\tf\addons\sourcemod\logs\L20250105.log") (Version "1.12.0.7176")
L 01/05/2025 - 17:19:46: [TF2ITEMS] "GiveNamedItem" offset = 486
L 01/05/2025 - 17:19:46: [vip-system.smx] [VIP] Configuration file loaded correctly! 3 commands are available.
L 01/05/2025 - 17:19:51: [vip-system.smx] [VIP] Configuration file loaded correctly! 3 commands are available.
L 01/05/2025 - 17:20:00: SourceMod log file session started (file "C:\Users\RobotComp.ru\Desktop\server\tf2\tf\addons\sourcemod\logs\L20250105.log") (Version "1.12.0.7176")
L 01/05/2025 - 17:20:00: [TF2ITEMS] "GiveNamedItem" offset = 486
L 01/05/2025 - 17:20:00: [vip-system.smx] [VIP] Configuration file loaded correctly! 3 commands are available.
L 01/05/2025 - 17:20:05: [vip-system.smx] [VIP] Configuration file loaded correctly! 3 commands are available.
L 01/05/2025 - 17:24:09: SourceMod log file session started (file "C:\Users\RobotComp.ru\Desktop\server\tf2\tf\addons\sourcemod\logs\L20250105.log") (Version "1.12.0.7176")
L 01/05/2025 - 17:24:09: [TF2ITEMS] "GiveNamedItem" offset = 486
L 01/05/2025 - 17:24:09: [vip-system.smx] [VIP] Configuration file loaded correctly! 3 commands are available.
L 01/05/2025 - 17:24:14: [vip-system.smx] [VIP] Configuration file loaded correctly! 3 commands are available.
L 01/05/2025 - 17:25:46: SourceMod log file session started (file "C:\Users\RobotComp.ru\Desktop\server\tf2\tf\addons\sourcemod\logs\L20250105.log") (Version "1.12.0.7176")
L 01/05/2025 - 17:25:46: [TF2ITEMS] "GiveNamedItem" offset = 486
L 01/05/2025 - 17:25:46: [vip-system.smx] [VIP] Configuration file loaded correctly! 3 commands are available.
L 01/05/2025 - 17:25:51: [vip-system.smx] [VIP] Configuration file loaded correctly! 3 commands are available.
L 01/05/2025 - 17:30:07: SourceMod log file session started (file "C:\Users\RobotComp.ru\Desktop\server\tf2\tf\addons\sourcemod\logs\L20250105.log") (Version "1.12.0.7176")
L 01/05/2025 - 17:30:07: [TF2ITEMS] "GiveNamedItem" offset = 486
L 01/05/2025 - 17:30:08: [vip-system.smx] [VIP] Configuration file loaded correctly! 3 commands are available.
L 01/05/2025 - 17:30:12: [vip-system.smx] [VIP] Configuration file loaded correctly! 3 commands are available.
L 01/05/2025 - 17:32:36: SourceMod log file session started (file "C:\Users\RobotComp.ru\Desktop\server\tf2\tf\addons\sourcemod\logs\L20250105.log") (Version "1.12.0.7176")
L 01/05/2025 - 17:32:36: [TF2ITEMS] "GiveNamedItem" offset = 486
L 01/05/2025 - 17:32:36: [vip-system.smx] [VIP] Configuration file loaded correctly! 3 commands are available.
L 01/05/2025 - 17:32:40: [vip-system.smx] [VIP] Configuration file loaded correctly! 3 commands are available.
L 01/05/2025 - 17:35:02: SourceMod log file session started (file "C:\Users\RobotComp.ru\Desktop\server\tf2\tf\addons\sourcemod\logs\L20250105.log") (Version "1.12.0.7176")
L 01/05/2025 - 17:35:02: [TF2ITEMS] "GiveNamedItem" offset = 486
L 01/05/2025 - 17:35:02: [vip-system.smx] [VIP] Configuration file loaded correctly! 3 commands are available.
L 01/05/2025 - 17:35:07: [vip-system.smx] [VIP] Configuration file loaded correctly! 3 commands are available.
L 01/05/2025 - 17:37:00: SourceMod log file session started (file "C:\Users\RobotComp.ru\Desktop\server\tf2\tf\addons\sourcemod\logs\L20250105.log") (Version "1.12.0.7176")
L 01/05/2025 - 17:37:00: [TF2ITEMS] "GiveNamedItem" offset = 486
L 01/05/2025 - 17:37:00: [vip-system.smx] [VIP] Configuration file loaded correctly! 3 commands are available.
L 01/05/2025 - 17:37:05: [vip-system.smx] [VIP] Configuration file loaded correctly! 3 commands are available.
L 01/05/2025 - 17:42:52: SourceMod log file session started (file "C:\Users\RobotComp.ru\Desktop\server\tf2\tf\addons\sourcemod\logs\L20250105.log") (Version "1.12.0.7176")
L 01/05/2025 - 17:42:52: [TF2ITEMS] "GiveNamedItem" offset = 486
L 01/05/2025 - 17:42:52: [vip-system.smx] [VIP] Configuration file loaded correctly! 3 commands are available.
L 01/05/2025 - 17:42:57: [vip-system.smx] [VIP] Configuration file loaded correctly! 3 commands are available.
L 01/05/2025 - 17:43:42: SourceMod log file session started (file "C:\Users\RobotComp.ru\Desktop\server\tf2\tf\addons\sourcemod\logs\L20250105.log") (Version "1.12.0.7176")
L 01/05/2025 - 17:43:42: [TF2ITEMS] "GiveNamedItem" offset = 486
L 01/05/2025 - 17:43:42: [vip-system.smx] [VIP] Configuration file loaded correctly! 3 commands are available.
L 01/05/2025 - 17:43:47: [vip-system.smx] [VIP] Configuration file loaded correctly! 3 commands are available.
L 01/05/2025 - 17:49:11: SourceMod log file session started (file "C:\Users\RobotComp.ru\Desktop\server\tf2\tf\addons\sourcemod\logs\L20250105.log") (Version "1.12.0.7176")
L 01/05/2025 - 17:49:11: [TF2ITEMS] "GiveNamedItem" offset = 486
L 01/05/2025 - 17:49:11: [vip-system.smx] [VIP] Configuration file loaded correctly! 3 commands are available.
L 01/05/2025 - 17:49:15: [vip-system.smx] [VIP] Configuration file loaded correctly! 3 commands are available.
L 01/05/2025 - 17:50:04: SourceMod log file session started (file "C:\Users\RobotComp.ru\Desktop\server\tf2\tf\addons\sourcemod\logs\L20250105.log") (Version "1.12.0.7176")
L 01/05/2025 - 17:50:04: [TF2ITEMS] "GiveNamedItem" offset = 486
L 01/05/2025 - 17:50:05: [vip-system.smx] [VIP] Configuration file loaded correctly! 3 commands are available.
L 01/05/2025 - 17:50:09: [vip-system.smx] [VIP] Configuration file loaded correctly! 3 commands are available.
L 01/05/2025 - 17:51:07: SourceMod log file session started (file "C:\Users\RobotComp.ru\Desktop\server\tf2\tf\addons\sourcemod\logs\L20250105.log") (Version "1.12.0.7176")
L 01/05/2025 - 17:51:07: [TF2ITEMS] "GiveNamedItem" offset = 486
L 01/05/2025 - 17:51:07: [vip-system.smx] [VIP] Configuration file loaded correctly! 3 commands are available.
L 01/05/2025 - 17:51:12: [vip-system.smx] [VIP] Configuration file loaded correctly! 3 commands are available.
L 01/05/2025 - 17:51:52: SourceMod log file session started (file "C:\Users\RobotComp.ru\Desktop\server\tf2\tf\addons\sourcemod\logs\L20250105.log") (Version "1.12.0.7176")
L 01/05/2025 - 17:51:52: [TF2ITEMS] "GiveNamedItem" offset = 486
L 01/05/2025 - 17:51:52: [vip-system.smx] [VIP] Configuration file loaded correctly! 3 commands are available.
L 01/05/2025 - 17:51:57: [vip-system.smx] [VIP] Configuration file loaded correctly! 3 commands are available.
L 01/05/2025 - 17:52:57: SourceMod log file session started (file "C:\Users\RobotComp.ru\Desktop\server\tf2\tf\addons\sourcemod\logs\L20250105.log") (Version "1.12.0.7176")
L 01/05/2025 - 17:52:57: [TF2ITEMS] "GiveNamedItem" offset = 486
L 01/05/2025 - 17:52:57: [vip-system.smx] [VIP] Configuration file loaded correctly! 3 commands are available.
L 01/05/2025 - 17:53:02: [vip-system.smx] [VIP] Configuration file loaded correctly! 3 commands are available.
L 01/05/2025 - 17:53:54: SourceMod log file session started (file "C:\Users\RobotComp.ru\Desktop\server\tf2\tf\addons\sourcemod\logs\L20250105.log") (Version "1.12.0.7176")
L 01/05/2025 - 17:53:54: [TF2ITEMS] "GiveNamedItem" offset = 486
L 01/05/2025 - 17:53:54: [vip-system.smx] [VIP] Configuration file loaded correctly! 3 commands are available.
L 01/05/2025 - 17:53:59: [vip-system.smx] [VIP] Configuration file loaded correctly! 3 commands are available.
L 01/05/2025 - 20:04:22: SourceMod log file session started (file "C:\Users\RobotComp.ru\Desktop\server\tf2\tf\addons\sourcemod\logs\L20250105.log") (Version "1.12.0.7176")
L 01/05/2025 - 20:04:22: [TF2ITEMS] "GiveNamedItem" offset = 486
L 01/05/2025 - 20:04:24: [vip-system.smx] [VIP] Configuration file loaded correctly! 3 commands are available.
L 01/05/2025 - 20:04:29: [vip-system.smx] [VIP] Configuration file loaded correctly! 3 commands are available.
L 01/05/2025 - 20:04:54: SourceMod log file session started (file "C:\Users\RobotComp.ru\Desktop\server\tf2\tf\addons\sourcemod\logs\L20250105.log") (Version "1.12.0.7176")
L 01/05/2025 - 20:04:54: [TF2ITEMS] "GiveNamedItem" offset = 486
L 01/05/2025 - 20:04:55: [vip-system.smx] [VIP] Configuration file loaded correctly! 3 commands are available.
L 01/05/2025 - 20:04:59: [vip-system.smx] [VIP] Configuration file loaded correctly! 3 commands are available.
L 01/05/2025 - 20:07:20: SourceMod log file session started (file "C:\Users\RobotComp.ru\Desktop\server\tf2\tf\addons\sourcemod\logs\L20250105.log") (Version "1.12.0.7176")
L 01/05/2025 - 20:07:20: [TF2ITEMS] "GiveNamedItem" offset = 486
L 01/05/2025 - 20:07:20: [vip-system.smx] [VIP] Configuration file loaded correctly! 3 commands are available.
L 01/05/2025 - 20:07:25: [vip-system.smx] [VIP] Configuration file loaded correctly! 3 commands are available.
L 01/05/2025 - 20:09:10: SourceMod log file session started (file "C:\Users\RobotComp.ru\Desktop\server\tf2\tf\addons\sourcemod\logs\L20250105.log") (Version "1.12.0.7176")
L 01/05/2025 - 20:09:10: [TF2ITEMS] "GiveNamedItem" offset = 486
L 01/05/2025 - 20:09:10: [vip-system.smx] [VIP] Configuration file loaded correctly! 3 commands are available.
L 01/05/2025 - 20:09:15: [vip-system.smx] [VIP] Configuration file loaded correctly! 3 commands are available.
L 01/05/2025 - 20:11:13: SourceMod log file session started (file "C:\Users\RobotComp.ru\Desktop\server\tf2\tf\addons\sourcemod\logs\L20250105.log") (Version "1.12.0.7176")
L 01/05/2025 - 20:11:13: [TF2ITEMS] "GiveNamedItem" offset = 486
L 01/05/2025 - 20:11:13: [vip-system.smx] [VIP] Configuration file loaded correctly! 3 commands are available.
L 01/05/2025 - 20:11:17: [vip-system.smx] [VIP] Configuration file loaded correctly! 3 commands are available.
L 01/05/2025 - 20:14:23: SourceMod log file session started (file "C:\Users\RobotComp.ru\Desktop\server\tf2\tf\addons\sourcemod\logs\L20250105.log") (Version "1.12.0.7176")
L 01/05/2025 - 20:14:23: [TF2ITEMS] "GiveNamedItem" offset = 486
L 01/05/2025 - 20:14:23: [vip-system.smx] [VIP] Configuration file loaded correctly! 3 commands are available.
L 01/05/2025 - 20:14:28: [vip-system.smx] [VIP] Configuration file loaded correctly! 3 commands are available.
L 01/05/2025 - 20:15:48: SourceMod log file session started (file "C:\Users\RobotComp.ru\Desktop\server\tf2\tf\addons\sourcemod\logs\L20250105.log") (Version "1.12.0.7176")
L 01/05/2025 - 20:15:48: [TF2ITEMS] "GiveNamedItem" offset = 486
L 01/05/2025 - 20:15:49: [vip-system.smx] [VIP] Configuration file loaded correctly! 3 commands are available.
L 01/05/2025 - 20:15:53: [vip-system.smx] [VIP] Configuration file loaded correctly! 3 commands are available.
L 01/05/2025 - 20:20:26: SourceMod log file session started (file "C:\Users\RobotComp.ru\Desktop\server\tf2\tf\addons\sourcemod\logs\L20250105.log") (Version "1.12.0.7176")
L 01/05/2025 - 20:20:26: [TF2ITEMS] "GiveNamedItem" offset = 486
L 01/05/2025 - 20:20:26: [vip-system.smx] [VIP] Configuration file loaded correctly! 3 commands are available.
L 01/05/2025 - 20:20:30: [vip-system.smx] [VIP] Configuration file loaded correctly! 3 commands are available.
L 01/05/2025 - 20:21:24: -------- Mapchange to ctf_2fort --------
L 01/05/2025 - 20:21:27: [vip-system.smx] [VIP] Configuration file loaded correctly! 3 commands are available.
L 01/05/2025 - 20:43:43: SourceMod log file session started (file "C:\Users\RobotComp.ru\Desktop\server\tf2\tf\addons\sourcemod\logs\L20250105.log") (Version "1.12.0.7176")
L 01/05/2025 - 20:43:43: [TF2ITEMS] "GiveNamedItem" offset = 486
L 01/05/2025 - 20:43:43: [vip-system.smx] [VIP] Configuration file loaded correctly! 3 commands are available.
L 01/05/2025 - 20:43:48: [vip-system.smx] [VIP] Configuration file loaded correctly! 3 commands are available.
L 01/05/2025 - 20:49:38: Log file closed.
L 01/05/2025 - 20:49:47: SourceMod log file session started (file "C:\Users\RobotComp.ru\Desktop\server\tf2\tf\addons\sourcemod\logs\L20250105.log") (Version "1.12.0.7176")
L 01/05/2025 - 20:49:47: [TF2ITEMS] "GiveNamedItem" offset = 486
L 01/05/2025 - 20:49:47: [vip-system.smx] [VIP] Configuration file loaded correctly! 3 commands are available.
L 01/05/2025 - 20:49:51: [vip-system.smx] [VIP] Configuration file loaded correctly! 3 commands are available.
L 01/05/2025 - 20:51:22: SourceMod log file session started (file "C:\Users\RobotComp.ru\Desktop\server\tf2\tf\addons\sourcemod\logs\L20250105.log") (Version "1.12.0.7176")
L 01/05/2025 - 20:51:22: [TF2ITEMS] "GiveNamedItem" offset = 486
L 01/05/2025 - 20:51:22: [vip-system.smx] [VIP] Configuration file loaded correctly! 3 commands are available.
L 01/05/2025 - 20:51:28: [vip-system.smx] [VIP] Configuration file loaded correctly! 3 commands are available.
L 01/05/2025 - 20:53:13: SourceMod log file session started (file "C:\Users\RobotComp.ru\Desktop\server\tf2\tf\addons\sourcemod\logs\L20250105.log") (Version "1.12.0.7176")
L 01/05/2025 - 20:53:13: [TF2ITEMS] "GiveNamedItem" offset = 486
L 01/05/2025 - 20:53:13: [vip-system.smx] [VIP] Configuration file loaded correctly! 3 commands are available.
L 01/05/2025 - 20:53:18: [vip-system.smx] [VIP] Configuration file loaded correctly! 3 commands are available.
L 01/05/2025 - 20:53:55: SourceMod log file session started (file "C:\Users\RobotComp.ru\Desktop\server\tf2\tf\addons\sourcemod\logs\L20250105.log") (Version "1.12.0.7176")
L 01/05/2025 - 20:53:55: [TF2ITEMS] "GiveNamedItem" offset = 486
L 01/05/2025 - 20:53:56: [vip-system.smx] [VIP] Configuration file loaded correctly! 3 commands are available.
L 01/05/2025 - 20:54:00: [vip-system.smx] [VIP] Configuration file loaded correctly! 3 commands are available.
L 01/05/2025 - 20:54:34: SourceMod log file session started (file "C:\Users\RobotComp.ru\Desktop\server\tf2\tf\addons\sourcemod\logs\L20250105.log") (Version "1.12.0.7176")
L 01/05/2025 - 20:54:34: [TF2ITEMS] "GiveNamedItem" offset = 486
L 01/05/2025 - 20:54:34: [vip-system.smx] [VIP] Configuration file loaded correctly! 3 commands are available.
L 01/05/2025 - 20:54:39: [vip-system.smx] [VIP] Configuration file loaded correctly! 3 commands are available.
L 01/05/2025 - 20:55:05: SourceMod log file session started (file "C:\Users\RobotComp.ru\Desktop\server\tf2\tf\addons\sourcemod\logs\L20250105.log") (Version "1.12.0.7176")
L 01/05/2025 - 20:55:05: [TF2ITEMS] "GiveNamedItem" offset = 486
L 01/05/2025 - 20:55:05: [vip-system.smx] [VIP] Configuration file loaded correctly! 3 commands are available.
L 01/05/2025 - 20:55:10: [vip-system.smx] [VIP] Configuration file loaded correctly! 3 commands are available.
L 01/05/2025 - 20:55:36: SourceMod log file session started (file "C:\Users\RobotComp.ru\Desktop\server\tf2\tf\addons\sourcemod\logs\L20250105.log") (Version "1.12.0.7176")
L 01/05/2025 - 20:55:36: [TF2ITEMS] "GiveNamedItem" offset = 486
L 01/05/2025 - 20:55:36: [vip-system.smx] [VIP] Configuration file loaded correctly! 3 commands are available.
L 01/05/2025 - 20:55:41: [vip-system.smx] [VIP] Configuration file loaded correctly! 3 commands are available.
L 01/05/2025 - 20:56:39: SourceMod log file session started (file "C:\Users\RobotComp.ru\Desktop\server\tf2\tf\addons\sourcemod\logs\L20250105.log") (Version "1.12.0.7176")
L 01/05/2025 - 20:56:39: [TF2ITEMS] "GiveNamedItem" offset = 486
L 01/05/2025 - 20:56:39: [vip-system.smx] [VIP] Configuration file loaded correctly! 3 commands are available.
L 01/05/2025 - 20:56:43: [vip-system.smx] [VIP] Configuration file loaded correctly! 3 commands are available.
L 01/05/2025 - 21:13:38: SourceMod log file session started (file "C:\Users\RobotComp.ru\Desktop\server\tf2\tf\addons\sourcemod\logs\L20250105.log") (Version "1.12.0.7176")
L 01/05/2025 - 21:13:38: [TF2ITEMS] "GiveNamedItem" offset = 486
L 01/05/2025 - 21:13:38: [vip-system.smx] [VIP] Configuration file loaded correctly! 3 commands are available.
L 01/05/2025 - 21:13:43: [vip-system.smx] [VIP] Configuration file loaded correctly! 3 commands are available.
L 01/05/2025 - 21:26:02: SourceMod log file session started (file "C:\Users\RobotComp.ru\Desktop\server\tf2\tf\addons\sourcemod\logs\L20250105.log") (Version "1.12.0.7176")
L 01/05/2025 - 21:26:02: [TF2ITEMS] "GiveNamedItem" offset = 486
L 01/05/2025 - 21:26:02: [vip-system.smx] [VIP] Configuration file loaded correctly! 3 commands are available.
L 01/05/2025 - 21:26:07: [vip-system.smx] [VIP] Configuration file loaded correctly! 3 commands are available.
L 01/05/2025 - 21:34:06: SourceMod log file session started (file "C:\Users\RobotComp.ru\Desktop\server\tf2\tf\addons\sourcemod\logs\L20250105.log") (Version "1.12.0.7176")
L 01/05/2025 - 21:34:06: [TF2ITEMS] "GiveNamedItem" offset = 486
L 01/05/2025 - 21:34:06: [vip-system.smx] [VIP] Configuration file loaded correctly! 3 commands are available.
L 01/05/2025 - 21:34:11: [vip-system.smx] [VIP] Configuration file loaded correctly! 3 commands are available.
L 01/05/2025 - 21:34:32: [nofall.smx] "Hamayumi aka:ALGA<2><[U:1:1104371193]><>" disabled fall damage on himself
L 01/05/2025 - 21:44:28: SourceMod log file session started (file "C:\Users\RobotComp.ru\Desktop\server\tf2\tf\addons\sourcemod\logs\L20250105.log") (Version "1.12.0.7176")
L 01/05/2025 - 21:44:28: [TF2ITEMS] "GiveNamedItem" offset = 486
L 01/05/2025 - 21:44:28: [vip-system.smx] [VIP] Configuration file loaded correctly! 3 commands are available.
L 01/05/2025 - 21:44:33: [vip-system.smx] [VIP] Configuration file loaded correctly! 3 commands are available.
L 01/05/2025 - 21:53:14: SourceMod log file session started (file "C:\Users\RobotComp.ru\Desktop\server\tf2\tf\addons\sourcemod\logs\L20250105.log") (Version "1.12.0.7176")
L 01/05/2025 - 21:53:14: [TF2ITEMS] "GiveNamedItem" offset = 486
L 01/05/2025 - 21:53:14: [vip-system.smx] [VIP] Configuration file loaded correctly! 3 commands are available.
L 01/05/2025 - 21:53:19: [vip-system.smx] [VIP] Configuration file loaded correctly! 3 commands are available.
L 01/05/2025 - 21:53:56: SourceMod log file session started (file "C:\Users\RobotComp.ru\Desktop\server\tf2\tf\addons\sourcemod\logs\L20250105.log") (Version "1.12.0.7176")
L 01/05/2025 - 21:53:56: [TF2ITEMS] "GiveNamedItem" offset = 486
L 01/05/2025 - 21:53:56: [vip-system.smx] [VIP] Configuration file loaded correctly! 3 commands are available.
L 01/05/2025 - 21:54:00: [vip-system.smx] [VIP] Configuration file loaded correctly! 3 commands are available.
L 01/05/2025 - 21:55:36: [nofall.smx] "Hamayumi aka:ALGA<2><[U:1:1104371193]><>" disabled fall damage on himself
